#
# A fatal error has been detected by the Java Runtime Environment:
#
#  SIGSEGV (0xb) at pc=0x00007f4538356c58, pid=15331, tid=139935420888832
#
# JRE version: 6.0_27-b27
# Java VM: OpenJDK 64-Bit Server VM (20.0-b12 mixed mode linux-amd64 compressed oops)
# Derivative: IcedTea6 1.12.3
# Distribution: Ubuntu 12.04 LTS, package 6b27-1.12.3-0ubuntu1~12.04.1
# Problematic frame:
# C  [libX11.so.6+0x33c58]  XQueryExtension+0x28
#
# If you would like to submit a bug report, please include
# instructions how to reproduce the bug and visit:
#   https://bugs.launchpad.net/ubuntu/+source/openjdk-6/
#

---------------  T H R E A D  ---------------

Current thread (0x00007f453c079000):  VMThread [stack: 0x00007f4540fdb000,0x00007f45410dc000] [id=15346]

siginfo:si_signo=SIGSEGV: si_errno=0, si_code=1 (SEGV_MAPERR), si_addr=0xffffffffc40139f8

Registers:
RAX=0x00007f44f40008c0, RBX=0xffffffffc4013090, RCX=0x00007f45410da7f8, RDX=0x00007f45410da7f4
RSP=0x00007f45410da790, RBP=0x00007f452b68c932, RSI=0x00007f452b68c932, RDI=0xffffffffc4013090
R8 =0x00007f45410da7fc, R9 =0x0000000000000000, R10=0x00007f4545526fa8, R11=0x00007f45451a6c80
R12=0x0000000000000000, R13=0x00007f452b68c932, R14=0x00007f44f40008c0, R15=0x0000000000000000
RIP=0x00007f4538356c58, EFLAGS=0x0000000000010206, CSGSFS=0x0000000000000033, ERR=0x0000000000000005
  TRAPNO=0x000000000000000e

Top of Stack: (sp=0x00007f45410da790)
0x00007f45410da790:   00007f4545179790 00007f4545d4c9e8
0x00007f45410da7a0:   00007f45410daaa0 00007f45410da7f8
0x00007f45410da7b0:   00000000ffffffff ffffffffc4013090
0x00007f45410da7c0:   00007f452b68c932 0000000000000000
0x00007f45410da7d0:   00007f452b68c932 00007f44f40008c0
0x00007f45410da7e0:   0000000000000000 00007f453834ac55
0x00007f45410da7f0:   00007f4545d73048 00007f452b7c5520
0x00007f45410da800:   00007f452b7c5520 ffffffffc4013090
0x00007f45410da810:   00007f44c4014f90 00007f453866402b
0x00007f45410da820:   00007f4545179790 0000001100000038
0x00007f45410da830:   00007f45410da8b0 0000000000000000
0x00007f45410da840:   00007f45410da8b0 ffffffffc4013090
0x00007f45410da850:   0000000000000000 00007f4545d73048
0x00007f45410da860:   00007f452b7ded50 00007f452b633119
0x00007f45410da870:   0000000000000000 0000000000000038
0x00007f45410da880:   00007f45410da8b0 00007f45410da8d0
0x00007f45410da890:   0000000000000000 00007f4545d73048
0x00007f45410da8a0:   00007f44c401a820 00007f452b629b42
0x00007f45410da8b0:   00007f45410dab00 00007f452b68c8b1
0x00007f45410da8c0:   00007f45410dab00 00007f4545b5f92d
0x00007f45410da8d0:   00007f4545d742c8 00007f4545d74858
0x00007f45410da8e0:   00007f4545d4c000 00007f453c006200
0x00007f45410da8f0:   00007f453c006d10 00007f453c007210
0x00007f45410da900:   00007f453c00bef0 00007f453c0e9830
0x00007f45410da910:   00007f453c1b7710 00007f453c1b7bf0
0x00007f45410da920:   00007f4545d4b000 00007f453c2ed8d0
0x00007f45410da930:   00007f453c2ed400 00007f453c2db8b0
0x00007f45410da940:   00007f453c2e5dd0 00007f453c1264d0
0x00007f45410da950:   00007f453c162f20 00007f453c162a80
0x00007f45410da960:   00007f453c127240 00007f453c0025e0
0x00007f45410da970:   00007f453c001ec0 00000000017f45f0
0x00007f45410da980:   00000000017f4b60 00000000017f5570 

Instructions: (pc=0x00007f4538356c58)
0x00007f4538356c38:   24 d8 48 89 fb 4c 89 64 24 e0 4c 89 6c 24 e8 48
0x00007f4538356c48:   89 f5 4c 89 74 24 f0 4c 89 7c 24 f8 48 83 ec 58
0x00007f4538356c58:   48 8b 87 68 09 00 00 49 89 d4 49 89 cd 4d 89 c6
0x00007f4538356c68:   48 85 c0 74 02 ff 10 ba 08 00 00 00 be 62 00 00 

Register to memory mapping:

RAX=0x00007f44f40008c0 is an unknown value
RBX=0xffffffffc4013090 is an unknown value
RCX=0x00007f45410da7f8 is an unknown value
RDX=0x00007f45410da7f4 is an unknown value
RSP=0x00007f45410da790 is an unknown value
RBP=0x00007f452b68c932: <offset 0x96932> in /usr/lib/fglrx/libGL.so.1 at 0x00007f452b5f6000
RSI=0x00007f452b68c932: <offset 0x96932> in /usr/lib/fglrx/libGL.so.1 at 0x00007f452b5f6000
RDI=0xffffffffc4013090 is an unknown value
R8 =0x00007f45410da7fc is an unknown value
R9 =0x0000000000000000 is an unknown value
R10=0x00007f4545526fa8: <offset 0x3bbfa8> in /lib/x86_64-linux-gnu/libc.so.6 at 0x00007f454516b000
R11=0x00007f45451a6c80: __cxa_finalize+0 in /lib/x86_64-linux-gnu/libc.so.6 at 0x00007f454516b000
R12=0x0000000000000000 is an unknown value
R13=0x00007f452b68c932: <offset 0x96932> in /usr/lib/fglrx/libGL.so.1 at 0x00007f452b5f6000
R14=0x00007f44f40008c0 is an unknown value
R15=0x0000000000000000 is an unknown value


Stack: [0x00007f4540fdb000,0x00007f45410dc000],  sp=0x00007f45410da790,  free space=1021k
Native frames: (J=compiled Java code, j=interpreted, Vv=VM code, C=native code)
C  [libX11.so.6+0x33c58]  XQueryExtension+0x28

VM_Operation (0x00007f45303376b0): Exit, mode: safepoint, requested by thread 0x00007f453c32d800


---------------  P R O C E S S  ---------------

Java Threads: ( => current thread )
  0x00007f453c008000 JavaThread "DestroyJavaVM" [_thread_blocked, id=15337, stack(0x00007f4545c47000,0x00007f4545d48000)]
  0x00007f453c32d800 JavaThread "LWJGL Application" [_thread_blocked, id=15359, stack(0x00007f4530238000,0x00007f4530339000)]
  0x00007f453c2ec800 JavaThread "AWT-XAWT" daemon [_thread_in_native, id=15355, stack(0x00007f4532bdb000,0x00007f4532cdc000)]
  0x00007f453c1c6800 JavaThread "Java2D Disposer" daemon [_thread_blocked, id=15354, stack(0x00007f45400b0000,0x00007f45401b1000)]
  0x00007f453c0a5800 JavaThread "Low Memory Detector" daemon [_thread_blocked, id=15352, stack(0x00007f45402f2000,0x00007f45403f3000)]
  0x00007f453c0a3800 JavaThread "C2 CompilerThread1" daemon [_thread_blocked, id=15351, stack(0x00007f45403f3000,0x00007f45404f4000)]
  0x00007f453c0a0800 JavaThread "C2 CompilerThread0" daemon [_thread_blocked, id=15350, stack(0x00007f45404f4000,0x00007f45405f5000)]
  0x00007f453c080000 JavaThread "Finalizer" daemon [_thread_blocked, id=15348, stack(0x00007f4540dd9000,0x00007f4540eda000)]
  0x00007f453c07e000 JavaThread "Reference Handler" daemon [_thread_blocked, id=15347, stack(0x00007f4540eda000,0x00007f4540fdb000)]

Other Threads:
=>0x00007f453c079000 VMThread [stack: 0x00007f4540fdb000,0x00007f45410dc000] [id=15346]

VM state:at safepoint (shutting down)

VM Mutex/Monitor currently owned by a thread:  ([mutex/lock_event])
[0x00007f453c0045d0] Threads_lock - owner thread: 0x00007f453c079000

Heap
 PSYoungGen      total 36800K, used 13058K [0x00000007d6e00000, 0x00000007d9710000, 0x0000000800000000)
  eden space 31552K, 41% used [0x00000007d6e00000,0x00000007d7ac0a48,0x00000007d8cd0000)
  from space 5248K, 0% used [0x00000007d91f0000,0x00000007d91f0000,0x00000007d9710000)
  to   space 5248K, 0% used [0x00000007d8cd0000,0x00000007d8cd0000,0x00000007d91f0000)
 PSOldGen        total 84224K, used 0K [0x0000000784a00000, 0x0000000789c40000, 0x00000007d6e00000)
  object space 84224K, 0% used [0x0000000784a00000,0x0000000784a00000,0x0000000789c40000)
 PSPermGen       total 21248K, used 10347K [0x000000077a400000, 0x000000077b8c0000, 0x0000000784a00000)
  object space 21248K, 48% used [0x000000077a400000,0x000000077ae1aef8,0x000000077b8c0000)

Code Cache  [0x00007f4539000000, 0x00007f4539270000, 0x00007f453c000000)
 total_blobs=585 nmethods=120 adapters=420 free_code_cache=49572992 largest_free_block=12224

Dynamic libraries:
00400000-00409000 r-xp 00000000 08:03 25171786                           /usr/lib/jvm/java-6-openjdk-amd64/jre/bin/java
00608000-00609000 r--p 00008000 08:03 25171786                           /usr/lib/jvm/java-6-openjdk-amd64/jre/bin/java
00609000-0060a000 rw-p 00009000 08:03 25171786                           /usr/lib/jvm/java-6-openjdk-amd64/jre/bin/java
017f4000-01815000 rw-p 00000000 00:00 0                                  [heap]
77a400000-77b8c0000 rw-p 00000000 00:00 0 
77b8c0000-784a00000 rw-p 00000000 00:00 0 
784a00000-789c40000 rw-p 00000000 00:00 0 
789c40000-7d6e00000 rw-p 00000000 00:00 0 
7d6e00000-7d9710000 rw-p 00000000 00:00 0 
7d9710000-800000000 rw-p 00000000 00:00 0 
7f44b8000000-7f44b8021000 rw-p 00000000 00:00 0 
7f44b8021000-7f44bc000000 ---p 00000000 00:00 0 
7f44c0000000-7f44c0021000 rw-p 00000000 00:00 0 
7f44c0021000-7f44c4000000 ---p 00000000 00:00 0 
7f44c4000000-7f44c4f23000 rw-p 00000000 00:00 0 
7f44c4f23000-7f44c8000000 ---p 00000000 00:00 0 
7f44c8000000-7f44c8021000 rw-p 00000000 00:00 0 
7f44c8021000-7f44cc000000 ---p 00000000 00:00 0 
7f44d4000000-7f44d4021000 rw-p 00000000 00:00 0 
7f44d4021000-7f44d8000000 ---p 00000000 00:00 0 
7f44d8000000-7f44d8021000 rw-p 00000000 00:00 0 
7f44d8021000-7f44dc000000 ---p 00000000 00:00 0 
7f44dc000000-7f44dc021000 rw-p 00000000 00:00 0 
7f44dc021000-7f44e0000000 ---p 00000000 00:00 0 
7f44e0000000-7f44e0021000 rw-p 00000000 00:00 0 
7f44e0021000-7f44e4000000 ---p 00000000 00:00 0 
7f44e4000000-7f44e42df000 rw-p 00000000 00:00 0 
7f44e42df000-7f44e8000000 ---p 00000000 00:00 0 
7f44e8000000-7f44e8326000 rw-p 00000000 00:00 0 
7f44e8326000-7f44ec000000 ---p 00000000 00:00 0 
7f44ec000000-7f44ec021000 rw-p 00000000 00:00 0 
7f44ec021000-7f44f0000000 ---p 00000000 00:00 0 
7f44f0000000-7f44f0021000 rw-p 00000000 00:00 0 
7f44f0021000-7f44f4000000 ---p 00000000 00:00 0 
7f44f4000000-7f44f4021000 rw-p 00000000 00:00 0 
7f44f4021000-7f44f8000000 ---p 00000000 00:00 0 
7f44f8000000-7f44f8021000 rw-p 00000000 00:00 0 
7f44f8021000-7f44fc000000 ---p 00000000 00:00 0 
7f44fc000000-7f44fc021000 rw-p 00000000 00:00 0 
7f44fc021000-7f4500000000 ---p 00000000 00:00 0 
7f4504000000-7f4504021000 rw-p 00000000 00:00 0 
7f4504021000-7f4508000000 ---p 00000000 00:00 0 
7f450c000000-7f450c021000 rw-p 00000000 00:00 0 
7f450c021000-7f4510000000 ---p 00000000 00:00 0 
7f4514000000-7f4514021000 rw-p 00000000 00:00 0 
7f4514021000-7f4518000000 ---p 00000000 00:00 0 
7f451c000000-7f451c021000 rw-p 00000000 00:00 0 
7f451c021000-7f4520000000 ---p 00000000 00:00 0 
7f4524000000-7f4524021000 rw-p 00000000 00:00 0 
7f4524021000-7f4528000000 ---p 00000000 00:00 0 
7f45287de000-7f4528ede000 rw-s 00006000 00:05 7667                       /dev/ati/card0
7f4528ede000-7f4528fd0000 rw-p 00000000 00:00 0 
7f4528fd0000-7f4528fd2000 r-xp 00000000 08:03 25041410                   /usr/lib/x86_64-linux-gnu/libXinerama.so.1.0.0
7f4528fd2000-7f45291d1000 ---p 00002000 08:03 25041410                   /usr/lib/x86_64-linux-gnu/libXinerama.so.1.0.0
7f45291d1000-7f45291d2000 r--p 00001000 08:03 25041410                   /usr/lib/x86_64-linux-gnu/libXinerama.so.1.0.0
7f45291d2000-7f45291d3000 rw-p 00002000 08:03 25041410                   /usr/lib/x86_64-linux-gnu/libXinerama.so.1.0.0
7f45291d3000-7f452920e000 r-xp 00000000 08:03 25036429                   /usr/lib/fglrx/libatiadlxx.so
7f452920e000-7f452930e000 ---p 0003b000 08:03 25036429                   /usr/lib/fglrx/libatiadlxx.so
7f452930e000-7f4529317000 rw-p 0003b000 08:03 25036429                   /usr/lib/fglrx/libatiadlxx.so
7f4529317000-7f4529328000 rw-p 00000000 00:00 0 
7f4529328000-7f452b282000 r-xp 00000000 08:03 25036430                   /usr/lib/fglrx/dri/fglrx_dri.so
7f452b282000-7f452b382000 ---p 01f5a000 08:03 25036430                   /usr/lib/fglrx/dri/fglrx_dri.so
7f452b382000-7f452b4d0000 rwxp 01f5a000 08:03 25036430                   /usr/lib/fglrx/dri/fglrx_dri.so
7f452b4d0000-7f452b5f6000 rwxp 00000000 00:00 0 
7f452b5f6000-7f452b6b9000 r-xp 00000000 08:03 25036432                   /usr/lib/fglrx/libGL.so.1.2
7f452b6b9000-7f452b7b8000 ---p 000c3000 08:03 25036432                   /usr/lib/fglrx/libGL.so.1.2
7f452b7b8000-7f452b7df000 rwxp 000c2000 08:03 25036432                   /usr/lib/fglrx/libGL.so.1.2
7f452b7df000-7f452b7ff000 rwxp 00000000 00:00 0 
7f452b7ff000-7f452b800000 ---p 00000000 00:00 0 
7f452b800000-7f452c000000 rw-p 00000000 00:00 0 
7f452c000000-7f452c021000 rw-p 00000000 00:00 0 
7f452c021000-7f4530000000 ---p 00000000 00:00 0 
7f453002e000-7f4530035000 r-xp 00000000 08:03 25036449                   /usr/lib/fglrx/libatiuki.so.1.0
7f4530035000-7f4530135000 ---p 00007000 08:03 25036449                   /usr/lib/fglrx/libatiuki.so.1.0
7f4530135000-7f4530136000 rw-p 00007000 08:03 25036449                   /usr/lib/fglrx/libatiuki.so.1.0
7f4530136000-7f4530137000 rw-p 00000000 00:00 0 
7f4530137000-7f453013a000 ---p 00000000 00:00 0 
7f453013a000-7f4530238000 rw-p 00000000 00:00 0 
7f4530238000-7f453023b000 ---p 00000000 00:00 0 
7f453023b000-7f4530339000 rw-p 00000000 00:00 0 
7f4530339000-7f453033c000 ---p 00000000 00:00 0 
7f453033c000-7f453043a000 rw-p 00000000 00:00 0 
7f453043a000-7f4530452000 r-xp 00000000 08:03 24907292                   /lib/x86_64-linux-gnu/libresolv-2.15.so
7f4530452000-7f4530652000 ---p 00018000 08:03 24907292                   /lib/x86_64-linux-gnu/libresolv-2.15.so
7f4530652000-7f4530653000 r--p 00018000 08:03 24907292                   /lib/x86_64-linux-gnu/libresolv-2.15.so
7f4530653000-7f4530654000 rw-p 00019000 08:03 24907292                   /lib/x86_64-linux-gnu/libresolv-2.15.so
7f4530654000-7f4530656000 rw-p 00000000 00:00 0 
7f4530656000-7f453065c000 r-xp 00000000 08:03 25041852                   /usr/lib/x86_64-linux-gnu/libogg.so.0.7.1
7f453065c000-7f453085b000 ---p 00006000 08:03 25041852                   /usr/lib/x86_64-linux-gnu/libogg.so.0.7.1
7f453085b000-7f453085c000 r--p 00005000 08:03 25041852                   /usr/lib/x86_64-linux-gnu/libogg.so.0.7.1
7f453085c000-7f453085d000 rw-p 00006000 08:03 25041852                   /usr/lib/x86_64-linux-gnu/libogg.so.0.7.1
7f453085d000-7f4530888000 r-xp 00000000 08:03 25042037                   /usr/lib/x86_64-linux-gnu/libvorbis.so.0.4.5
7f4530888000-7f4530a87000 ---p 0002b000 08:03 25042037                   /usr/lib/x86_64-linux-gnu/libvorbis.so.0.4.5
7f4530a87000-7f4530a88000 r--p 0002a000 08:03 25042037                   /usr/lib/x86_64-linux-gnu/libvorbis.so.0.4.5
7f4530a88000-7f4530a89000 rw-p 0002b000 08:03 25042037                   /usr/lib/x86_64-linux-gnu/libvorbis.so.0.4.5
7f4530a89000-7f4530d3c000 r-xp 00000000 08:03 25042039                   /usr/lib/x86_64-linux-gnu/libvorbisenc.so.2.0.8
7f4530d3c000-7f4530f3b000 ---p 002b3000 08:03 25042039                   /usr/lib/x86_64-linux-gnu/libvorbisenc.so.2.0.8
7f4530f3b000-7f4530f57000 r--p 002b2000 08:03 25042039                   /usr/lib/x86_64-linux-gnu/libvorbisenc.so.2.0.8
7f4530f57000-7f4530f58000 rw-p 002ce000 08:03 25042039                   /usr/lib/x86_64-linux-gnu/libvorbisenc.so.2.0.8
7f4530f58000-7f4530fa0000 r-xp 00000000 08:03 25041320                   /usr/lib/x86_64-linux-gnu/libFLAC.so.8.2.0
7f4530fa0000-7f45311a0000 ---p 00048000 08:03 25041320                   /usr/lib/x86_64-linux-gnu/libFLAC.so.8.2.0
7f45311a0000-7f45311a1000 r--p 00048000 08:03 25041320                   /usr/lib/x86_64-linux-gnu/libFLAC.so.8.2.0
7f45311a1000-7f45311a2000 rw-p 00049000 08:03 25041320                   /usr/lib/x86_64-linux-gnu/libFLAC.so.8.2.0
7f45311a2000-7f45311a7000 r-xp 00000000 08:03 25041452                   /usr/lib/x86_64-linux-gnu/libasyncns.so.0.3.1
7f45311a7000-7f45313a6000 ---p 00005000 08:03 25041452                   /usr/lib/x86_64-linux-gnu/libasyncns.so.0.3.1
7f45313a6000-7f45313a7000 r--p 00004000 08:03 25041452                   /usr/lib/x86_64-linux-gnu/libasyncns.so.0.3.1
7f45313a7000-7f45313a8000 rw-p 00005000 08:03 25041452                   /usr/lib/x86_64-linux-gnu/libasyncns.so.0.3.1
7f45313a8000-7f4531408000 r-xp 00000000 08:03 25041951                   /usr/lib/x86_64-linux-gnu/libsndfile.so.1.0.25
7f4531408000-7f4531608000 ---p 00060000 08:03 25041951                   /usr/lib/x86_64-linux-gnu/libsndfile.so.1.0.25
7f4531608000-7f453160a000 r--p 00060000 08:03 25041951                   /usr/lib/x86_64-linux-gnu/libsndfile.so.1.0.25
7f453160a000-7f453160b000 rw-p 00062000 08:03 25041951                   /usr/lib/x86_64-linux-gnu/libsndfile.so.1.0.25
7f453160b000-7f453160f000 rw-p 00000000 00:00 0 
7f453160f000-7f4531617000 r-xp 00000000 08:03 24907360                   /lib/x86_64-linux-gnu/libwrap.so.0.7.6
7f4531617000-7f4531816000 ---p 00008000 08:03 24907360                   /lib/x86_64-linux-gnu/libwrap.so.0.7.6
7f4531816000-7f4531817000 r--p 00007000 08:03 24907360                   /lib/x86_64-linux-gnu/libwrap.so.0.7.6
7f4531817000-7f4531818000 rw-p 00008000 08:03 24907360                   /lib/x86_64-linux-gnu/libwrap.so.0.7.6
7f4531818000-7f453185a000 r-xp 00000000 08:03 24907263                   /lib/x86_64-linux-gnu/libdbus-1.so.3.5.8
7f453185a000-7f4531a5a000 ---p 00042000 08:03 24907263                   /lib/x86_64-linux-gnu/libdbus-1.so.3.5.8
7f4531a5a000-7f4531a5b000 r--p 00042000 08:03 24907263                   /lib/x86_64-linux-gnu/libdbus-1.so.3.5.8
7f4531a5b000-7f4531a5c000 rw-p 00043000 08:03 24907263                   /lib/x86_64-linux-gnu/libdbus-1.so.3.5.8
7f4531a5c000-7f4531ab8000 r-xp 00000000 08:03 25038372                   /usr/lib/x86_64-linux-gnu/libpulsecommon-1.1.so
7f4531ab8000-7f4531cb8000 ---p 0005c000 08:03 25038372                   /usr/lib/x86_64-linux-gnu/libpulsecommon-1.1.so
7f4531cb8000-7f4531cb9000 r--p 0005c000 08:03 25038372                   /usr/lib/x86_64-linux-gnu/libpulsecommon-1.1.so
7f4531cb9000-7f4531cba000 rw-p 0005d000 08:03 25038372                   /usr/lib/x86_64-linux-gnu/libpulsecommon-1.1.so
7f4531cba000-7f4531cc1000 r-xp 00000000 08:03 25041782                   /usr/lib/x86_64-linux-gnu/libjson.so.0.0.1
7f4531cc1000-7f4531ec0000 ---p 00007000 08:03 25041782                   /usr/lib/x86_64-linux-gnu/libjson.so.0.0.1
7f4531ec0000-7f4531ec1000 r--p 00006000 08:03 25041782                   /usr/lib/x86_64-linux-gnu/libjson.so.0.0.1
7f4531ec1000-7f4531ec2000 rw-p 00007000 08:03 25041782                   /usr/lib/x86_64-linux-gnu/libjson.so.0.0.1
7f4531ec2000-7f4531f08000 r-xp 00000000 08:03 25044722                   /usr/lib/x86_64-linux-gnu/libpulse.so.0.13.5
7f4531f08000-7f4532108000 ---p 00046000 08:03 25044722                   /usr/lib/x86_64-linux-gnu/libpulse.so.0.13.5
7f4532108000-7f4532109000 r--p 00046000 08:03 25044722                   /usr/lib/x86_64-linux-gnu/libpulse.so.0.13.5
7f4532109000-7f453210a000 rw-p 00047000 08:03 25044722                   /usr/lib/x86_64-linux-gnu/libpulse.so.0.13.5
7f453235f000-7f4532363000 r-xp 00000000 08:03 25041432                   /usr/lib/x86_64-linux-gnu/libXxf86vm.so.1.0.0
7f4532363000-7f4532562000 ---p 00004000 08:03 25041432                   /usr/lib/x86_64-linux-gnu/libXxf86vm.so.1.0.0
7f4532562000-7f4532563000 r--p 00003000 08:03 25041432                   /usr/lib/x86_64-linux-gnu/libXxf86vm.so.1.0.0
7f4532563000-7f4532564000 rw-p 00004000 08:03 25041432                   /usr/lib/x86_64-linux-gnu/libXxf86vm.so.1.0.0
7f4532564000-7f453256b000 r-xp 00000000 08:03 25044731                   /usr/lib/x86_64-linux-gnu/libXrandr.so.2.2.0
7f453256b000-7f453276a000 ---p 00007000 08:03 25044731                   /usr/lib/x86_64-linux-gnu/libXrandr.so.2.2.0
7f453276a000-7f453276b000 r--p 00006000 08:03 25044731                   /usr/lib/x86_64-linux-gnu/libXrandr.so.2.2.0
7f453276b000-7f453276c000 rw-p 00007000 08:03 25044731                   /usr/lib/x86_64-linux-gnu/libXrandr.so.2.2.0
7f453276c000-7f45327d6000 r-xp 00000000 08:03 2098710                    /tmp/libgdxkostja/2789134151/liblwjgl64.so
7f45327d6000-7f45329d6000 ---p 0006a000 08:03 2098710                    /tmp/libgdxkostja/2789134151/liblwjgl64.so
7f45329d6000-7f45329d8000 r--p 0006a000 08:03 2098710                    /tmp/libgdxkostja/2789134151/liblwjgl64.so
7f45329d8000-7f45329d9000 rw-p 0006c000 08:03 2098710                    /tmp/libgdxkostja/2789134151/liblwjgl64.so
7f45329d9000-7f45329da000 r-xp 00000000 08:03 25171783                   /usr/lib/jvm/java-6-openjdk-amd64/jre/lib/amd64/libjawt.so
7f45329da000-7f4532bd9000 ---p 00001000 08:03 25171783                   /usr/lib/jvm/java-6-openjdk-amd64/jre/lib/amd64/libjawt.so
7f4532bd9000-7f4532bda000 r--p 00000000 08:03 25171783                   /usr/lib/jvm/java-6-openjdk-amd64/jre/lib/amd64/libjawt.so
7f4532bda000-7f4532bdb000 rw-p 00001000 08:03 25171783                   /usr/lib/jvm/java-6-openjdk-amd64/jre/lib/amd64/libjawt.so
7f4532bdb000-7f4532bde000 ---p 00000000 00:00 0 
7f4532bde000-7f4532cdc000 rw-p 00000000 00:00 0 
7f4532cdc000-7f4532ce1000 r-xp 00000000 08:03 25041404                   /usr/lib/x86_64-linux-gnu/libXfixes.so.3.1.0
7f4532ce1000-7f4532ee0000 ---p 00005000 08:03 25041404                   /usr/lib/x86_64-linux-gnu/libXfixes.so.3.1.0
7f4532ee0000-7f4532ee1000 r--p 00004000 08:03 25041404                   /usr/lib/x86_64-linux-gnu/libXfixes.so.3.1.0
7f4532ee1000-7f4532ee2000 rw-p 00005000 08:03 25041404                   /usr/lib/x86_64-linux-gnu/libXfixes.so.3.1.0
7f4532ee2000-7f4532eeb000 r-xp 00000000 08:03 25041394                   /usr/lib/x86_64-linux-gnu/libXcursor.so.1.0.2
7f4532eeb000-7f45330ea000 ---p 00009000 08:03 25041394                   /usr/lib/x86_64-linux-gnu/libXcursor.so.1.0.2
7f45330ea000-7f45330eb000 r--p 00008000 08:03 25041394                   /usr/lib/x86_64-linux-gnu/libXcursor.so.1.0.2
7f45330eb000-7f45330ec000 rw-p 00009000 08:03 25041394                   /usr/lib/x86_64-linux-gnu/libXcursor.so.1.0.2
7f45330ec000-7f4533182000 r-xp 00000000 08:03 25041683                   /usr/lib/x86_64-linux-gnu/libfreetype.so.6.8.0
7f4533182000-7f4533381000 ---p 00096000 08:03 25041683                   /usr/lib/x86_64-linux-gnu/libfreetype.so.6.8.0
7f4533381000-7f4533387000 r--p 00095000 08:03 25041683                   /usr/lib/x86_64-linux-gnu/libfreetype.so.6.8.0
7f4533387000-7f4533388000 rw-p 0009b000 08:03 25041683                   /usr/lib/x86_64-linux-gnu/libfreetype.so.6.8.0
7f4533388000-7f45333c2000 r-xp 00000000 08:03 25171238                   /usr/lib/jvm/java-6-openjdk-amd64/jre/lib/amd64/libfontmanager.so
7f45333c2000-7f45335c1000 ---p 0003a000 08:03 25171238                   /usr/lib/jvm/java-6-openjdk-amd64/jre/lib/amd64/libfontmanager.so
7f45335c1000-7f45335c3000 r--p 00039000 08:03 25171238                   /usr/lib/jvm/java-6-openjdk-amd64/jre/lib/amd64/libfontmanager.so
7f45335c3000-7f45335c4000 rw-p 0003b000 08:03 25171238                   /usr/lib/jvm/java-6-openjdk-amd64/jre/lib/amd64/libfontmanager.so
7f45335c4000-7f45335c9000 r-xp 00000000 08:03 25041400                   /usr/lib/x86_64-linux-gnu/libXdmcp.so.6.0.0
7f45335c9000-7f45337c8000 ---p 00005000 08:03 25041400                   /usr/lib/x86_64-linux-gnu/libXdmcp.so.6.0.0
7f45337c8000-7f45337c9000 r--p 00004000 08:03 25041400                   /usr/lib/x86_64-linux-gnu/libXdmcp.so.6.0.0
7f45337c9000-7f45337ca000 rw-p 00005000 08:03 25041400                   /usr/lib/x86_64-linux-gnu/libXdmcp.so.6.0.0
7f45337ca000-7f45337cc000 r-xp 00000000 08:03 25041387                   /usr/lib/x86_64-linux-gnu/libXau.so.6.0.0
7f45337cc000-7f45339cb000 ---p 00002000 08:03 25041387                   /usr/lib/x86_64-linux-gnu/libXau.so.6.0.0
7f45339cb000-7f45339cc000 r--p 00001000 08:03 25041387                   /usr/lib/x86_64-linux-gnu/libXau.so.6.0.0
7f45339cc000-7f45339cd000 rw-p 00002000 08:03 25041387                   /usr/lib/x86_64-linux-gnu/libXau.so.6.0.0
7f45339cd000-7f45339ea000 r-xp 00000000 08:03 25039823                   /usr/lib/x86_64-linux-gnu/libxcb.so.1.1.0
7f45339ea000-7f4533be9000 ---p 0001d000 08:03 25039823                   /usr/lib/x86_64-linux-gnu/libxcb.so.1.1.0
7f4533be9000-7f4533bea000 r--p 0001c000 08:03 25039823                   /usr/lib/x86_64-linux-gnu/libxcb.so.1.1.0
7f4533bea000-7f4533beb000 rw-p 0001d000 08:03 25039823                   /usr/lib/x86_64-linux-gnu/libxcb.so.1.1.0
7f4533beb000-7f4533bf9000 r-xp 00000000 08:03 25041408                   /usr/lib/x86_64-linux-gnu/libXi.so.6.1.0
7f4533bf9000-7f4533df8000 ---p 0000e000 08:03 25041408                   /usr/lib/x86_64-linux-gnu/libXi.so.6.1.0
7f4533df8000-7f4533df9000 r--p 0000d000 08:03 25041408                   /usr/lib/x86_64-linux-gnu/libXi.so.6.1.0
7f4533df9000-7f4533dfa000 rw-p 0000e000 08:03 25041408                   /usr/lib/x86_64-linux-gnu/libXi.so.6.1.0
7f4533dfa000-7f4533dff000 r-xp 00000000 08:03 25041428                   /usr/lib/x86_64-linux-gnu/libXtst.so.6.1.0
7f4533dff000-7f4533ffe000 ---p 00005000 08:03 25041428                   /usr/lib/x86_64-linux-gnu/libXtst.so.6.1.0
7f4533ffe000-7f4533fff000 r--p 00004000 08:03 25041428                   /usr/lib/x86_64-linux-gnu/libXtst.so.6.1.0
7f4533fff000-7f4534000000 rw-p 00005000 08:03 25041428                   /usr/lib/x86_64-linux-gnu/libXtst.so.6.1.0
7f4534000000-7f4534021000 rw-p 00000000 00:00 0 
7f4534021000-7f4538000000 ---p 00000000 00:00 0 
7f4538005000-7f453804d000 rw-p 00000000 00:00 0 
7f453804d000-7f453804e000 rw-s 00005000 00:05 7667                       /dev/ati/card0
7f453804e000-7f453808e000 rw-s c0000000 00:05 7667                       /dev/ati/card0
7f453808e000-7f4538090000 rw-s 00002000 00:05 7667                       /dev/ati/card0
7f4538090000-7f4538097000 r--s 00000000 08:03 25585393                   /usr/lib/x86_64-linux-gnu/gconv/gconv-modules.cache
7f4538097000-7f4538098000 r--s 00000000 08:03 1182521                    /var/cache/fontconfig/c05880de57d1f5e948fdfacc138775d9-le64.cache-3
7f4538098000-7f45380a1000 r--s 00000000 08:03 1182270                    /var/cache/fontconfig/945677eb7aeaf62f1d50efc3fb3ec7d8-le64.cache-3
7f45380a1000-7f45380a3000 r--s 00000000 08:03 1182519                    /var/cache/fontconfig/99e8ed0e538f840c565b6ed5dad60d56-le64.cache-3
7f45380a3000-7f45380ab000 r--s 00000000 08:03 1182518                    /var/cache/fontconfig/a6d8cf8e4ec09cdbc8633c31745a07dd-le64.cache-3
7f45380ab000-7f45380af000 r--s 00000000 08:03 1182517                    /var/cache/fontconfig/2cd17615ca594fa2959ae173292e504c-le64.cache-3
7f45380af000-7f45380b0000 r--s 00000000 08:03 1182516                    /var/cache/fontconfig/e7071f4a29fa870f4323321c154eba04-le64.cache-3
7f45380b0000-7f45380b1000 r--s 00000000 08:03 1182515                    /var/cache/fontconfig/0d8c3b2ac0904cb8a57a757ad11a4a08-le64.cache-3
7f45380b1000-7f45380b7000 r--s 00000000 08:03 1182514                    /var/cache/fontconfig/a755afe4a08bf5b97852ceb7400b47bc-le64.cache-3
7f45380b7000-7f45380c0000 r--s 00000000 08:03 1182513                    /var/cache/fontconfig/6d41288fd70b0be22e8c3a91e032eec0-le64.cache-3
7f45380c0000-7f45380d0000 r--s 00000000 08:03 1182512                    /var/cache/fontconfig/04aabc0a78ac019cf9454389977116d2-le64.cache-3
7f45380d0000-7f45380d3000 r--s 00000000 08:03 1182511                    /var/cache/fontconfig/385c0604a188198f04d133e54aba7fe7-le64.cache-3
7f45380d3000-7f45380d4000 r--s 00000000 08:03 1182283                    /var/cache/fontconfig/4794a0821666d79190d59a36cb4f44b5-le64.cache-3
7f45380d4000-7f45380d7000 r--s 00000000 08:03 1182504                    /var/cache/fontconfig/8801497958630a81b71ace7c5f9b32a8-le64.cache-3
7f45380d7000-7f4538105000 r--s 00000000 08:03 1182502                    /var/cache/fontconfig/365b55f210c0a22e9a19e35191240f32-le64.cache-3
7f4538105000-7f453810a000 r--s 00000000 08:03 1182501                    /var/cache/fontconfig/3047814df9a2f067bd2d96a2b9c36e5a-le64.cache-3
7f453810a000-7f453810b000 r--s 00000000 08:03 1182500                    /var/cache/fontconfig/56cf4f4769d0f4abc89a4895d7bd3ae1-le64.cache-3
7f453810b000-7f453810c000 r--s 00000000 08:03 1182499                    /var/cache/fontconfig/b9d506c9ac06c20b433354fa67a72993-le64.cache-3
7f453810c000-7f4538111000 r--s 00000000 08:03 1182498                    /var/cache/fontconfig/b47c4e1ecd0709278f4910c18777a504-le64.cache-3
7f4538111000-7f4538119000 r--s 00000000 08:03 1182497                    /var/cache/fontconfig/52f7bdb7ce746bfd7eaa1985bd9cfa93-le64.cache-3
7f4538119000-7f4538122000 r-xp 00000000 08:03 25041422                   /usr/lib/x86_64-linux-gnu/libXrender.so.1.3.0
7f4538122000-7f4538321000 ---p 00009000 08:03 25041422                   /usr/lib/x86_64-linux-gnu/libXrender.so.1.3.0
7f4538321000-7f4538322000 r--p 00008000 08:03 25041422                   /usr/lib/x86_64-linux-gnu/libXrender.so.1.3.0
7f4538322000-7f4538323000 rw-p 00009000 08:03 25041422                   /usr/lib/x86_64-linux-gnu/libXrender.so.1.3.0
7f4538323000-7f4538452000 r-xp 00000000 08:03 25041383                   /usr/lib/x86_64-linux-gnu/libX11.so.6.3.0
7f4538452000-7f4538652000 ---p 0012f000 08:03 25041383                   /usr/lib/x86_64-linux-gnu/libX11.so.6.3.0
7f4538652000-7f4538653000 r--p 0012f000 08:03 25041383                   /usr/lib/x86_64-linux-gnu/libX11.so.6.3.0
7f4538653000-7f4538657000 rw-p 00130000 08:03 25041383                   /usr/lib/x86_64-linux-gnu/libX11.so.6.3.0
7f4538657000-7f4538667000 r-xp 00000000 08:03 25041402                   /usr/lib/x86_64-linux-gnu/libXext.so.6.4.0
7f4538667000-7f4538866000 ---p 00010000 08:03 25041402                   /usr/lib/x86_64-linux-gnu/libXext.so.6.4.0
7f4538866000-7f4538867000 r--p 0000f000 08:03 25041402                   /usr/lib/x86_64-linux-gnu/libXext.so.6.4.0
7f4538867000-7f4538868000 rw-p 00010000 08:03 25041402                   /usr/lib/x86_64-linux-gnu/libXext.so.6.4.0
7f4538868000-7f45388b3000 r-xp 00000000 08:03 25170499                   /usr/lib/jvm/java-6-openjdk-amd64/jre/lib/amd64/xawt/libmawt.so
7f45388b3000-7f4538ab3000 ---p 0004b000 08:03 25170499                   /usr/lib/jvm/java-6-openjdk-amd64/jre/lib/amd64/xawt/libmawt.so
7f4538ab3000-7f4538ab4000 r--p 0004b000 08:03 25170499                   /usr/lib/jvm/java-6-openjdk-amd64/jre/lib/amd64/xawt/libmawt.so
7f4538ab4000-7f4538ab7000 rw-p 0004c000 08:03 25170499                   /usr/lib/jvm/java-6-openjdk-amd64/jre/lib/amd64/xawt/libmawt.so
7f4538ab7000-7f4538ab8000 rw-p 00000000 00:00 0 
7f4538ab8000-7f4538b64000 r-xp 00000000 08:03 25171740                   /usr/lib/jvm/java-6-openjdk-amd64/jre/lib/amd64/libawt.so
7f4538b64000-7f4538d64000 ---p 000ac000 08:03 25171740                   /usr/lib/jvm/java-6-openjdk-amd64/jre/lib/amd64/libawt.so
7f4538d64000-7f4538d65000 r--p 000ac000 08:03 25171740                   /usr/lib/jvm/java-6-openjdk-amd64/jre/lib/amd64/libawt.so
7f4538d65000-7f4538d70000 rw-p 000ad000 08:03 25171740                   /usr/lib/jvm/java-6-openjdk-amd64/jre/lib/amd64/libawt.so
7f4538d70000-7f4538d95000 rw-p 00000000 00:00 0 
7f4538d95000-7f4538dfd000 r-xp 00000000 08:03 2098709                    /tmp/libgdxkostja/1506174322/libgdx64.so
7f4538dfd000-7f4538ffc000 ---p 00068000 08:03 2098709                    /tmp/libgdxkostja/1506174322/libgdx64.so
7f4538ffc000-7f4538ffe000 r--p 00067000 08:03 2098709                    /tmp/libgdxkostja/1506174322/libgdx64.so
7f4538ffe000-7f4538fff000 rw-p 00069000 08:03 2098709                    /tmp/libgdxkostja/1506174322/libgdx64.so
7f4538fff000-7f4539000000 rw-p 00000000 00:00 0 
7f4539000000-7f4539270000 rwxp 00000000 00:00 0 
7f4539270000-7f453c363000 rw-p 00000000 00:00 0 
7f453c363000-7f4540000000 ---p 00000000 00:00 0 
7f4540000000-7f4540010000 r--s 00000000 08:03 1182494                    /var/cache/fontconfig/d52a8644073d54c13679302ca1180695-le64.cache-3
7f4540010000-7f4540016000 r--s 00000000 08:03 1182492                    /var/cache/fontconfig/3f7329c5293ffd510edef78f73874cfd-le64.cache-3
7f4540016000-7f4540029000 r--s 00000000 08:03 1182537                    /var/cache/fontconfig/e13b20fdb08344e0e664864cc2ede53d-le64.cache-3
7f4540029000-7f454002d000 r--s 00000000 08:03 1182246                    /var/cache/fontconfig/7ef2298fde41cc6eeb7af42e48b7d293-le64.cache-3
7f454002d000-7f454002e000 r--s 00000000 08:03 1182521                    /var/cache/fontconfig/c05880de57d1f5e948fdfacc138775d9-le64.cache-3
7f454002e000-7f4540037000 r--s 00000000 08:03 1182270                    /var/cache/fontconfig/945677eb7aeaf62f1d50efc3fb3ec7d8-le64.cache-3
7f4540037000-7f4540039000 r--s 00000000 08:03 1182519                    /var/cache/fontconfig/99e8ed0e538f840c565b6ed5dad60d56-le64.cache-3
7f4540039000-7f4540041000 r--s 00000000 08:03 1182518                    /var/cache/fontconfig/a6d8cf8e4ec09cdbc8633c31745a07dd-le64.cache-3
7f4540041000-7f4540045000 r--s 00000000 08:03 1182517                    /var/cache/fontconfig/2cd17615ca594fa2959ae173292e504c-le64.cache-3
7f4540045000-7f4540046000 r--s 00000000 08:03 1182516                    /var/cache/fontconfig/e7071f4a29fa870f4323321c154eba04-le64.cache-3
7f4540046000-7f4540047000 r--s 00000000 08:03 1182515                    /var/cache/fontconfig/0d8c3b2ac0904cb8a57a757ad11a4a08-le64.cache-3
7f4540047000-7f454004d000 r--s 00000000 08:03 1182514                    /var/cache/fontconfig/a755afe4a08bf5b97852ceb7400b47bc-le64.cache-3
7f454004d000-7f4540056000 r--s 00000000 08:03 1182513                    /var/cache/fontconfig/6d41288fd70b0be22e8c3a91e032eec0-le64.cache-3
7f4540056000-7f4540066000 r--s 00000000 08:03 1182512                    /var/cache/fontconfig/04aabc0a78ac019cf9454389977116d2-le64.cache-3
7f4540066000-7f4540069000 r--s 00000000 08:03 1182511                    /var/cache/fontconfig/385c0604a188198f04d133e54aba7fe7-le64.cache-3
7f4540069000-7f454006a000 r--s 00000000 08:03 1182283                    /var/cache/fontconfig/4794a0821666d79190d59a36cb4f44b5-le64.cache-3
7f454006a000-7f454006d000 r--s 00000000 08:03 1182504                    /var/cache/fontconfig/8801497958630a81b71ace7c5f9b32a8-le64.cache-3
7f454006d000-7f454009b000 r--s 00000000 08:03 1182502                    /var/cache/fontconfig/365b55f210c0a22e9a19e35191240f32-le64.cache-3
7f454009b000-7f45400a0000 r--s 00000000 08:03 1182501                    /var/cache/fontconfig/3047814df9a2f067bd2d96a2b9c36e5a-le64.cache-3
7f45400a0000-7f45400b0000 r--s 00000000 08:03 1182494                    /var/cache/fontconfig/d52a8644073d54c13679302ca1180695-le64.cache-3
7f45400b0000-7f45400b3000 ---p 00000000 00:00 0 
7f45400b3000-7f45401b1000 rw-p 00000000 00:00 0 
7f45401b1000-7f45401b7000 r--s 000fc000 08:03 25170619                   /usr/lib/jvm/java-6-openjdk-common/jre/lib/resources.jar
7f45401b7000-7f45401b8000 r--s 0011b000 08:03 22446595                   /home/kostja/Code/Java/Workspaces/libgdx/gdxinit-desktop/libs/gdx-natives.jar
7f45401b8000-7f45401b9000 r--s 00162000 08:03 22446597                   /home/kostja/Code/Java/Workspaces/libgdx/gdxinit-desktop/libs/gdx-backend-lwjgl-natives.jar
7f45401b9000-7f45401cd000 r--s 0014d000 08:03 22446598                   /home/kostja/Code/Java/Workspaces/libgdx/gdxinit-desktop/libs/gdx-backend-lwjgl.jar
7f45401cd000-7f45401d0000 r--s 0007f000 08:03 25170558                   /usr/lib/jvm/java-6-openjdk-common/jre/lib/jsse.jar
7f45401d0000-7f45401e2000 r--s 0010a000 08:03 22446590                   /home/kostja/Code/Java/Workspaces/libgdx/gdxinit/libs/gdx.jar
7f45401e2000-7f45401e6000 r--s 00039000 08:03 25170614                   /usr/lib/jvm/java-6-openjdk-common/jre/lib/ext/sunpkcs11.jar
7f45401e6000-7f45401e8000 r--s 00001000 08:03 25170616                   /usr/lib/jvm/java-6-openjdk-common/jre/lib/ext/dnsns.jar
7f45401e8000-7f45401e9000 r--s 00007000 08:03 25562636                   /usr/share/java/java-atk-wrapper.jar
7f45401e9000-7f45401eb000 r--s 0000f000 08:03 25170611                   /usr/lib/jvm/java-6-openjdk-common/jre/lib/ext/pulse-java.jar
7f45401eb000-7f45401ee000 r--s 00031000 08:03 25170608                   /usr/lib/jvm/java-6-openjdk-common/jre/lib/ext/sunjce_provider.jar
7f45401ee000-7f45401f1000 r--s 00077000 08:03 25170618                   /usr/lib/jvm/java-6-openjdk-common/jre/lib/ext/localedata.jar
7f45401f1000-7f45401f2000 ---p 00000000 00:00 0 
7f45401f2000-7f45402f2000 rw-p 00000000 00:00 0 
7f45402f2000-7f45402f5000 ---p 00000000 00:00 0 
7f45402f5000-7f45403f3000 rw-p 00000000 00:00 0 
7f45403f3000-7f45403f6000 ---p 00000000 00:00 0 
7f45403f6000-7f45404f4000 rw-p 00000000 00:00 0 
7f45404f4000-7f45404f7000 ---p 00000000 00:00 0 
7f45404f7000-7f45405f5000 rw-p 00000000 00:00 0 
7f45405f5000-7f45405f8000 ---p 00000000 00:00 0 
7f45405f8000-7f45406f6000 rw-p 00000000 00:00 0 
7f45406f6000-7f4540dd9000 r--p 00000000 08:03 25169431                   /usr/lib/locale/locale-archive
7f4540dd9000-7f4540ddc000 ---p 00000000 00:00 0 
7f4540ddc000-7f4540eda000 rw-p 00000000 00:00 0 
7f4540eda000-7f4540edd000 ---p 00000000 00:00 0 
7f4540edd000-7f4540fdb000 rw-p 00000000 00:00 0 
7f4540fdb000-7f4540fdc000 ---p 00000000 00:00 0 
7f4540fdc000-7f4541a18000 rw-p 00000000 00:00 0 
7f4541a18000-7f4541baa000 r--s 037d5000 08:03 25169355                   /usr/lib/jvm/java-6-openjdk-amd64/jre/lib/rt.jar
7f4541baa000-7f4541bd2000 rw-p 00000000 00:00 0 
7f4541bd2000-7f4541bd3000 ---p 00000000 00:00 0 
7f4541bd3000-7f4541cd3000 rw-p 00000000 00:00 0 
7f4541cd3000-7f4541cd4000 ---p 00000000 00:00 0 
7f4541cd4000-7f4541dd4000 rw-p 00000000 00:00 0 
7f4541dd4000-7f4541dd5000 ---p 00000000 00:00 0 
7f4541dd5000-7f4541ed5000 rw-p 00000000 00:00 0 
7f4541ed5000-7f4541ed6000 ---p 00000000 00:00 0 
7f4541ed6000-7f4541fd6000 rw-p 00000000 00:00 0 
7f4541fd6000-7f4541fd7000 ---p 00000000 00:00 0 
7f4541fd7000-7f45420d7000 rw-p 00000000 00:00 0 
7f45420d7000-7f45420d8000 ---p 00000000 00:00 0 
7f45420d8000-7f45421d8000 rw-p 00000000 00:00 0 
7f45421d8000-7f45421d9000 ---p 00000000 00:00 0 
7f45421d9000-7f45422d9000 rw-p 00000000 00:00 0 
7f45422d9000-7f45422da000 ---p 00000000 00:00 0 
7f45422da000-7f45423e5000 rw-p 00000000 00:00 0 
7f45423e5000-7f454242d000 rw-p 00000000 00:00 0 
7f454242d000-7f4542457000 rw-p 00000000 00:00 0 
7f4542457000-7f45426bf000 rw-p 00000000 00:00 0 
7f45426bf000-7f45426ca000 rw-p 00000000 00:00 0 
7f45426ca000-7f4542712000 rw-p 00000000 00:00 0 
7f4542712000-7f454273c000 rw-p 00000000 00:00 0 
7f454273c000-7f45429a4000 rw-p 00000000 00:00 0 
7f45429a4000-7f45429b9000 rw-p 00000000 00:00 0 
7f45429b9000-7f4542aed000 rw-p 00000000 00:00 0 
7f4542aed000-7f4542aee000 rw-p 00000000 00:00 0 
7f4542aee000-7f4542af5000 r-xp 00000000 08:03 25171785                   /usr/lib/jvm/java-6-openjdk-amd64/jre/lib/amd64/libzip.so
7f4542af5000-7f4542cf4000 ---p 00007000 08:03 25171785                   /usr/lib/jvm/java-6-openjdk-amd64/jre/lib/amd64/libzip.so
7f4542cf4000-7f4542cf5000 r--p 00006000 08:03 25171785                   /usr/lib/jvm/java-6-openjdk-amd64/jre/lib/amd64/libzip.so
7f4542cf5000-7f4542cf6000 rw-p 00007000 08:03 25171785                   /usr/lib/jvm/java-6-openjdk-amd64/jre/lib/amd64/libzip.so
7f4542cf6000-7f4542d02000 r-xp 00000000 08:03 24907364                   /lib/x86_64-linux-gnu/libnss_files-2.15.so
7f4542d02000-7f4542f01000 ---p 0000c000 08:03 24907364                   /lib/x86_64-linux-gnu/libnss_files-2.15.so
7f4542f01000-7f4542f02000 r--p 0000b000 08:03 24907364                   /lib/x86_64-linux-gnu/libnss_files-2.15.so
7f4542f02000-7f4542f03000 rw-p 0000c000 08:03 24907364                   /lib/x86_64-linux-gnu/libnss_files-2.15.so
7f4542f03000-7f4542f0d000 r-xp 00000000 08:03 24907293                   /lib/x86_64-linux-gnu/libnss_nis-2.15.so
7f4542f0d000-7f454310d000 ---p 0000a000 08:03 24907293                   /lib/x86_64-linux-gnu/libnss_nis-2.15.so
7f454310d000-7f454310e000 r--p 0000a000 08:03 24907293                   /lib/x86_64-linux-gnu/libnss_nis-2.15.so
7f454310e000-7f454310f000 rw-p 0000b000 08:03 24907293                   /lib/x86_64-linux-gnu/libnss_nis-2.15.so
7f454310f000-7f4543126000 r-xp 00000000 08:03 24907373                   /lib/x86_64-linux-gnu/libnsl-2.15.so
7f4543126000-7f4543325000 ---p 00017000 08:03 24907373                   /lib/x86_64-linux-gnu/libnsl-2.15.so
7f4543325000-7f4543326000 r--p 00016000 08:03 24907373                   /lib/x86_64-linux-gnu/libnsl-2.15.so
7f4543326000-7f4543327000 rw-p 00017000 08:03 24907373                   /lib/x86_64-linux-gnu/libnsl-2.15.so
7f4543327000-7f4543329000 rw-p 00000000 00:00 0 
7f4543329000-7f4543331000 r-xp 00000000 08:03 24907365                   /lib/x86_64-linux-gnu/libnss_compat-2.15.so
7f4543331000-7f4543530000 ---p 00008000 08:03 24907365                   /lib/x86_64-linux-gnu/libnss_compat-2.15.so
7f4543530000-7f4543531000 r--p 00007000 08:03 24907365                   /lib/x86_64-linux-gnu/libnss_compat-2.15.so
7f4543531000-7f4543532000 rw-p 00008000 08:03 24907365                   /lib/x86_64-linux-gnu/libnss_compat-2.15.so
7f4543532000-7f454355e000 r-xp 00000000 08:03 25171243                   /usr/lib/jvm/java-6-openjdk-amd64/jre/lib/amd64/libjava.so
7f454355e000-7f454375d000 ---p 0002c000 08:03 25171243                   /usr/lib/jvm/java-6-openjdk-amd64/jre/lib/amd64/libjava.so
7f454375d000-7f454375e000 r--p 0002b000 08:03 25171243                   /usr/lib/jvm/java-6-openjdk-amd64/jre/lib/amd64/libjava.so
7f454375e000-7f4543761000 rw-p 0002c000 08:03 25171243                   /usr/lib/jvm/java-6-openjdk-amd64/jre/lib/amd64/libjava.so
7f4543761000-7f454376f000 r-xp 00000000 08:03 25171240                   /usr/lib/jvm/java-6-openjdk-amd64/jre/lib/amd64/libverify.so
7f454376f000-7f454396e000 ---p 0000e000 08:03 25171240                   /usr/lib/jvm/java-6-openjdk-amd64/jre/lib/amd64/libverify.so
7f454396e000-7f4543970000 r--p 0000d000 08:03 25171240                   /usr/lib/jvm/java-6-openjdk-amd64/jre/lib/amd64/libverify.so
7f4543970000-7f4543971000 rw-p 0000f000 08:03 25171240                   /usr/lib/jvm/java-6-openjdk-amd64/jre/lib/amd64/libverify.so
7f4543971000-7f4543978000 r-xp 00000000 08:03 24907255                   /lib/x86_64-linux-gnu/librt-2.15.so
7f4543978000-7f4543b77000 ---p 00007000 08:03 24907255                   /lib/x86_64-linux-gnu/librt-2.15.so
7f4543b77000-7f4543b78000 r--p 00006000 08:03 24907255                   /lib/x86_64-linux-gnu/librt-2.15.so
7f4543b78000-7f4543b79000 rw-p 00007000 08:03 24907255                   /lib/x86_64-linux-gnu/librt-2.15.so
7f4543b79000-7f4543b8e000 r-xp 00000000 08:03 24907272                   /lib/x86_64-linux-gnu/libgcc_s.so.1
7f4543b8e000-7f4543d8d000 ---p 00015000 08:03 24907272                   /lib/x86_64-linux-gnu/libgcc_s.so.1
7f4543d8d000-7f4543d8e000 r--p 00014000 08:03 24907272                   /lib/x86_64-linux-gnu/libgcc_s.so.1
7f4543d8e000-7f4543d8f000 rw-p 00015000 08:03 24907272                   /lib/x86_64-linux-gnu/libgcc_s.so.1
7f4543d8f000-7f4543e8a000 r-xp 00000000 08:03 24907295                   /lib/x86_64-linux-gnu/libm-2.15.so
7f4543e8a000-7f4544089000 ---p 000fb000 08:03 24907295                   /lib/x86_64-linux-gnu/libm-2.15.so
7f4544089000-7f454408a000 r--p 000fa000 08:03 24907295                   /lib/x86_64-linux-gnu/libm-2.15.so
7f454408a000-7f454408b000 rw-p 000fb000 08:03 24907295                   /lib/x86_64-linux-gnu/libm-2.15.so
7f454408b000-7f454416d000 r-xp 00000000 08:03 25041973                   /usr/lib/x86_64-linux-gnu/libstdc++.so.6.0.16
7f454416d000-7f454436c000 ---p 000e2000 08:03 25041973                   /usr/lib/x86_64-linux-gnu/libstdc++.so.6.0.16
7f454436c000-7f4544374000 r--p 000e1000 08:03 25041973                   /usr/lib/x86_64-linux-gnu/libstdc++.so.6.0.16
7f4544374000-7f4544376000 rw-p 000e9000 08:03 25041973                   /usr/lib/x86_64-linux-gnu/libstdc++.so.6.0.16
7f4544376000-7f454438b000 rw-p 00000000 00:00 0 
7f454438b000-7f4544c90000 r-xp 00000000 08:03 25171748                   /usr/lib/jvm/java-6-openjdk-amd64/jre/lib/amd64/server/libjvm.so
7f4544c90000-7f4544e90000 ---p 00905000 08:03 25171748                   /usr/lib/jvm/java-6-openjdk-amd64/jre/lib/amd64/server/libjvm.so
7f4544e90000-7f4544f10000 r--p 00905000 08:03 25171748                   /usr/lib/jvm/java-6-openjdk-amd64/jre/lib/amd64/server/libjvm.so
7f4544f10000-7f4544f2b000 rw-p 00985000 08:03 25171748                   /usr/lib/jvm/java-6-openjdk-amd64/jre/lib/amd64/server/libjvm.so
7f4544f2b000-7f4544f54000 rw-p 00000000 00:00 0 
7f4544f54000-7f4544f6a000 r-xp 00000000 08:03 24907362                   /lib/x86_64-linux-gnu/libz.so.1.2.3.4
7f4544f6a000-7f4545169000 ---p 00016000 08:03 24907362                   /lib/x86_64-linux-gnu/libz.so.1.2.3.4
7f4545169000-7f454516a000 r--p 00015000 08:03 24907362                   /lib/x86_64-linux-gnu/libz.so.1.2.3.4
7f454516a000-7f454516b000 rw-p 00016000 08:03 24907362                   /lib/x86_64-linux-gnu/libz.so.1.2.3.4
7f454516b000-7f4545320000 r-xp 00000000 08:03 24903751                   /lib/x86_64-linux-gnu/libc-2.15.so
7f4545320000-7f454551f000 ---p 001b5000 08:03 24903751                   /lib/x86_64-linux-gnu/libc-2.15.so
7f454551f000-7f4545523000 r--p 001b4000 08:03 24903751                   /lib/x86_64-linux-gnu/libc-2.15.so
7f4545523000-7f4545525000 rw-p 001b8000 08:03 24903751                   /lib/x86_64-linux-gnu/libc-2.15.so
7f4545525000-7f454552a000 rw-p 00000000 00:00 0 
7f454552a000-7f454552c000 r-xp 00000000 08:03 24903722                   /lib/x86_64-linux-gnu/libdl-2.15.so
7f454552c000-7f454572c000 ---p 00002000 08:03 24903722                   /lib/x86_64-linux-gnu/libdl-2.15.so
7f454572c000-7f454572d000 r--p 00002000 08:03 24903722                   /lib/x86_64-linux-gnu/libdl-2.15.so
7f454572d000-7f454572e000 rw-p 00003000 08:03 24903722                   /lib/x86_64-linux-gnu/libdl-2.15.so
7f454572e000-7f4545732000 r-xp 00000000 08:03 25170627                   /usr/lib/jvm/java-6-openjdk-amd64/jre/lib/amd64/jli/libjli.so
7f4545732000-7f4545931000 ---p 00004000 08:03 25170627                   /usr/lib/jvm/java-6-openjdk-amd64/jre/lib/amd64/jli/libjli.so
7f4545931000-7f4545932000 r--p 00003000 08:03 25170627                   /usr/lib/jvm/java-6-openjdk-amd64/jre/lib/amd64/jli/libjli.so
7f4545932000-7f4545933000 rw-p 00004000 08:03 25170627                   /usr/lib/jvm/java-6-openjdk-amd64/jre/lib/amd64/jli/libjli.so
7f4545933000-7f454594b000 r-xp 00000000 08:03 24904581                   /lib/x86_64-linux-gnu/libpthread-2.15.so
7f454594b000-7f4545b4a000 ---p 00018000 08:03 24904581                   /lib/x86_64-linux-gnu/libpthread-2.15.so
7f4545b4a000-7f4545b4b000 r--p 00017000 08:03 24904581                   /lib/x86_64-linux-gnu/libpthread-2.15.so
7f4545b4b000-7f4545b4c000 rw-p 00018000 08:03 24904581                   /lib/x86_64-linux-gnu/libpthread-2.15.so
7f4545b4c000-7f4545b50000 rw-p 00000000 00:00 0 
7f4545b50000-7f4545b72000 r-xp 00000000 08:03 24907368                   /lib/x86_64-linux-gnu/ld-2.15.so
7f4545b72000-7f4545b73000 r--s 00000000 08:03 18367183                   /home/kostja/.fontconfig/593ca46410035f7230c6819f4390f21e-le64.cache-3
7f4545b73000-7f4545b74000 r--s 00000000 08:03 1182500                    /var/cache/fontconfig/56cf4f4769d0f4abc89a4895d7bd3ae1-le64.cache-3
7f4545b74000-7f4545b79000 r--s 00000000 08:03 1182498                    /var/cache/fontconfig/b47c4e1ecd0709278f4910c18777a504-le64.cache-3
7f4545b79000-7f4545b81000 r--s 00000000 08:03 1182497                    /var/cache/fontconfig/52f7bdb7ce746bfd7eaa1985bd9cfa93-le64.cache-3
7f4545b81000-7f4545b87000 r--s 00000000 08:03 1182492                    /var/cache/fontconfig/3f7329c5293ffd510edef78f73874cfd-le64.cache-3
7f4545b87000-7f4545b91000 rw-p 00000000 00:00 0 
7f4545b91000-7f4545c47000 rw-p 00000000 00:00 0 
7f4545c47000-7f4545c4a000 ---p 00000000 00:00 0 
7f4545c4a000-7f4545d4d000 rw-p 00000000 00:00 0 
7f4545d4d000-7f4545d4e000 r--s 00000000 08:03 1182499                    /var/cache/fontconfig/b9d506c9ac06c20b433354fa67a72993-le64.cache-3
7f4545d4e000-7f4545d61000 r--s 00000000 08:03 1182537                    /var/cache/fontconfig/e13b20fdb08344e0e664864cc2ede53d-le64.cache-3
7f4545d61000-7f4545d65000 r--s 00000000 08:03 1182246                    /var/cache/fontconfig/7ef2298fde41cc6eeb7af42e48b7d293-le64.cache-3
7f4545d65000-7f4545d66000 r--s 00000000 08:03 18367183                   /home/kostja/.fontconfig/593ca46410035f7230c6819f4390f21e-le64.cache-3
7f4545d66000-7f4545d6e000 rw-s 00000000 08:03 2097184                    /tmp/hsperfdata_kostja/15331 (deleted)
7f4545d6e000-7f4545d6f000 rw-p 00000000 00:00 0 
7f4545d6f000-7f4545d70000 ---p 00000000 00:00 0 
7f4545d70000-7f4545d72000 rw-p 00000000 00:00 0 
7f4545d72000-7f4545d73000 r--p 00022000 08:03 24907368                   /lib/x86_64-linux-gnu/ld-2.15.so
7f4545d73000-7f4545d75000 rw-p 00023000 08:03 24907368                   /lib/x86_64-linux-gnu/ld-2.15.so
7fff714bb000-7fff714dc000 rw-p 00000000 00:00 0                          [stack]
7fff715ff000-7fff71600000 r-xp 00000000 00:00 0                          [vdso]
ffffffffff600000-ffffffffff601000 r-xp 00000000 00:00 0                  [vsyscall]

VM Arguments:
jvm_args: -Dfile.encoding=UTF-8 
java_command: info.silin.gdxinit.Main
Launcher Type: SUN_STANDARD

Environment Variables:
JAVA_HOME=/usr/lib/jvm/java-6-openjdk
PATH=/home/kostja/Code/android/android-sdk-linux/tools:/home/kostja/Code/android/android-sdk-linux/platform-tools:/home/kostja/Code/Java/Tools/apache-maven-3.0.3/bin:/home/kostja/bin:/usr/local/sbin:/usr/local/bin:/usr/sbin:/usr/bin:/sbin:/bin:/usr/games
USERNAME=kostja
LD_LIBRARY_PATH=/usr/lib/jvm/java-6-openjdk-amd64/jre/lib/amd64/server:/usr/lib/jvm/java-6-openjdk-amd64/jre/lib/amd64:/usr/lib/jvm/java-6-openjdk-amd64/jre/../lib/amd64
SHELL=/bin/bash
DISPLAY=:0.0

Signal Handlers:
SIGSEGV: [libjvm.so+0x785360], sa_mask[0]=0x7ffbfeff, sa_flags=0x10000004
SIGBUS: [libjvm.so+0x785360], sa_mask[0]=0x7ffbfeff, sa_flags=0x10000004
SIGFPE: [libjvm.so+0x648dc0], sa_mask[0]=0x7ffbfeff, sa_flags=0x10000004
SIGPIPE: [libjvm.so+0x648dc0], sa_mask[0]=0x7ffbfeff, sa_flags=0x10000004
SIGXFSZ: [libjvm.so+0x648dc0], sa_mask[0]=0x7ffbfeff, sa_flags=0x10000004
SIGILL: [libjvm.so+0x648dc0], sa_mask[0]=0x7ffbfeff, sa_flags=0x10000004
SIGUSR1: SIG_DFL, sa_mask[0]=0x00000000, sa_flags=0x00000000
SIGUSR2: [libjvm.so+0x648f70], sa_mask[0]=0x00000004, sa_flags=0x10000004
SIGHUP: [libjvm.so+0x64ba90], sa_mask[0]=0x7ffbfeff, sa_flags=0x10000004
SIGINT: [libjvm.so+0x64ba90], sa_mask[0]=0x7ffbfeff, sa_flags=0x10000004
SIGTERM: [libjvm.so+0x64ba90], sa_mask[0]=0x7ffbfeff, sa_flags=0x10000004
SIGQUIT: [libjvm.so+0x64ba90], sa_mask[0]=0x7ffbfeff, sa_flags=0x10000004


---------------  S Y S T E M  ---------------

OS:LinuxMint 13 (maya)
uname:Linux 3.2.0-23-generic #36-Ubuntu SMP Tue Apr 10 20:39:51 UTC 2012 x86_64
libc:glibc 2.15 NPTL 2.15 
rlimit: STACK 8192k, CORE 0k, NPROC 62975, NOFILE 4096, AS infinity
load average:1.26 1.07 1.10

/proc/meminfo:
MemTotal:        8078412 kB
MemFree:          517760 kB
Buffers:         1057868 kB
Cached:          2349308 kB
SwapCached:          952 kB
Active:          3468928 kB
Inactive:        2138348 kB
Active(anon):    1826440 kB
Inactive(anon):   416756 kB
Active(file):    1642488 kB
Inactive(file):  1721592 kB
Unevictable:           0 kB
Mlocked:               0 kB
SwapTotal:       4312060 kB
SwapFree:        4307724 kB
Dirty:             13080 kB
Writeback:             0 kB
AnonPages:       2199132 kB
Mapped:          1323532 kB
Shmem:             43096 kB
Slab:             499040 kB
SReclaimable:     447124 kB
SUnreclaim:        51916 kB
KernelStack:        4576 kB
PageTables:        32396 kB
NFS_Unstable:          0 kB
Bounce:                0 kB
WritebackTmp:          0 kB
CommitLimit:     8351264 kB
Committed_AS:    5161028 kB
VmallocTotal:   34359738367 kB
VmallocUsed:      591488 kB
VmallocChunk:   34359144284 kB
HardwareCorrupted:     0 kB
AnonHugePages:         0 kB
HugePages_Total:       0
HugePages_Free:        0
HugePages_Rsvd:        0
HugePages_Surp:        0
Hugepagesize:       2048 kB
DirectMap4k:      157696 kB
DirectMap2M:     8138752 kB


CPU:total 8 (4 cores per cpu, 2 threads per core) family 6 model 58 stepping 9, cmov, cx8, fxsr, mmx, sse, sse2, sse3, ssse3, sse4.1, sse4.2, popcnt, ht

Memory: 4k page, physical 8078412k(517760k free), swap 4312060k(4307724k free)

vm_info: OpenJDK 64-Bit Server VM (20.0-b12) for linux-amd64 JRE (1.6.0_27-b27), built on Mar  5 2013 00:27:30 by "buildd" with gcc 4.6.3

time: Mon Apr 29 10:48:38 2013
elapsed time: 11 seconds

