#
# A fatal error has been detected by the Java Runtime Environment:
#
#  SIGSEGV (0xb) at pc=0x00007ff6c57b3c58, pid=15159, tid=140698078963456
#
# JRE version: 6.0_27-b27
# Java VM: OpenJDK 64-Bit Server VM (20.0-b12 mixed mode linux-amd64 compressed oops)
# Derivative: IcedTea6 1.12.3
# Distribution: Ubuntu 12.04 LTS, package 6b27-1.12.3-0ubuntu1~12.04.1
# Problematic frame:
# C  [libX11.so.6+0x33c58]  XQueryExtension+0x28
#
# If you would like to submit a bug report, please include
# instructions how to reproduce the bug and visit:
#   https://bugs.launchpad.net/ubuntu/+source/openjdk-6/
#

---------------  T H R E A D  ---------------

Current thread is native thread

siginfo:si_signo=SIGSEGV: si_errno=0, si_code=1 (SEGV_MAPERR), si_addr=0x00000000500139f8

Registers:
RAX=0x000000000150d900, RBX=0x0000000050013090, RCX=0x00007fffee465ed8, RDX=0x00007fffee465ed4
RSP=0x00007fffee465e70, RBP=0x00007ff6bc9e2932, RSI=0x00007ff6bc9e2932, RDI=0x0000000050013090
R8 =0x00007fffee465edc, R9 =0x0000000000000010, R10=0x00007ff6d2823fa8, R11=0x0000000000000000
R12=0x0000000000000000, R13=0x00007ff6bc9e2932, R14=0x000000000150d900, R15=0x0000000000000000
RIP=0x00007ff6c57b3c58, EFLAGS=0x0000000000010202, CSGSFS=0x0000000000000033, ERR=0x0000000000000004
  TRAPNO=0x000000000000000e

Top of Stack: (sp=0x00007fffee465e70)
0x00007fffee465e70:   0000000000000000 0000003000000003
0x00007fffee465e80:   0000006e0000005b 0000007c00000077
0x00007fffee465e90:   00000000ffffffff 0000000050013090
0x00007fffee465ea0:   00007ff6bc9e2932 0000000000000000
0x00007fffee465eb0:   00007ff6bc9e2932 000000000150d900
0x00007fffee465ec0:   0000000000000000 00007ff6c57a7c55
0x00007fffee465ed0:   00007ff6d3070048 00007ff6bcb1b520
0x00007fffee465ee0:   00007ff6bcb1b520 0000000050013090
0x00007fffee465ef0:   00007ff650014ef0 00007ff6c5ac102b
0x00007fffee465f00:   00007ff6d2476790 0000001100000038
0x00007fffee465f10:   00007fffee465f90 0000000000000000
0x00007fffee465f20:   00007fffee465f90 0000000050013090
0x00007fffee465f30:   0000000000000000 00007ff6d3070048
0x00007fffee465f40:   00007ff6bcb34d50 00007ff6bc989119
0x00007fffee465f50:   0000000000000000 0000000000000038
0x00007fffee465f60:   00007fffee465f90 00007fffee465fb0
0x00007fffee465f70:   0000000000000000 00007ff6d3070048
0x00007fffee465f80:   00007ff65001a820 00007ff6bc97fb42
0x00007fffee465f90:   00007fffee4661e0 00007ff6bc9e28b1
0x00007fffee465fa0:   00007fffee4661e0 00007ff6d2e5c92d
0x00007fffee465fb0:   00007ff6d30712c8 00007ff6d3071858
0x00007fffee465fc0:   00007ff6d3049000 00007ff6cc006200
0x00007fffee465fd0:   00007ff6cc006d10 00007ff6cc007210
0x00007fffee465fe0:   00007ff6cc00bef0 00007ff6cc0e9920
0x00007fffee465ff0:   00007ff6cc1af810 00007ff6cc1afcf0
0x00007fffee466000:   00007ff6d3048000 00007ff6cc2ce020
0x00007fffee466010:   00007ff6cc2cdb50 00007ff6cc2bc000
0x00007fffee466020:   00007ff6cc2c6520 00007ff6cc1766a0
0x00007fffee466030:   00007ff6cc17d010 00007ff6cc17cb70
0x00007fffee466040:   00007ff6cc171d00 00007ff6cc0025e0
0x00007fffee466050:   00007ff6cc001ec0 000000000150b5f0
0x00007fffee466060:   000000000150bb60 000000000150c570 

Instructions: (pc=0x00007ff6c57b3c58)
0x00007ff6c57b3c38:   24 d8 48 89 fb 4c 89 64 24 e0 4c 89 6c 24 e8 48
0x00007ff6c57b3c48:   89 f5 4c 89 74 24 f0 4c 89 7c 24 f8 48 83 ec 58
0x00007ff6c57b3c58:   48 8b 87 68 09 00 00 49 89 d4 49 89 cd 4d 89 c6
0x00007ff6c57b3c68:   48 85 c0 74 02 ff 10 ba 08 00 00 00 be 62 00 00 

Register to memory mapping:

RAX=0x000000000150d900 is an unknown value
RBX=0x0000000050013090 is an unknown value
RCX=0x00007fffee465ed8 is an unknown value
RDX=0x00007fffee465ed4 is an unknown value
RSP=0x00007fffee465e70 is an unknown value
RBP=0x00007ff6bc9e2932: <offset 0x96932> in /usr/lib/fglrx/libGL.so.1 at 0x00007ff6bc94c000
RSI=0x00007ff6bc9e2932: <offset 0x96932> in /usr/lib/fglrx/libGL.so.1 at 0x00007ff6bc94c000
RDI=0x0000000050013090 is an unknown value
R8 =0x00007fffee465edc is an unknown value
R9 =0x0000000000000010 is an unknown value
R10=0x00007ff6d2823fa8: <offset 0x3bbfa8> in /lib/x86_64-linux-gnu/libc.so.6 at 0x00007ff6d2468000
R11=0x0000000000000000 is an unknown value
R12=0x0000000000000000 is an unknown value
R13=0x00007ff6bc9e2932: <offset 0x96932> in /usr/lib/fglrx/libGL.so.1 at 0x00007ff6bc94c000
R14=0x000000000150d900 is an unknown value
R15=0x0000000000000000 is an unknown value


Stack: [0x00007fffee368000,0x00007fffee468000],  sp=0x00007fffee465e70,  free space=1015k
Native frames: (J=compiled Java code, j=interpreted, Vv=VM code, C=native code)
C  [libX11.so.6+0x33c58]  XQueryExtension+0x28


---------------  P R O C E S S  ---------------

VM state:at safepoint (shutting down)

VM Mutex/Monitor currently owned by a thread:  ([mutex/lock_event])
[0x00007ff6cc0045d0] Threads_lock - owner thread: 0x00007ff6cc079000

Heap
 PSYoungGen      total 36800K, used 13047K [0x00000007d6e00000, 0x00000007d9710000, 0x0000000800000000)
  eden space 31552K, 41% used [0x00000007d6e00000,0x00000007d7abdc40,0x00000007d8cd0000)
  from space 5248K, 0% used [0x00000007d91f0000,0x00000007d91f0000,0x00000007d9710000)
  to   space 5248K, 0% used [0x00000007d8cd0000,0x00000007d8cd0000,0x00000007d91f0000)
 PSOldGen        total 84224K, used 0K [0x0000000784a00000, 0x0000000789c40000, 0x00000007d6e00000)
  object space 84224K, 0% used [0x0000000784a00000,0x0000000784a00000,0x0000000789c40000)
 PSPermGen       total 21248K, used 10251K [0x000000077a400000, 0x000000077b8c0000, 0x0000000784a00000)
  object space 21248K, 48% used [0x000000077a400000,0x000000077ae02c90,0x000000077b8c0000)

Code Cache  [0x00007ff6c8beb000, 0x00007ff6c8e5b000, 0x00007ff6cbbeb000)
 total_blobs=509 nmethods=44 adapters=420 free_code_cache=49688192 largest_free_block=10816

Dynamic libraries:
00400000-00409000 r-xp 00000000 08:03 25171786                           /usr/lib/jvm/java-6-openjdk-amd64/jre/bin/java
00608000-00609000 r--p 00008000 08:03 25171786                           /usr/lib/jvm/java-6-openjdk-amd64/jre/bin/java
00609000-0060a000 rw-p 00009000 08:03 25171786                           /usr/lib/jvm/java-6-openjdk-amd64/jre/bin/java
0150b000-0152c000 rw-p 00000000 00:00 0                                  [heap]
77a400000-77b8c0000 rw-p 00000000 00:00 0 
77b8c0000-784a00000 rw-p 00000000 00:00 0 
784a00000-789c40000 rw-p 00000000 00:00 0 
789c40000-7d6e00000 rw-p 00000000 00:00 0 
7d6e00000-7d9710000 rw-p 00000000 00:00 0 
7d9710000-800000000 rw-p 00000000 00:00 0 
7ff644000000-7ff644021000 rw-p 00000000 00:00 0 
7ff644021000-7ff648000000 ---p 00000000 00:00 0 
7ff64c000000-7ff64c021000 rw-p 00000000 00:00 0 
7ff64c021000-7ff650000000 ---p 00000000 00:00 0 
7ff650000000-7ff650ed0000 rw-p 00000000 00:00 0 
7ff650ed0000-7ff654000000 ---p 00000000 00:00 0 
7ff654000000-7ff654021000 rw-p 00000000 00:00 0 
7ff654021000-7ff658000000 ---p 00000000 00:00 0 
7ff660000000-7ff660021000 rw-p 00000000 00:00 0 
7ff660021000-7ff664000000 ---p 00000000 00:00 0 
7ff664000000-7ff664021000 rw-p 00000000 00:00 0 
7ff664021000-7ff668000000 ---p 00000000 00:00 0 
7ff668000000-7ff668021000 rw-p 00000000 00:00 0 
7ff668021000-7ff66c000000 ---p 00000000 00:00 0 
7ff66c000000-7ff66c021000 rw-p 00000000 00:00 0 
7ff66c021000-7ff670000000 ---p 00000000 00:00 0 
7ff670000000-7ff670358000 rw-p 00000000 00:00 0 
7ff670358000-7ff674000000 ---p 00000000 00:00 0 
7ff674000000-7ff674241000 rw-p 00000000 00:00 0 
7ff674241000-7ff678000000 ---p 00000000 00:00 0 
7ff678000000-7ff678021000 rw-p 00000000 00:00 0 
7ff678021000-7ff67c000000 ---p 00000000 00:00 0 
7ff67c000000-7ff67c021000 rw-p 00000000 00:00 0 
7ff67c021000-7ff680000000 ---p 00000000 00:00 0 
7ff680000000-7ff680021000 rw-p 00000000 00:00 0 
7ff680021000-7ff684000000 ---p 00000000 00:00 0 
7ff684000000-7ff684021000 rw-p 00000000 00:00 0 
7ff684021000-7ff688000000 ---p 00000000 00:00 0 
7ff688000000-7ff688021000 rw-p 00000000 00:00 0 
7ff688021000-7ff68c000000 ---p 00000000 00:00 0 
7ff690000000-7ff690021000 rw-p 00000000 00:00 0 
7ff690021000-7ff694000000 ---p 00000000 00:00 0 
7ff698000000-7ff698021000 rw-p 00000000 00:00 0 
7ff698021000-7ff69c000000 ---p 00000000 00:00 0 
7ff6a0000000-7ff6a0021000 rw-p 00000000 00:00 0 
7ff6a0021000-7ff6a4000000 ---p 00000000 00:00 0 
7ff6a8000000-7ff6a8021000 rw-p 00000000 00:00 0 
7ff6a8021000-7ff6ac000000 ---p 00000000 00:00 0 
7ff6b0000000-7ff6b0021000 rw-p 00000000 00:00 0 
7ff6b0021000-7ff6b4000000 ---p 00000000 00:00 0 
7ff6b5632000-7ff6b5d32000 rw-s 00006000 00:05 7667                       /dev/ati/card0
7ff6b5d32000-7ff6b7c8c000 r-xp 00000000 08:03 25036430                   /usr/lib/fglrx/dri/fglrx_dri.so
7ff6b7c8c000-7ff6b7d8c000 ---p 01f5a000 08:03 25036430                   /usr/lib/fglrx/dri/fglrx_dri.so
7ff6b7d8c000-7ff6b7eda000 rwxp 01f5a000 08:03 25036430                   /usr/lib/fglrx/dri/fglrx_dri.so
7ff6b7eda000-7ff6b8000000 rwxp 00000000 00:00 0 
7ff6b8000000-7ff6b8021000 rw-p 00000000 00:00 0 
7ff6b8021000-7ff6bc000000 ---p 00000000 00:00 0 
7ff6bc3a7000-7ff6bc3f4000 rw-p 00000000 00:00 0 
7ff6bc472000-7ff6bc4eb000 rw-p 00000000 00:00 0 
7ff6bc4eb000-7ff6bc4ed000 r-xp 00000000 08:03 25041410                   /usr/lib/x86_64-linux-gnu/libXinerama.so.1.0.0
7ff6bc4ed000-7ff6bc6ec000 ---p 00002000 08:03 25041410                   /usr/lib/x86_64-linux-gnu/libXinerama.so.1.0.0
7ff6bc6ec000-7ff6bc6ed000 r--p 00001000 08:03 25041410                   /usr/lib/x86_64-linux-gnu/libXinerama.so.1.0.0
7ff6bc6ed000-7ff6bc6ee000 rw-p 00002000 08:03 25041410                   /usr/lib/x86_64-linux-gnu/libXinerama.so.1.0.0
7ff6bc6ee000-7ff6bc729000 r-xp 00000000 08:03 25036429                   /usr/lib/fglrx/libatiadlxx.so
7ff6bc729000-7ff6bc829000 ---p 0003b000 08:03 25036429                   /usr/lib/fglrx/libatiadlxx.so
7ff6bc829000-7ff6bc832000 rw-p 0003b000 08:03 25036429                   /usr/lib/fglrx/libatiadlxx.so
7ff6bc832000-7ff6bc843000 rw-p 00000000 00:00 0 
7ff6bc843000-7ff6bc84a000 r-xp 00000000 08:03 25036449                   /usr/lib/fglrx/libatiuki.so.1.0
7ff6bc84a000-7ff6bc94a000 ---p 00007000 08:03 25036449                   /usr/lib/fglrx/libatiuki.so.1.0
7ff6bc94a000-7ff6bc94b000 rw-p 00007000 08:03 25036449                   /usr/lib/fglrx/libatiuki.so.1.0
7ff6bc94b000-7ff6bc94c000 rw-p 00000000 00:00 0 
7ff6bc94c000-7ff6bca0f000 r-xp 00000000 08:03 25036432                   /usr/lib/fglrx/libGL.so.1.2
7ff6bca0f000-7ff6bcb0e000 ---p 000c3000 08:03 25036432                   /usr/lib/fglrx/libGL.so.1.2
7ff6bcb0e000-7ff6bcb35000 rwxp 000c2000 08:03 25036432                   /usr/lib/fglrx/libGL.so.1.2
7ff6bcb35000-7ff6bcb55000 rwxp 00000000 00:00 0 
7ff6bcb55000-7ff6bcb58000 ---p 00000000 00:00 0 
7ff6bcb58000-7ff6bcc56000 rw-p 00000000 00:00 0 
7ff6bcc56000-7ff6bcc59000 ---p 00000000 00:00 0 
7ff6bcc59000-7ff6bcd57000 rw-p 00000000 00:00 0 
7ff6bcd57000-7ff6bcd5a000 ---p 00000000 00:00 0 
7ff6bcd5a000-7ff6bce58000 rw-p 00000000 00:00 0 
7ff6bce58000-7ff6bce59000 ---p 00000000 00:00 0 
7ff6bce59000-7ff6bd659000 rw-p 00000000 00:00 0 
7ff6bd659000-7ff6bd671000 r-xp 00000000 08:03 24907292                   /lib/x86_64-linux-gnu/libresolv-2.15.so
7ff6bd671000-7ff6bd871000 ---p 00018000 08:03 24907292                   /lib/x86_64-linux-gnu/libresolv-2.15.so
7ff6bd871000-7ff6bd872000 r--p 00018000 08:03 24907292                   /lib/x86_64-linux-gnu/libresolv-2.15.so
7ff6bd872000-7ff6bd873000 rw-p 00019000 08:03 24907292                   /lib/x86_64-linux-gnu/libresolv-2.15.so
7ff6bd873000-7ff6bd875000 rw-p 00000000 00:00 0 
7ff6bd875000-7ff6bd87b000 r-xp 00000000 08:03 25041852                   /usr/lib/x86_64-linux-gnu/libogg.so.0.7.1
7ff6bd87b000-7ff6bda7a000 ---p 00006000 08:03 25041852                   /usr/lib/x86_64-linux-gnu/libogg.so.0.7.1
7ff6bda7a000-7ff6bda7b000 r--p 00005000 08:03 25041852                   /usr/lib/x86_64-linux-gnu/libogg.so.0.7.1
7ff6bda7b000-7ff6bda7c000 rw-p 00006000 08:03 25041852                   /usr/lib/x86_64-linux-gnu/libogg.so.0.7.1
7ff6bda7c000-7ff6bdaa7000 r-xp 00000000 08:03 25042037                   /usr/lib/x86_64-linux-gnu/libvorbis.so.0.4.5
7ff6bdaa7000-7ff6bdca6000 ---p 0002b000 08:03 25042037                   /usr/lib/x86_64-linux-gnu/libvorbis.so.0.4.5
7ff6bdca6000-7ff6bdca7000 r--p 0002a000 08:03 25042037                   /usr/lib/x86_64-linux-gnu/libvorbis.so.0.4.5
7ff6bdca7000-7ff6bdca8000 rw-p 0002b000 08:03 25042037                   /usr/lib/x86_64-linux-gnu/libvorbis.so.0.4.5
7ff6bdca8000-7ff6bdf5b000 r-xp 00000000 08:03 25042039                   /usr/lib/x86_64-linux-gnu/libvorbisenc.so.2.0.8
7ff6bdf5b000-7ff6be15a000 ---p 002b3000 08:03 25042039                   /usr/lib/x86_64-linux-gnu/libvorbisenc.so.2.0.8
7ff6be15a000-7ff6be176000 r--p 002b2000 08:03 25042039                   /usr/lib/x86_64-linux-gnu/libvorbisenc.so.2.0.8
7ff6be176000-7ff6be177000 rw-p 002ce000 08:03 25042039                   /usr/lib/x86_64-linux-gnu/libvorbisenc.so.2.0.8
7ff6be177000-7ff6be1bf000 r-xp 00000000 08:03 25041320                   /usr/lib/x86_64-linux-gnu/libFLAC.so.8.2.0
7ff6be1bf000-7ff6be3bf000 ---p 00048000 08:03 25041320                   /usr/lib/x86_64-linux-gnu/libFLAC.so.8.2.0
7ff6be3bf000-7ff6be3c0000 r--p 00048000 08:03 25041320                   /usr/lib/x86_64-linux-gnu/libFLAC.so.8.2.0
7ff6be3c0000-7ff6be3c1000 rw-p 00049000 08:03 25041320                   /usr/lib/x86_64-linux-gnu/libFLAC.so.8.2.0
7ff6be3c1000-7ff6be3c6000 r-xp 00000000 08:03 25041452                   /usr/lib/x86_64-linux-gnu/libasyncns.so.0.3.1
7ff6be3c6000-7ff6be5c5000 ---p 00005000 08:03 25041452                   /usr/lib/x86_64-linux-gnu/libasyncns.so.0.3.1
7ff6be5c5000-7ff6be5c6000 r--p 00004000 08:03 25041452                   /usr/lib/x86_64-linux-gnu/libasyncns.so.0.3.1
7ff6be5c6000-7ff6be5c7000 rw-p 00005000 08:03 25041452                   /usr/lib/x86_64-linux-gnu/libasyncns.so.0.3.1
7ff6be5c7000-7ff6be627000 r-xp 00000000 08:03 25041951                   /usr/lib/x86_64-linux-gnu/libsndfile.so.1.0.25
7ff6be627000-7ff6be827000 ---p 00060000 08:03 25041951                   /usr/lib/x86_64-linux-gnu/libsndfile.so.1.0.25
7ff6be827000-7ff6be829000 r--p 00060000 08:03 25041951                   /usr/lib/x86_64-linux-gnu/libsndfile.so.1.0.25
7ff6be829000-7ff6be82a000 rw-p 00062000 08:03 25041951                   /usr/lib/x86_64-linux-gnu/libsndfile.so.1.0.25
7ff6be82a000-7ff6be82e000 rw-p 00000000 00:00 0 
7ff6be82e000-7ff6be836000 r-xp 00000000 08:03 24907360                   /lib/x86_64-linux-gnu/libwrap.so.0.7.6
7ff6be836000-7ff6bea35000 ---p 00008000 08:03 24907360                   /lib/x86_64-linux-gnu/libwrap.so.0.7.6
7ff6bea35000-7ff6bea36000 r--p 00007000 08:03 24907360                   /lib/x86_64-linux-gnu/libwrap.so.0.7.6
7ff6bea36000-7ff6bea37000 rw-p 00008000 08:03 24907360                   /lib/x86_64-linux-gnu/libwrap.so.0.7.6
7ff6bea37000-7ff6bea79000 r-xp 00000000 08:03 24907263                   /lib/x86_64-linux-gnu/libdbus-1.so.3.5.8
7ff6bea79000-7ff6bec79000 ---p 00042000 08:03 24907263                   /lib/x86_64-linux-gnu/libdbus-1.so.3.5.8
7ff6bec79000-7ff6bec7a000 r--p 00042000 08:03 24907263                   /lib/x86_64-linux-gnu/libdbus-1.so.3.5.8
7ff6bec7a000-7ff6bec7b000 rw-p 00043000 08:03 24907263                   /lib/x86_64-linux-gnu/libdbus-1.so.3.5.8
7ff6bec7b000-7ff6becd7000 r-xp 00000000 08:03 25038372                   /usr/lib/x86_64-linux-gnu/libpulsecommon-1.1.so
7ff6becd7000-7ff6beed7000 ---p 0005c000 08:03 25038372                   /usr/lib/x86_64-linux-gnu/libpulsecommon-1.1.so
7ff6beed7000-7ff6beed8000 r--p 0005c000 08:03 25038372                   /usr/lib/x86_64-linux-gnu/libpulsecommon-1.1.so
7ff6beed8000-7ff6beed9000 rw-p 0005d000 08:03 25038372                   /usr/lib/x86_64-linux-gnu/libpulsecommon-1.1.so
7ff6beed9000-7ff6beee0000 r-xp 00000000 08:03 25041782                   /usr/lib/x86_64-linux-gnu/libjson.so.0.0.1
7ff6beee0000-7ff6bf0df000 ---p 00007000 08:03 25041782                   /usr/lib/x86_64-linux-gnu/libjson.so.0.0.1
7ff6bf0df000-7ff6bf0e0000 r--p 00006000 08:03 25041782                   /usr/lib/x86_64-linux-gnu/libjson.so.0.0.1
7ff6bf0e0000-7ff6bf0e1000 rw-p 00007000 08:03 25041782                   /usr/lib/x86_64-linux-gnu/libjson.so.0.0.1
7ff6bf0e1000-7ff6bf127000 r-xp 00000000 08:03 25044722                   /usr/lib/x86_64-linux-gnu/libpulse.so.0.13.5
7ff6bf127000-7ff6bf327000 ---p 00046000 08:03 25044722                   /usr/lib/x86_64-linux-gnu/libpulse.so.0.13.5
7ff6bf327000-7ff6bf328000 r--p 00046000 08:03 25044722                   /usr/lib/x86_64-linux-gnu/libpulse.so.0.13.5
7ff6bf328000-7ff6bf329000 rw-p 00047000 08:03 25044722                   /usr/lib/x86_64-linux-gnu/libpulse.so.0.13.5
7ff6bf57e000-7ff6bf582000 r-xp 00000000 08:03 25041432                   /usr/lib/x86_64-linux-gnu/libXxf86vm.so.1.0.0
7ff6bf582000-7ff6bf781000 ---p 00004000 08:03 25041432                   /usr/lib/x86_64-linux-gnu/libXxf86vm.so.1.0.0
7ff6bf781000-7ff6bf782000 r--p 00003000 08:03 25041432                   /usr/lib/x86_64-linux-gnu/libXxf86vm.so.1.0.0
7ff6bf782000-7ff6bf783000 rw-p 00004000 08:03 25041432                   /usr/lib/x86_64-linux-gnu/libXxf86vm.so.1.0.0
7ff6bf783000-7ff6bf78a000 r-xp 00000000 08:03 25044731                   /usr/lib/x86_64-linux-gnu/libXrandr.so.2.2.0
7ff6bf78a000-7ff6bf989000 ---p 00007000 08:03 25044731                   /usr/lib/x86_64-linux-gnu/libXrandr.so.2.2.0
7ff6bf989000-7ff6bf98a000 r--p 00006000 08:03 25044731                   /usr/lib/x86_64-linux-gnu/libXrandr.so.2.2.0
7ff6bf98a000-7ff6bf98b000 rw-p 00007000 08:03 25044731                   /usr/lib/x86_64-linux-gnu/libXrandr.so.2.2.0
7ff6bf98b000-7ff6bf9f5000 r-xp 00000000 08:03 2098710                    /tmp/libgdxkostja/2789134151/liblwjgl64.so
7ff6bf9f5000-7ff6bfbf5000 ---p 0006a000 08:03 2098710                    /tmp/libgdxkostja/2789134151/liblwjgl64.so
7ff6bfbf5000-7ff6bfbf7000 r--p 0006a000 08:03 2098710                    /tmp/libgdxkostja/2789134151/liblwjgl64.so
7ff6bfbf7000-7ff6bfbf8000 rw-p 0006c000 08:03 2098710                    /tmp/libgdxkostja/2789134151/liblwjgl64.so
7ff6bfbf8000-7ff6bfbf9000 r-xp 00000000 08:03 25171783                   /usr/lib/jvm/java-6-openjdk-amd64/jre/lib/amd64/libjawt.so
7ff6bfbf9000-7ff6bfdf8000 ---p 00001000 08:03 25171783                   /usr/lib/jvm/java-6-openjdk-amd64/jre/lib/amd64/libjawt.so
7ff6bfdf8000-7ff6bfdf9000 r--p 00000000 08:03 25171783                   /usr/lib/jvm/java-6-openjdk-amd64/jre/lib/amd64/libjawt.so
7ff6bfdf9000-7ff6bfdfa000 rw-p 00001000 08:03 25171783                   /usr/lib/jvm/java-6-openjdk-amd64/jre/lib/amd64/libjawt.so
7ff6bfdfa000-7ff6bfdff000 r-xp 00000000 08:03 25041404                   /usr/lib/x86_64-linux-gnu/libXfixes.so.3.1.0
7ff6bfdff000-7ff6bfffe000 ---p 00005000 08:03 25041404                   /usr/lib/x86_64-linux-gnu/libXfixes.so.3.1.0
7ff6bfffe000-7ff6bffff000 r--p 00004000 08:03 25041404                   /usr/lib/x86_64-linux-gnu/libXfixes.so.3.1.0
7ff6bffff000-7ff6c0000000 rw-p 00005000 08:03 25041404                   /usr/lib/x86_64-linux-gnu/libXfixes.so.3.1.0
7ff6c0000000-7ff6c0021000 rw-p 00000000 00:00 0 
7ff6c0021000-7ff6c4000000 ---p 00000000 00:00 0 
7ff6c4009000-7ff6c40ca000 rw-p 00000000 00:00 0 
7ff6c40ca000-7ff6c40d3000 r--s 00000000 08:03 1182270                    /var/cache/fontconfig/945677eb7aeaf62f1d50efc3fb3ec7d8-le64.cache-3
7ff6c40d3000-7ff6c4101000 r--s 00000000 08:03 1182502                    /var/cache/fontconfig/365b55f210c0a22e9a19e35191240f32-le64.cache-3
7ff6c413f000-7ff6c417f000 rw-s c0000000 00:05 7667                       /dev/ati/card0
7ff6c417f000-7ff6c4182000 ---p 00000000 00:00 0 
7ff6c4182000-7ff6c4280000 rw-p 00000000 00:00 0 
7ff6c4280000-7ff6c4281000 r--s 00000000 08:03 1182521                    /var/cache/fontconfig/c05880de57d1f5e948fdfacc138775d9-le64.cache-3
7ff6c4281000-7ff6c428a000 r--s 00000000 08:03 1182270                    /var/cache/fontconfig/945677eb7aeaf62f1d50efc3fb3ec7d8-le64.cache-3
7ff6c428a000-7ff6c428c000 r--s 00000000 08:03 1182519                    /var/cache/fontconfig/99e8ed0e538f840c565b6ed5dad60d56-le64.cache-3
7ff6c428c000-7ff6c4294000 r--s 00000000 08:03 1182518                    /var/cache/fontconfig/a6d8cf8e4ec09cdbc8633c31745a07dd-le64.cache-3
7ff6c4294000-7ff6c4298000 r--s 00000000 08:03 1182517                    /var/cache/fontconfig/2cd17615ca594fa2959ae173292e504c-le64.cache-3
7ff6c4298000-7ff6c4299000 r--s 00000000 08:03 1182516                    /var/cache/fontconfig/e7071f4a29fa870f4323321c154eba04-le64.cache-3
7ff6c4299000-7ff6c429a000 r--s 00000000 08:03 1182515                    /var/cache/fontconfig/0d8c3b2ac0904cb8a57a757ad11a4a08-le64.cache-3
7ff6c429a000-7ff6c42a0000 r--s 00000000 08:03 1182514                    /var/cache/fontconfig/a755afe4a08bf5b97852ceb7400b47bc-le64.cache-3
7ff6c42a0000-7ff6c42a9000 r--s 00000000 08:03 1182513                    /var/cache/fontconfig/6d41288fd70b0be22e8c3a91e032eec0-le64.cache-3
7ff6c42a9000-7ff6c42b9000 r--s 00000000 08:03 1182512                    /var/cache/fontconfig/04aabc0a78ac019cf9454389977116d2-le64.cache-3
7ff6c42b9000-7ff6c42bc000 r--s 00000000 08:03 1182511                    /var/cache/fontconfig/385c0604a188198f04d133e54aba7fe7-le64.cache-3
7ff6c42bc000-7ff6c42bd000 r--s 00000000 08:03 1182283                    /var/cache/fontconfig/4794a0821666d79190d59a36cb4f44b5-le64.cache-3
7ff6c42bd000-7ff6c42c0000 r--s 00000000 08:03 1182504                    /var/cache/fontconfig/8801497958630a81b71ace7c5f9b32a8-le64.cache-3
7ff6c42c0000-7ff6c42ee000 r--s 00000000 08:03 1182502                    /var/cache/fontconfig/365b55f210c0a22e9a19e35191240f32-le64.cache-3
7ff6c42ee000-7ff6c42f3000 r--s 00000000 08:03 1182501                    /var/cache/fontconfig/3047814df9a2f067bd2d96a2b9c36e5a-le64.cache-3
7ff6c42f3000-7ff6c42f8000 r--s 00000000 08:03 1182498                    /var/cache/fontconfig/b47c4e1ecd0709278f4910c18777a504-le64.cache-3
7ff6c42f8000-7ff6c4308000 r--s 00000000 08:03 1182494                    /var/cache/fontconfig/d52a8644073d54c13679302ca1180695-le64.cache-3
7ff6c4312000-7ff6c431b000 r-xp 00000000 08:03 25041394                   /usr/lib/x86_64-linux-gnu/libXcursor.so.1.0.2
7ff6c431b000-7ff6c451a000 ---p 00009000 08:03 25041394                   /usr/lib/x86_64-linux-gnu/libXcursor.so.1.0.2
7ff6c451a000-7ff6c451b000 r--p 00008000 08:03 25041394                   /usr/lib/x86_64-linux-gnu/libXcursor.so.1.0.2
7ff6c451b000-7ff6c451c000 rw-p 00009000 08:03 25041394                   /usr/lib/x86_64-linux-gnu/libXcursor.so.1.0.2
7ff6c4535000-7ff6c4536000 rw-s 00005000 00:05 7667                       /dev/ati/card0
7ff6c4536000-7ff6c4538000 rw-s 00002000 00:05 7667                       /dev/ati/card0
7ff6c4538000-7ff6c453f000 r--s 00000000 08:03 25585393                   /usr/lib/x86_64-linux-gnu/gconv/gconv-modules.cache
7ff6c453f000-7ff6c4540000 r--s 00000000 08:03 1182500                    /var/cache/fontconfig/56cf4f4769d0f4abc89a4895d7bd3ae1-le64.cache-3
7ff6c4540000-7ff6c4548000 r--s 00000000 08:03 1182497                    /var/cache/fontconfig/52f7bdb7ce746bfd7eaa1985bd9cfa93-le64.cache-3
7ff6c4548000-7ff6c454e000 r--s 00000000 08:03 1182492                    /var/cache/fontconfig/3f7329c5293ffd510edef78f73874cfd-le64.cache-3
7ff6c454e000-7ff6c4561000 r--s 00000000 08:03 1182537                    /var/cache/fontconfig/e13b20fdb08344e0e664864cc2ede53d-le64.cache-3
7ff6c4561000-7ff6c4564000 ---p 00000000 00:00 0 
7ff6c4564000-7ff6c4662000 rw-p 00000000 00:00 0 
7ff6c4662000-7ff6c46f8000 r-xp 00000000 08:03 25041683                   /usr/lib/x86_64-linux-gnu/libfreetype.so.6.8.0
7ff6c46f8000-7ff6c48f7000 ---p 00096000 08:03 25041683                   /usr/lib/x86_64-linux-gnu/libfreetype.so.6.8.0
7ff6c48f7000-7ff6c48fd000 r--p 00095000 08:03 25041683                   /usr/lib/x86_64-linux-gnu/libfreetype.so.6.8.0
7ff6c48fd000-7ff6c48fe000 rw-p 0009b000 08:03 25041683                   /usr/lib/x86_64-linux-gnu/libfreetype.so.6.8.0
7ff6c48fe000-7ff6c4938000 r-xp 00000000 08:03 25171238                   /usr/lib/jvm/java-6-openjdk-amd64/jre/lib/amd64/libfontmanager.so
7ff6c4938000-7ff6c4b37000 ---p 0003a000 08:03 25171238                   /usr/lib/jvm/java-6-openjdk-amd64/jre/lib/amd64/libfontmanager.so
7ff6c4b37000-7ff6c4b39000 r--p 00039000 08:03 25171238                   /usr/lib/jvm/java-6-openjdk-amd64/jre/lib/amd64/libfontmanager.so
7ff6c4b39000-7ff6c4b3a000 rw-p 0003b000 08:03 25171238                   /usr/lib/jvm/java-6-openjdk-amd64/jre/lib/amd64/libfontmanager.so
7ff6c4b3a000-7ff6c4b3f000 r-xp 00000000 08:03 25041400                   /usr/lib/x86_64-linux-gnu/libXdmcp.so.6.0.0
7ff6c4b3f000-7ff6c4d3e000 ---p 00005000 08:03 25041400                   /usr/lib/x86_64-linux-gnu/libXdmcp.so.6.0.0
7ff6c4d3e000-7ff6c4d3f000 r--p 00004000 08:03 25041400                   /usr/lib/x86_64-linux-gnu/libXdmcp.so.6.0.0
7ff6c4d3f000-7ff6c4d40000 rw-p 00005000 08:03 25041400                   /usr/lib/x86_64-linux-gnu/libXdmcp.so.6.0.0
7ff6c4d40000-7ff6c4d42000 r-xp 00000000 08:03 25041387                   /usr/lib/x86_64-linux-gnu/libXau.so.6.0.0
7ff6c4d42000-7ff6c4f41000 ---p 00002000 08:03 25041387                   /usr/lib/x86_64-linux-gnu/libXau.so.6.0.0
7ff6c4f41000-7ff6c4f42000 r--p 00001000 08:03 25041387                   /usr/lib/x86_64-linux-gnu/libXau.so.6.0.0
7ff6c4f42000-7ff6c4f43000 rw-p 00002000 08:03 25041387                   /usr/lib/x86_64-linux-gnu/libXau.so.6.0.0
7ff6c4f43000-7ff6c4f60000 r-xp 00000000 08:03 25039823                   /usr/lib/x86_64-linux-gnu/libxcb.so.1.1.0
7ff6c4f60000-7ff6c515f000 ---p 0001d000 08:03 25039823                   /usr/lib/x86_64-linux-gnu/libxcb.so.1.1.0
7ff6c515f000-7ff6c5160000 r--p 0001c000 08:03 25039823                   /usr/lib/x86_64-linux-gnu/libxcb.so.1.1.0
7ff6c5160000-7ff6c5161000 rw-p 0001d000 08:03 25039823                   /usr/lib/x86_64-linux-gnu/libxcb.so.1.1.0
7ff6c5161000-7ff6c516f000 r-xp 00000000 08:03 25041408                   /usr/lib/x86_64-linux-gnu/libXi.so.6.1.0
7ff6c516f000-7ff6c536e000 ---p 0000e000 08:03 25041408                   /usr/lib/x86_64-linux-gnu/libXi.so.6.1.0
7ff6c536e000-7ff6c536f000 r--p 0000d000 08:03 25041408                   /usr/lib/x86_64-linux-gnu/libXi.so.6.1.0
7ff6c536f000-7ff6c5370000 rw-p 0000e000 08:03 25041408                   /usr/lib/x86_64-linux-gnu/libXi.so.6.1.0
7ff6c5370000-7ff6c5375000 r-xp 00000000 08:03 25041428                   /usr/lib/x86_64-linux-gnu/libXtst.so.6.1.0
7ff6c5375000-7ff6c5574000 ---p 00005000 08:03 25041428                   /usr/lib/x86_64-linux-gnu/libXtst.so.6.1.0
7ff6c5574000-7ff6c5575000 r--p 00004000 08:03 25041428                   /usr/lib/x86_64-linux-gnu/libXtst.so.6.1.0
7ff6c5575000-7ff6c5576000 rw-p 00005000 08:03 25041428                   /usr/lib/x86_64-linux-gnu/libXtst.so.6.1.0
7ff6c5576000-7ff6c557f000 r-xp 00000000 08:03 25041422                   /usr/lib/x86_64-linux-gnu/libXrender.so.1.3.0
7ff6c557f000-7ff6c577e000 ---p 00009000 08:03 25041422                   /usr/lib/x86_64-linux-gnu/libXrender.so.1.3.0
7ff6c577e000-7ff6c577f000 r--p 00008000 08:03 25041422                   /usr/lib/x86_64-linux-gnu/libXrender.so.1.3.0
7ff6c577f000-7ff6c5780000 rw-p 00009000 08:03 25041422                   /usr/lib/x86_64-linux-gnu/libXrender.so.1.3.0
7ff6c5780000-7ff6c58af000 r-xp 00000000 08:03 25041383                   /usr/lib/x86_64-linux-gnu/libX11.so.6.3.0
7ff6c58af000-7ff6c5aaf000 ---p 0012f000 08:03 25041383                   /usr/lib/x86_64-linux-gnu/libX11.so.6.3.0
7ff6c5aaf000-7ff6c5ab0000 r--p 0012f000 08:03 25041383                   /usr/lib/x86_64-linux-gnu/libX11.so.6.3.0
7ff6c5ab0000-7ff6c5ab4000 rw-p 00130000 08:03 25041383                   /usr/lib/x86_64-linux-gnu/libX11.so.6.3.0
7ff6c5ab4000-7ff6c5ac4000 r-xp 00000000 08:03 25041402                   /usr/lib/x86_64-linux-gnu/libXext.so.6.4.0
7ff6c5ac4000-7ff6c5cc3000 ---p 00010000 08:03 25041402                   /usr/lib/x86_64-linux-gnu/libXext.so.6.4.0
7ff6c5cc3000-7ff6c5cc4000 r--p 0000f000 08:03 25041402                   /usr/lib/x86_64-linux-gnu/libXext.so.6.4.0
7ff6c5cc4000-7ff6c5cc5000 rw-p 00010000 08:03 25041402                   /usr/lib/x86_64-linux-gnu/libXext.so.6.4.0
7ff6c5cc5000-7ff6c5d10000 r-xp 00000000 08:03 25170499                   /usr/lib/jvm/java-6-openjdk-amd64/jre/lib/amd64/xawt/libmawt.so
7ff6c5d10000-7ff6c5f10000 ---p 0004b000 08:03 25170499                   /usr/lib/jvm/java-6-openjdk-amd64/jre/lib/amd64/xawt/libmawt.so
7ff6c5f10000-7ff6c5f11000 r--p 0004b000 08:03 25170499                   /usr/lib/jvm/java-6-openjdk-amd64/jre/lib/amd64/xawt/libmawt.so
7ff6c5f11000-7ff6c5f14000 rw-p 0004c000 08:03 25170499                   /usr/lib/jvm/java-6-openjdk-amd64/jre/lib/amd64/xawt/libmawt.so
7ff6c5f14000-7ff6c5f15000 rw-p 00000000 00:00 0 
7ff6c5f15000-7ff6c5fc1000 r-xp 00000000 08:03 25171740                   /usr/lib/jvm/java-6-openjdk-amd64/jre/lib/amd64/libawt.so
7ff6c5fc1000-7ff6c61c1000 ---p 000ac000 08:03 25171740                   /usr/lib/jvm/java-6-openjdk-amd64/jre/lib/amd64/libawt.so
7ff6c61c1000-7ff6c61c2000 r--p 000ac000 08:03 25171740                   /usr/lib/jvm/java-6-openjdk-amd64/jre/lib/amd64/libawt.so
7ff6c61c2000-7ff6c61cd000 rw-p 000ad000 08:03 25171740                   /usr/lib/jvm/java-6-openjdk-amd64/jre/lib/amd64/libawt.so
7ff6c61cd000-7ff6c61f2000 rw-p 00000000 00:00 0 
7ff6c61f2000-7ff6c625a000 r-xp 00000000 08:03 2098709                    /tmp/libgdxkostja/1506174322/libgdx64.so
7ff6c625a000-7ff6c6459000 ---p 00068000 08:03 2098709                    /tmp/libgdxkostja/1506174322/libgdx64.so
7ff6c6459000-7ff6c645b000 r--p 00067000 08:03 2098709                    /tmp/libgdxkostja/1506174322/libgdx64.so
7ff6c645b000-7ff6c645c000 rw-p 00069000 08:03 2098709                    /tmp/libgdxkostja/1506174322/libgdx64.so
7ff6c645c000-7ff6c645d000 rw-p 00000000 00:00 0 
7ff6c645d000-7ff6c6463000 r--s 000fc000 08:03 25170619                   /usr/lib/jvm/java-6-openjdk-common/jre/lib/resources.jar
7ff6c6463000-7ff6c6464000 r--s 0011b000 08:03 22446595                   /home/kostja/Code/Java/Workspaces/libgdx/gdxinit-desktop/libs/gdx-natives.jar
7ff6c6464000-7ff6c6465000 r--s 00162000 08:03 22446597                   /home/kostja/Code/Java/Workspaces/libgdx/gdxinit-desktop/libs/gdx-backend-lwjgl-natives.jar
7ff6c6465000-7ff6c6479000 r--s 0014d000 08:03 22446598                   /home/kostja/Code/Java/Workspaces/libgdx/gdxinit-desktop/libs/gdx-backend-lwjgl.jar
7ff6c6479000-7ff6c647c000 r--s 0007f000 08:03 25170558                   /usr/lib/jvm/java-6-openjdk-common/jre/lib/jsse.jar
7ff6c647c000-7ff6c648e000 r--s 0010a000 08:03 22446590                   /home/kostja/Code/Java/Workspaces/libgdx/gdxinit/libs/gdx.jar
7ff6c648e000-7ff6c6492000 r--s 00039000 08:03 25170614                   /usr/lib/jvm/java-6-openjdk-common/jre/lib/ext/sunpkcs11.jar
7ff6c6492000-7ff6c6494000 r--s 00001000 08:03 25170616                   /usr/lib/jvm/java-6-openjdk-common/jre/lib/ext/dnsns.jar
7ff6c6494000-7ff6c6495000 r--s 00007000 08:03 25562636                   /usr/share/java/java-atk-wrapper.jar
7ff6c6495000-7ff6c6497000 r--s 0000f000 08:03 25170611                   /usr/lib/jvm/java-6-openjdk-common/jre/lib/ext/pulse-java.jar
7ff6c6497000-7ff6c649a000 r--s 00031000 08:03 25170608                   /usr/lib/jvm/java-6-openjdk-common/jre/lib/ext/sunjce_provider.jar
7ff6c649a000-7ff6c649d000 r--s 00077000 08:03 25170618                   /usr/lib/jvm/java-6-openjdk-common/jre/lib/ext/localedata.jar
7ff6c649d000-7ff6c649e000 ---p 00000000 00:00 0 
7ff6c649e000-7ff6c659e000 rw-p 00000000 00:00 0 
7ff6c659e000-7ff6c65a1000 ---p 00000000 00:00 0 
7ff6c65a1000-7ff6c669f000 rw-p 00000000 00:00 0 
7ff6c669f000-7ff6c66a2000 ---p 00000000 00:00 0 
7ff6c66a2000-7ff6c67a0000 rw-p 00000000 00:00 0 
7ff6c67a0000-7ff6c67a3000 ---p 00000000 00:00 0 
7ff6c67a3000-7ff6c68a1000 rw-p 00000000 00:00 0 
7ff6c68a1000-7ff6c68a4000 ---p 00000000 00:00 0 
7ff6c68a4000-7ff6c69a2000 rw-p 00000000 00:00 0 
7ff6c69a2000-7ff6c7085000 r--p 00000000 08:03 25169431                   /usr/lib/locale/locale-archive
7ff6c7085000-7ff6c7088000 ---p 00000000 00:00 0 
7ff6c7088000-7ff6c7186000 rw-p 00000000 00:00 0 
7ff6c7186000-7ff6c7189000 ---p 00000000 00:00 0 
7ff6c7189000-7ff6c7287000 rw-p 00000000 00:00 0 
7ff6c7287000-7ff6c7288000 ---p 00000000 00:00 0 
7ff6c7288000-7ff6c7c91000 rw-p 00000000 00:00 0 
7ff6c7c91000-7ff6c7e23000 r--s 037d5000 08:03 25169355                   /usr/lib/jvm/java-6-openjdk-amd64/jre/lib/rt.jar
7ff6c7e23000-7ff6c7e24000 ---p 00000000 00:00 0 
7ff6c7e24000-7ff6c7f24000 rw-p 00000000 00:00 0 
7ff6c7f24000-7ff6c7f25000 ---p 00000000 00:00 0 
7ff6c7f25000-7ff6c8025000 rw-p 00000000 00:00 0 
7ff6c8025000-7ff6c8026000 ---p 00000000 00:00 0 
7ff6c8026000-7ff6c8126000 rw-p 00000000 00:00 0 
7ff6c8126000-7ff6c8127000 ---p 00000000 00:00 0 
7ff6c8127000-7ff6c8227000 rw-p 00000000 00:00 0 
7ff6c8227000-7ff6c8228000 ---p 00000000 00:00 0 
7ff6c8228000-7ff6c8328000 rw-p 00000000 00:00 0 
7ff6c8328000-7ff6c8329000 ---p 00000000 00:00 0 
7ff6c8329000-7ff6c8429000 rw-p 00000000 00:00 0 
7ff6c8429000-7ff6c842a000 ---p 00000000 00:00 0 
7ff6c842a000-7ff6c8554000 rw-p 00000000 00:00 0 
7ff6c8554000-7ff6c87bc000 rw-p 00000000 00:00 0 
7ff6c87bc000-7ff6c87c7000 rw-p 00000000 00:00 0 
7ff6c87c7000-7ff6c880f000 rw-p 00000000 00:00 0 
7ff6c880f000-7ff6c8839000 rw-p 00000000 00:00 0 
7ff6c8839000-7ff6c8aa1000 rw-p 00000000 00:00 0 
7ff6c8aa1000-7ff6c8ab6000 rw-p 00000000 00:00 0 
7ff6c8ab6000-7ff6c8bea000 rw-p 00000000 00:00 0 
7ff6c8bea000-7ff6c8beb000 rw-p 00000000 00:00 0 
7ff6c8beb000-7ff6c8e5b000 rwxp 00000000 00:00 0 
7ff6c8e5b000-7ff6cbbeb000 rw-p 00000000 00:00 0 
7ff6cbbeb000-7ff6cbbf2000 r-xp 00000000 08:03 25171785                   /usr/lib/jvm/java-6-openjdk-amd64/jre/lib/amd64/libzip.so
7ff6cbbf2000-7ff6cbdf1000 ---p 00007000 08:03 25171785                   /usr/lib/jvm/java-6-openjdk-amd64/jre/lib/amd64/libzip.so
7ff6cbdf1000-7ff6cbdf2000 r--p 00006000 08:03 25171785                   /usr/lib/jvm/java-6-openjdk-amd64/jre/lib/amd64/libzip.so
7ff6cbdf2000-7ff6cbdf3000 rw-p 00007000 08:03 25171785                   /usr/lib/jvm/java-6-openjdk-amd64/jre/lib/amd64/libzip.so
7ff6cbdf3000-7ff6cbdff000 r-xp 00000000 08:03 24907364                   /lib/x86_64-linux-gnu/libnss_files-2.15.so
7ff6cbdff000-7ff6cbffe000 ---p 0000c000 08:03 24907364                   /lib/x86_64-linux-gnu/libnss_files-2.15.so
7ff6cbffe000-7ff6cbfff000 r--p 0000b000 08:03 24907364                   /lib/x86_64-linux-gnu/libnss_files-2.15.so
7ff6cbfff000-7ff6cc000000 rw-p 0000c000 08:03 24907364                   /lib/x86_64-linux-gnu/libnss_files-2.15.so
7ff6cc000000-7ff6cc344000 rw-p 00000000 00:00 0 
7ff6cc344000-7ff6d0000000 ---p 00000000 00:00 0 
7ff6d0000000-7ff6d0008000 r--s 00000000 08:03 1182518                    /var/cache/fontconfig/a6d8cf8e4ec09cdbc8633c31745a07dd-le64.cache-3
7ff6d0008000-7ff6d000c000 r--s 00000000 08:03 1182517                    /var/cache/fontconfig/2cd17615ca594fa2959ae173292e504c-le64.cache-3
7ff6d000c000-7ff6d000d000 r--s 00000000 08:03 1182516                    /var/cache/fontconfig/e7071f4a29fa870f4323321c154eba04-le64.cache-3
7ff6d000d000-7ff6d000e000 r--s 00000000 08:03 1182515                    /var/cache/fontconfig/0d8c3b2ac0904cb8a57a757ad11a4a08-le64.cache-3
7ff6d000e000-7ff6d0014000 r--s 00000000 08:03 1182514                    /var/cache/fontconfig/a755afe4a08bf5b97852ceb7400b47bc-le64.cache-3
7ff6d0014000-7ff6d001d000 r--s 00000000 08:03 1182513                    /var/cache/fontconfig/6d41288fd70b0be22e8c3a91e032eec0-le64.cache-3
7ff6d001d000-7ff6d002d000 r--s 00000000 08:03 1182512                    /var/cache/fontconfig/04aabc0a78ac019cf9454389977116d2-le64.cache-3
7ff6d002d000-7ff6d0032000 r--s 00000000 08:03 1182501                    /var/cache/fontconfig/3047814df9a2f067bd2d96a2b9c36e5a-le64.cache-3
7ff6d0032000-7ff6d0033000 r--s 00000000 08:03 1182500                    /var/cache/fontconfig/56cf4f4769d0f4abc89a4895d7bd3ae1-le64.cache-3
7ff6d0033000-7ff6d0034000 r--s 00000000 08:03 1182499                    /var/cache/fontconfig/b9d506c9ac06c20b433354fa67a72993-le64.cache-3
7ff6d0034000-7ff6d0039000 r--s 00000000 08:03 1182498                    /var/cache/fontconfig/b47c4e1ecd0709278f4910c18777a504-le64.cache-3
7ff6d0039000-7ff6d0041000 r--s 00000000 08:03 1182497                    /var/cache/fontconfig/52f7bdb7ce746bfd7eaa1985bd9cfa93-le64.cache-3
7ff6d0041000-7ff6d0051000 r--s 00000000 08:03 1182494                    /var/cache/fontconfig/d52a8644073d54c13679302ca1180695-le64.cache-3
7ff6d0051000-7ff6d00ac000 rw-p 00000000 00:00 0 
7ff6d00ac000-7ff6d00ad000 ---p 00000000 00:00 0 
7ff6d00ad000-7ff6d01b8000 rw-p 00000000 00:00 0 
7ff6d01b8000-7ff6d0200000 rw-p 00000000 00:00 0 
7ff6d0200000-7ff6d020a000 r-xp 00000000 08:03 24907293                   /lib/x86_64-linux-gnu/libnss_nis-2.15.so
7ff6d020a000-7ff6d040a000 ---p 0000a000 08:03 24907293                   /lib/x86_64-linux-gnu/libnss_nis-2.15.so
7ff6d040a000-7ff6d040b000 r--p 0000a000 08:03 24907293                   /lib/x86_64-linux-gnu/libnss_nis-2.15.so
7ff6d040b000-7ff6d040c000 rw-p 0000b000 08:03 24907293                   /lib/x86_64-linux-gnu/libnss_nis-2.15.so
7ff6d040c000-7ff6d0423000 r-xp 00000000 08:03 24907373                   /lib/x86_64-linux-gnu/libnsl-2.15.so
7ff6d0423000-7ff6d0622000 ---p 00017000 08:03 24907373                   /lib/x86_64-linux-gnu/libnsl-2.15.so
7ff6d0622000-7ff6d0623000 r--p 00016000 08:03 24907373                   /lib/x86_64-linux-gnu/libnsl-2.15.so
7ff6d0623000-7ff6d0624000 rw-p 00017000 08:03 24907373                   /lib/x86_64-linux-gnu/libnsl-2.15.so
7ff6d0624000-7ff6d0626000 rw-p 00000000 00:00 0 
7ff6d0626000-7ff6d062e000 r-xp 00000000 08:03 24907365                   /lib/x86_64-linux-gnu/libnss_compat-2.15.so
7ff6d062e000-7ff6d082d000 ---p 00008000 08:03 24907365                   /lib/x86_64-linux-gnu/libnss_compat-2.15.so
7ff6d082d000-7ff6d082e000 r--p 00007000 08:03 24907365                   /lib/x86_64-linux-gnu/libnss_compat-2.15.so
7ff6d082e000-7ff6d082f000 rw-p 00008000 08:03 24907365                   /lib/x86_64-linux-gnu/libnss_compat-2.15.so
7ff6d082f000-7ff6d085b000 r-xp 00000000 08:03 25171243                   /usr/lib/jvm/java-6-openjdk-amd64/jre/lib/amd64/libjava.so
7ff6d085b000-7ff6d0a5a000 ---p 0002c000 08:03 25171243                   /usr/lib/jvm/java-6-openjdk-amd64/jre/lib/amd64/libjava.so
7ff6d0a5a000-7ff6d0a5b000 r--p 0002b000 08:03 25171243                   /usr/lib/jvm/java-6-openjdk-amd64/jre/lib/amd64/libjava.so
7ff6d0a5b000-7ff6d0a5e000 rw-p 0002c000 08:03 25171243                   /usr/lib/jvm/java-6-openjdk-amd64/jre/lib/amd64/libjava.so
7ff6d0a5e000-7ff6d0a6c000 r-xp 00000000 08:03 25171240                   /usr/lib/jvm/java-6-openjdk-amd64/jre/lib/amd64/libverify.so
7ff6d0a6c000-7ff6d0c6b000 ---p 0000e000 08:03 25171240                   /usr/lib/jvm/java-6-openjdk-amd64/jre/lib/amd64/libverify.so
7ff6d0c6b000-7ff6d0c6d000 r--p 0000d000 08:03 25171240                   /usr/lib/jvm/java-6-openjdk-amd64/jre/lib/amd64/libverify.so
7ff6d0c6d000-7ff6d0c6e000 rw-p 0000f000 08:03 25171240                   /usr/lib/jvm/java-6-openjdk-amd64/jre/lib/amd64/libverify.so
7ff6d0c6e000-7ff6d0c75000 r-xp 00000000 08:03 24907255                   /lib/x86_64-linux-gnu/librt-2.15.so
7ff6d0c75000-7ff6d0e74000 ---p 00007000 08:03 24907255                   /lib/x86_64-linux-gnu/librt-2.15.so
7ff6d0e74000-7ff6d0e75000 r--p 00006000 08:03 24907255                   /lib/x86_64-linux-gnu/librt-2.15.so
7ff6d0e75000-7ff6d0e76000 rw-p 00007000 08:03 24907255                   /lib/x86_64-linux-gnu/librt-2.15.so
7ff6d0e76000-7ff6d0e8b000 r-xp 00000000 08:03 24907272                   /lib/x86_64-linux-gnu/libgcc_s.so.1
7ff6d0e8b000-7ff6d108a000 ---p 00015000 08:03 24907272                   /lib/x86_64-linux-gnu/libgcc_s.so.1
7ff6d108a000-7ff6d108b000 r--p 00014000 08:03 24907272                   /lib/x86_64-linux-gnu/libgcc_s.so.1
7ff6d108b000-7ff6d108c000 rw-p 00015000 08:03 24907272                   /lib/x86_64-linux-gnu/libgcc_s.so.1
7ff6d108c000-7ff6d1187000 r-xp 00000000 08:03 24907295                   /lib/x86_64-linux-gnu/libm-2.15.so
7ff6d1187000-7ff6d1386000 ---p 000fb000 08:03 24907295                   /lib/x86_64-linux-gnu/libm-2.15.so
7ff6d1386000-7ff6d1387000 r--p 000fa000 08:03 24907295                   /lib/x86_64-linux-gnu/libm-2.15.so
7ff6d1387000-7ff6d1388000 rw-p 000fb000 08:03 24907295                   /lib/x86_64-linux-gnu/libm-2.15.so
7ff6d1388000-7ff6d146a000 r-xp 00000000 08:03 25041973                   /usr/lib/x86_64-linux-gnu/libstdc++.so.6.0.16
7ff6d146a000-7ff6d1669000 ---p 000e2000 08:03 25041973                   /usr/lib/x86_64-linux-gnu/libstdc++.so.6.0.16
7ff6d1669000-7ff6d1671000 r--p 000e1000 08:03 25041973                   /usr/lib/x86_64-linux-gnu/libstdc++.so.6.0.16
7ff6d1671000-7ff6d1673000 rw-p 000e9000 08:03 25041973                   /usr/lib/x86_64-linux-gnu/libstdc++.so.6.0.16
7ff6d1673000-7ff6d1688000 rw-p 00000000 00:00 0 
7ff6d1688000-7ff6d1f8d000 r-xp 00000000 08:03 25171748                   /usr/lib/jvm/java-6-openjdk-amd64/jre/lib/amd64/server/libjvm.so
7ff6d1f8d000-7ff6d218d000 ---p 00905000 08:03 25171748                   /usr/lib/jvm/java-6-openjdk-amd64/jre/lib/amd64/server/libjvm.so
7ff6d218d000-7ff6d220d000 r--p 00905000 08:03 25171748                   /usr/lib/jvm/java-6-openjdk-amd64/jre/lib/amd64/server/libjvm.so
7ff6d220d000-7ff6d2228000 rw-p 00985000 08:03 25171748                   /usr/lib/jvm/java-6-openjdk-amd64/jre/lib/amd64/server/libjvm.so
7ff6d2228000-7ff6d2251000 rw-p 00000000 00:00 0 
7ff6d2251000-7ff6d2267000 r-xp 00000000 08:03 24907362                   /lib/x86_64-linux-gnu/libz.so.1.2.3.4
7ff6d2267000-7ff6d2466000 ---p 00016000 08:03 24907362                   /lib/x86_64-linux-gnu/libz.so.1.2.3.4
7ff6d2466000-7ff6d2467000 r--p 00015000 08:03 24907362                   /lib/x86_64-linux-gnu/libz.so.1.2.3.4
7ff6d2467000-7ff6d2468000 rw-p 00016000 08:03 24907362                   /lib/x86_64-linux-gnu/libz.so.1.2.3.4
7ff6d2468000-7ff6d261d000 r-xp 00000000 08:03 24903751                   /lib/x86_64-linux-gnu/libc-2.15.so
7ff6d261d000-7ff6d281c000 ---p 001b5000 08:03 24903751                   /lib/x86_64-linux-gnu/libc-2.15.so
7ff6d281c000-7ff6d2820000 r--p 001b4000 08:03 24903751                   /lib/x86_64-linux-gnu/libc-2.15.so
7ff6d2820000-7ff6d2822000 rw-p 001b8000 08:03 24903751                   /lib/x86_64-linux-gnu/libc-2.15.so
7ff6d2822000-7ff6d2827000 rw-p 00000000 00:00 0 
7ff6d2827000-7ff6d2829000 r-xp 00000000 08:03 24903722                   /lib/x86_64-linux-gnu/libdl-2.15.so
7ff6d2829000-7ff6d2a29000 ---p 00002000 08:03 24903722                   /lib/x86_64-linux-gnu/libdl-2.15.so
7ff6d2a29000-7ff6d2a2a000 r--p 00002000 08:03 24903722                   /lib/x86_64-linux-gnu/libdl-2.15.so
7ff6d2a2a000-7ff6d2a2b000 rw-p 00003000 08:03 24903722                   /lib/x86_64-linux-gnu/libdl-2.15.so
7ff6d2a2b000-7ff6d2a2f000 r-xp 00000000 08:03 25170627                   /usr/lib/jvm/java-6-openjdk-amd64/jre/lib/amd64/jli/libjli.so
7ff6d2a2f000-7ff6d2c2e000 ---p 00004000 08:03 25170627                   /usr/lib/jvm/java-6-openjdk-amd64/jre/lib/amd64/jli/libjli.so
7ff6d2c2e000-7ff6d2c2f000 r--p 00003000 08:03 25170627                   /usr/lib/jvm/java-6-openjdk-amd64/jre/lib/amd64/jli/libjli.so
7ff6d2c2f000-7ff6d2c30000 rw-p 00004000 08:03 25170627                   /usr/lib/jvm/java-6-openjdk-amd64/jre/lib/amd64/jli/libjli.so
7ff6d2c30000-7ff6d2c48000 r-xp 00000000 08:03 24904581                   /lib/x86_64-linux-gnu/libpthread-2.15.so
7ff6d2c48000-7ff6d2e47000 ---p 00018000 08:03 24904581                   /lib/x86_64-linux-gnu/libpthread-2.15.so
7ff6d2e47000-7ff6d2e48000 r--p 00017000 08:03 24904581                   /lib/x86_64-linux-gnu/libpthread-2.15.so
7ff6d2e48000-7ff6d2e49000 rw-p 00018000 08:03 24904581                   /lib/x86_64-linux-gnu/libpthread-2.15.so
7ff6d2e49000-7ff6d2e4d000 rw-p 00000000 00:00 0 
7ff6d2e4d000-7ff6d2e6f000 r-xp 00000000 08:03 24907368                   /lib/x86_64-linux-gnu/ld-2.15.so
7ff6d2e6f000-7ff6d2e70000 r--s 00000000 08:03 1182499                    /var/cache/fontconfig/b9d506c9ac06c20b433354fa67a72993-le64.cache-3
7ff6d2e70000-7ff6d2e74000 r--s 00000000 08:03 1182246                    /var/cache/fontconfig/7ef2298fde41cc6eeb7af42e48b7d293-le64.cache-3
7ff6d2e74000-7ff6d2e75000 r--s 00000000 08:03 18367183                   /home/kostja/.fontconfig/593ca46410035f7230c6819f4390f21e-le64.cache-3
7ff6d2e75000-7ff6d2e77000 r--s 00000000 08:03 1182519                    /var/cache/fontconfig/99e8ed0e538f840c565b6ed5dad60d56-le64.cache-3
7ff6d2e77000-7ff6d2e7a000 r--s 00000000 08:03 1182511                    /var/cache/fontconfig/385c0604a188198f04d133e54aba7fe7-le64.cache-3
7ff6d2e7a000-7ff6d2e7b000 r--s 00000000 08:03 1182283                    /var/cache/fontconfig/4794a0821666d79190d59a36cb4f44b5-le64.cache-3
7ff6d2e7b000-7ff6d2e7e000 r--s 00000000 08:03 1182504                    /var/cache/fontconfig/8801497958630a81b71ace7c5f9b32a8-le64.cache-3
7ff6d2e7e000-7ff6d2e84000 r--s 00000000 08:03 1182492                    /var/cache/fontconfig/3f7329c5293ffd510edef78f73874cfd-le64.cache-3
7ff6d2e84000-7ff6d2e8e000 rw-p 00000000 00:00 0 
7ff6d2e8e000-7ff6d2f44000 rw-p 00000000 00:00 0 
7ff6d2f44000-7ff6d2f47000 ---p 00000000 00:00 0 
7ff6d2f47000-7ff6d304a000 rw-p 00000000 00:00 0 
7ff6d304a000-7ff6d304b000 r--s 00000000 08:03 1182521                    /var/cache/fontconfig/c05880de57d1f5e948fdfacc138775d9-le64.cache-3
7ff6d304b000-7ff6d305e000 r--s 00000000 08:03 1182537                    /var/cache/fontconfig/e13b20fdb08344e0e664864cc2ede53d-le64.cache-3
7ff6d305e000-7ff6d3062000 r--s 00000000 08:03 1182246                    /var/cache/fontconfig/7ef2298fde41cc6eeb7af42e48b7d293-le64.cache-3
7ff6d3062000-7ff6d3063000 r--s 00000000 08:03 18367183                   /home/kostja/.fontconfig/593ca46410035f7230c6819f4390f21e-le64.cache-3
7ff6d3063000-7ff6d306b000 rw-s 00000000 08:03 2097184                    /tmp/hsperfdata_kostja/15159 (deleted)
7ff6d306b000-7ff6d306c000 rw-p 00000000 00:00 0 
7ff6d306c000-7ff6d306d000 ---p 00000000 00:00 0 
7ff6d306d000-7ff6d306f000 rw-p 00000000 00:00 0 
7ff6d306f000-7ff6d3070000 r--p 00022000 08:03 24907368                   /lib/x86_64-linux-gnu/ld-2.15.so
7ff6d3070000-7ff6d3072000 rw-p 00023000 08:03 24907368                   /lib/x86_64-linux-gnu/ld-2.15.so
7fffee447000-7fffee468000 rw-p 00000000 00:00 0                          [stack]
7fffee5ff000-7fffee600000 r-xp 00000000 00:00 0                          [vdso]
ffffffffff600000-ffffffffff601000 r-xp 00000000 00:00 0                  [vsyscall]

VM Arguments:
jvm_args: -Dfile.encoding=UTF-8 
java_command: info.silin.gdxinit.Main
Launcher Type: SUN_STANDARD

Environment Variables:
JAVA_HOME=/usr/lib/jvm/java-6-openjdk
PATH=/home/kostja/Code/android/android-sdk-linux/tools:/home/kostja/Code/android/android-sdk-linux/platform-tools:/home/kostja/Code/Java/Tools/apache-maven-3.0.3/bin:/home/kostja/bin:/usr/local/sbin:/usr/local/bin:/usr/sbin:/usr/bin:/sbin:/bin:/usr/games
USERNAME=kostja
LD_LIBRARY_PATH=/usr/lib/jvm/java-6-openjdk-amd64/jre/lib/amd64/server:/usr/lib/jvm/java-6-openjdk-amd64/jre/lib/amd64:/usr/lib/jvm/java-6-openjdk-amd64/jre/../lib/amd64
SHELL=/bin/bash
DISPLAY=:0.0

Signal Handlers:
SIGSEGV: [libjvm.so+0x785360], sa_mask[0]=0x7ffbfeff, sa_flags=0x10000004
SIGBUS: [libjvm.so+0x785360], sa_mask[0]=0x7ffbfeff, sa_flags=0x10000004
SIGFPE: [libjvm.so+0x648dc0], sa_mask[0]=0x7ffbfeff, sa_flags=0x10000004
SIGPIPE: [libjvm.so+0x648dc0], sa_mask[0]=0x7ffbfeff, sa_flags=0x10000004
SIGXFSZ: [libjvm.so+0x648dc0], sa_mask[0]=0x7ffbfeff, sa_flags=0x10000004
SIGILL: [libjvm.so+0x648dc0], sa_mask[0]=0x7ffbfeff, sa_flags=0x10000004
SIGUSR1: SIG_DFL, sa_mask[0]=0x00000000, sa_flags=0x00000000
SIGUSR2: [libjvm.so+0x648f70], sa_mask[0]=0x00000004, sa_flags=0x10000004
SIGHUP: [libjvm.so+0x64ba90], sa_mask[0]=0x7ffbfeff, sa_flags=0x10000004
SIGINT: [libjvm.so+0x64ba90], sa_mask[0]=0x7ffbfeff, sa_flags=0x10000004
SIGTERM: [libjvm.so+0x64ba90], sa_mask[0]=0x7ffbfeff, sa_flags=0x10000004
SIGQUIT: [libjvm.so+0x64ba90], sa_mask[0]=0x7ffbfeff, sa_flags=0x10000004


---------------  S Y S T E M  ---------------

OS:LinuxMint 13 (maya)
uname:Linux 3.2.0-23-generic #36-Ubuntu SMP Tue Apr 10 20:39:51 UTC 2012 x86_64
libc:glibc 2.15 NPTL 2.15 
rlimit: STACK 8192k, CORE 0k, NPROC 62975, NOFILE 4096, AS infinity
load average:1.13 1.04 1.10

/proc/meminfo:
MemTotal:        8078412 kB
MemFree:          602044 kB
Buffers:         1057552 kB
Cached:          2305632 kB
SwapCached:          952 kB
Active:          3427796 kB
Inactive:        2114340 kB
Active(anon):    1805364 kB
Inactive(anon):   416612 kB
Active(file):    1622432 kB
Inactive(file):  1697728 kB
Unevictable:           0 kB
Mlocked:               0 kB
SwapTotal:       4312060 kB
SwapFree:        4307724 kB
Dirty:            101336 kB
Writeback:             0 kB
AnonPages:       2177836 kB
Mapped:          1321980 kB
Shmem:             43024 kB
Slab:             498440 kB
SReclaimable:     446796 kB
SUnreclaim:        51644 kB
KernelStack:        4464 kB
PageTables:        32696 kB
NFS_Unstable:          0 kB
Bounce:                0 kB
WritebackTmp:          0 kB
CommitLimit:     8351264 kB
Committed_AS:    5155240 kB
VmallocTotal:   34359738367 kB
VmallocUsed:      591488 kB
VmallocChunk:   34359144284 kB
HardwareCorrupted:     0 kB
AnonHugePages:         0 kB
HugePages_Total:       0
HugePages_Free:        0
HugePages_Rsvd:        0
HugePages_Surp:        0
Hugepagesize:       2048 kB
DirectMap4k:      157696 kB
DirectMap2M:     8138752 kB


CPU:total 8 (4 cores per cpu, 2 threads per core) family 6 model 58 stepping 9, cmov, cx8, fxsr, mmx, sse, sse2, sse3, ssse3, sse4.1, sse4.2, popcnt, ht

Memory: 4k page, physical 8078412k(602044k free), swap 4312060k(4307724k free)

vm_info: OpenJDK 64-Bit Server VM (20.0-b12) for linux-amd64 JRE (1.6.0_27-b27), built on Mar  5 2013 00:27:30 by "buildd" with gcc 4.6.3

time: Mon Apr 29 10:45:21 2013
elapsed time: 0 seconds

