#
# A fatal error has been detected by the Java Runtime Environment:
#
#  SIGSEGV (0xb) at pc=0x00007f322faeec58, pid=15211, tid=139853821798144
#
# JRE version: 6.0_27-b27
# Java VM: OpenJDK 64-Bit Server VM (20.0-b12 mixed mode linux-amd64 compressed oops)
# Derivative: IcedTea6 1.12.3
# Distribution: Ubuntu 12.04 LTS, package 6b27-1.12.3-0ubuntu1~12.04.1
# Problematic frame:
# C  [libX11.so.6+0x33c58]  XQueryExtension+0x28
#
# If you would like to submit a bug report, please include
# instructions how to reproduce the bug and visit:
#   https://bugs.launchpad.net/ubuntu/+source/openjdk-6/
#

---------------  T H R E A D  ---------------

Current thread is native thread

siginfo:si_signo=SIGSEGV: si_errno=0, si_code=1 (SEGV_MAPERR), si_addr=0xffffffffbc0139f8

Registers:
RAX=0x0000000001a89900, RBX=0xffffffffbc013090, RCX=0x00007fffff9672e8, RDX=0x00007fffff9672e4
RSP=0x00007fffff967280, RBP=0x00007f3227067932, RSI=0x00007f3227067932, RDI=0xffffffffbc013090
R8 =0x00007fffff9672ec, R9 =0x0000000000000010, R10=0x00007f3240dc3fa8, R11=0x0000000000000000
R12=0x0000000000000000, R13=0x00007f3227067932, R14=0x0000000001a89900, R15=0x0000000000000000
RIP=0x00007f322faeec58, EFLAGS=0x0000000000010202, CSGSFS=0x0000000000000033, ERR=0x0000000000000005
  TRAPNO=0x000000000000000e

Top of Stack: (sp=0x00007fffff967280)
0x00007fffff967280:   0000000000000000 0000003000000003
0x00007fffff967290:   0000006e0000005b 0000007c00000077
0x00007fffff9672a0:   00000000ffffffff ffffffffbc013090
0x00007fffff9672b0:   00007f3227067932 0000000000000000
0x00007fffff9672c0:   00007f3227067932 0000000001a89900
0x00007fffff9672d0:   0000000000000000 00007f322fae2c55
0x00007fffff9672e0:   00007f3241610048 00007f32271a0520
0x00007fffff9672f0:   00007f32271a0520 ffffffffbc013090
0x00007fffff967300:   00007f31bc014ef0 00007f322fdfc02b
0x00007fffff967310:   00007f3240a16790 0000001100000038
0x00007fffff967320:   00007fffff9673a0 0000000000000000
0x00007fffff967330:   00007fffff9673a0 ffffffffbc013090
0x00007fffff967340:   0000000000000000 00007f3241610048
0x00007fffff967350:   00007f32271b9d50 00007f322700e119
0x00007fffff967360:   0000000000000000 0000000000000038
0x00007fffff967370:   00007fffff9673a0 00007fffff9673c0
0x00007fffff967380:   0000000000000000 00007f3241610048
0x00007fffff967390:   00007f31bc01a820 00007f3227004b42
0x00007fffff9673a0:   00007fffff9675f0 00007f32270678b1
0x00007fffff9673b0:   00007fffff9675f0 00007f32413fc92d
0x00007fffff9673c0:   00007f32416112c8 00007f3241611858
0x00007fffff9673d0:   00007f32415e9000 00007f3238006200
0x00007fffff9673e0:   00007f3238006d10 00007f3238007210
0x00007fffff9673f0:   00007f323800bef0 00007f32380e9800
0x00007fffff967400:   00007f3238197710 00007f3238197bf0
0x00007fffff967410:   00007f32415e8000 00007f3238295bc0
0x00007fffff967420:   00007f32382956f0 00007f3238285aa0
0x00007fffff967430:   00007f323828ded0 00007f3238159530
0x00007fffff967440:   00007f323810f910 00007f323810f470
0x00007fffff967450:   00007f323815e5b0 00007f32380025e0
0x00007fffff967460:   00007f3238001ec0 0000000001a875f0
0x00007fffff967470:   0000000001a87b60 0000000001a88570 

Instructions: (pc=0x00007f322faeec58)
0x00007f322faeec38:   24 d8 48 89 fb 4c 89 64 24 e0 4c 89 6c 24 e8 48
0x00007f322faeec48:   89 f5 4c 89 74 24 f0 4c 89 7c 24 f8 48 83 ec 58
0x00007f322faeec58:   48 8b 87 68 09 00 00 49 89 d4 49 89 cd 4d 89 c6
0x00007f322faeec68:   48 85 c0 74 02 ff 10 ba 08 00 00 00 be 62 00 00 

Register to memory mapping:

RAX=0x0000000001a89900 is an unknown value
RBX=0xffffffffbc013090 is an unknown value
RCX=0x00007fffff9672e8 is an unknown value
RDX=0x00007fffff9672e4 is an unknown value
RSP=0x00007fffff967280 is an unknown value
RBP=0x00007f3227067932: <offset 0x96932> in /usr/lib/fglrx/libGL.so.1 at 0x00007f3226fd1000
RSI=0x00007f3227067932: <offset 0x96932> in /usr/lib/fglrx/libGL.so.1 at 0x00007f3226fd1000
RDI=0xffffffffbc013090 is an unknown value
R8 =0x00007fffff9672ec is an unknown value
R9 =0x0000000000000010 is an unknown value
R10=0x00007f3240dc3fa8: <offset 0x3bbfa8> in /lib/x86_64-linux-gnu/libc.so.6 at 0x00007f3240a08000
R11=0x0000000000000000 is an unknown value
R12=0x0000000000000000 is an unknown value
R13=0x00007f3227067932: <offset 0x96932> in /usr/lib/fglrx/libGL.so.1 at 0x00007f3226fd1000
R14=0x0000000001a89900 is an unknown value
R15=0x0000000000000000 is an unknown value


Stack: [0x00007fffff869000,0x00007fffff969000],  sp=0x00007fffff967280,  free space=1016k
Native frames: (J=compiled Java code, j=interpreted, Vv=VM code, C=native code)
C  [libX11.so.6+0x33c58]  XQueryExtension+0x28


---------------  P R O C E S S  ---------------

VM state:at safepoint (shutting down)

VM Mutex/Monitor currently owned by a thread:  ([mutex/lock_event])
[0x00007f32380045d0] Threads_lock - owner thread: 0x00007f3238079000

Heap
 PSYoungGen      total 36800K, used 13047K [0x00000007d6e00000, 0x00000007d9710000, 0x0000000800000000)
  eden space 31552K, 41% used [0x00000007d6e00000,0x00000007d7abdc40,0x00000007d8cd0000)
  from space 5248K, 0% used [0x00000007d91f0000,0x00000007d91f0000,0x00000007d9710000)
  to   space 5248K, 0% used [0x00000007d8cd0000,0x00000007d8cd0000,0x00000007d91f0000)
 PSOldGen        total 84224K, used 0K [0x0000000784a00000, 0x0000000789c40000, 0x00000007d6e00000)
  object space 84224K, 0% used [0x0000000784a00000,0x0000000784a00000,0x0000000789c40000)
 PSPermGen       total 21248K, used 10265K [0x000000077a400000, 0x000000077b8c0000, 0x0000000784a00000)
  object space 21248K, 48% used [0x000000077a400000,0x000000077ae066b0,0x000000077b8c0000)

Code Cache  [0x00007f3235000000, 0x00007f3235270000, 0x00007f3238000000)
 total_blobs=509 nmethods=44 adapters=420 free_code_cache=49686592 largest_free_block=10816

Dynamic libraries:
00400000-00409000 r-xp 00000000 08:03 25171786                           /usr/lib/jvm/java-6-openjdk-amd64/jre/bin/java
00608000-00609000 r--p 00008000 08:03 25171786                           /usr/lib/jvm/java-6-openjdk-amd64/jre/bin/java
00609000-0060a000 rw-p 00009000 08:03 25171786                           /usr/lib/jvm/java-6-openjdk-amd64/jre/bin/java
01a87000-01aa8000 rw-p 00000000 00:00 0                                  [heap]
77a400000-77b8c0000 rw-p 00000000 00:00 0 
77b8c0000-784a00000 rw-p 00000000 00:00 0 
784a00000-789c40000 rw-p 00000000 00:00 0 
789c40000-7d6e00000 rw-p 00000000 00:00 0 
7d6e00000-7d9710000 rw-p 00000000 00:00 0 
7d9710000-800000000 rw-p 00000000 00:00 0 
7f31bc000000-7f31bcf23000 rw-p 00000000 00:00 0 
7f31bcf23000-7f31c0000000 ---p 00000000 00:00 0 
7f31c0000000-7f31c0021000 rw-p 00000000 00:00 0 
7f31c0021000-7f31c4000000 ---p 00000000 00:00 0 
7f31c4000000-7f31c4021000 rw-p 00000000 00:00 0 
7f31c4021000-7f31c8000000 ---p 00000000 00:00 0 
7f31d0000000-7f31d0021000 rw-p 00000000 00:00 0 
7f31d0021000-7f31d4000000 ---p 00000000 00:00 0 
7f31d4000000-7f31d4021000 rw-p 00000000 00:00 0 
7f31d4021000-7f31d8000000 ---p 00000000 00:00 0 
7f31d8000000-7f31d8021000 rw-p 00000000 00:00 0 
7f31d8021000-7f31dc000000 ---p 00000000 00:00 0 
7f31dc000000-7f31dc021000 rw-p 00000000 00:00 0 
7f31dc021000-7f31e0000000 ---p 00000000 00:00 0 
7f31e0000000-7f31e02e5000 rw-p 00000000 00:00 0 
7f31e02e5000-7f31e4000000 ---p 00000000 00:00 0 
7f31e4000000-7f31e4021000 rw-p 00000000 00:00 0 
7f31e4021000-7f31e8000000 ---p 00000000 00:00 0 
7f31e8000000-7f31e8021000 rw-p 00000000 00:00 0 
7f31e8021000-7f31ec000000 ---p 00000000 00:00 0 
7f31ec000000-7f31ec2b2000 rw-p 00000000 00:00 0 
7f31ec2b2000-7f31f0000000 ---p 00000000 00:00 0 
7f31f0000000-7f31f0021000 rw-p 00000000 00:00 0 
7f31f0021000-7f31f4000000 ---p 00000000 00:00 0 
7f31f4000000-7f31f4021000 rw-p 00000000 00:00 0 
7f31f4021000-7f31f8000000 ---p 00000000 00:00 0 
7f31f8000000-7f31f8021000 rw-p 00000000 00:00 0 
7f31f8021000-7f31fc000000 ---p 00000000 00:00 0 
7f31fc000000-7f31fc021000 rw-p 00000000 00:00 0 
7f31fc021000-7f3200000000 ---p 00000000 00:00 0 
7f3200000000-7f3200021000 rw-p 00000000 00:00 0 
7f3200021000-7f3204000000 ---p 00000000 00:00 0 
7f3208000000-7f3208021000 rw-p 00000000 00:00 0 
7f3208021000-7f320c000000 ---p 00000000 00:00 0 
7f3210000000-7f3210021000 rw-p 00000000 00:00 0 
7f3210021000-7f3214000000 ---p 00000000 00:00 0 
7f3218000000-7f3218021000 rw-p 00000000 00:00 0 
7f3218021000-7f321c000000 ---p 00000000 00:00 0 
7f321ff00000-7f3220000000 rw-s 172de000 00:05 7667                       /dev/ati/card0
7f3220000000-7f3220021000 rw-p 00000000 00:00 0 
7f3220021000-7f3224000000 ---p 00000000 00:00 0 
7f322401b000-7f32240b0000 rw-p 00000000 00:00 0 
7f32240b0000-7f32247b0000 rw-s 00006000 00:05 7667                       /dev/ati/card0
7f32247b0000-7f32248a2000 rw-p 00000000 00:00 0 
7f32248a2000-7f32248a4000 r-xp 00000000 08:03 25041410                   /usr/lib/x86_64-linux-gnu/libXinerama.so.1.0.0
7f32248a4000-7f3224aa3000 ---p 00002000 08:03 25041410                   /usr/lib/x86_64-linux-gnu/libXinerama.so.1.0.0
7f3224aa3000-7f3224aa4000 r--p 00001000 08:03 25041410                   /usr/lib/x86_64-linux-gnu/libXinerama.so.1.0.0
7f3224aa4000-7f3224aa5000 rw-p 00002000 08:03 25041410                   /usr/lib/x86_64-linux-gnu/libXinerama.so.1.0.0
7f3224aa5000-7f3224ae0000 r-xp 00000000 08:03 25036429                   /usr/lib/fglrx/libatiadlxx.so
7f3224ae0000-7f3224be0000 ---p 0003b000 08:03 25036429                   /usr/lib/fglrx/libatiadlxx.so
7f3224be0000-7f3224be9000 rw-p 0003b000 08:03 25036429                   /usr/lib/fglrx/libatiadlxx.so
7f3224be9000-7f3224bfa000 rw-p 00000000 00:00 0 
7f3224bfa000-7f3224c01000 r-xp 00000000 08:03 25036449                   /usr/lib/fglrx/libatiuki.so.1.0
7f3224c01000-7f3224d01000 ---p 00007000 08:03 25036449                   /usr/lib/fglrx/libatiuki.so.1.0
7f3224d01000-7f3224d02000 rw-p 00007000 08:03 25036449                   /usr/lib/fglrx/libatiuki.so.1.0
7f3224d02000-7f3224d03000 rw-p 00000000 00:00 0 
7f3224d03000-7f3226c5d000 r-xp 00000000 08:03 25036430                   /usr/lib/fglrx/dri/fglrx_dri.so
7f3226c5d000-7f3226d5d000 ---p 01f5a000 08:03 25036430                   /usr/lib/fglrx/dri/fglrx_dri.so
7f3226d5d000-7f3226eab000 rwxp 01f5a000 08:03 25036430                   /usr/lib/fglrx/dri/fglrx_dri.so
7f3226eab000-7f3226fd1000 rwxp 00000000 00:00 0 
7f3226fd1000-7f3227094000 r-xp 00000000 08:03 25036432                   /usr/lib/fglrx/libGL.so.1.2
7f3227094000-7f3227193000 ---p 000c3000 08:03 25036432                   /usr/lib/fglrx/libGL.so.1.2
7f3227193000-7f32271ba000 rwxp 000c2000 08:03 25036432                   /usr/lib/fglrx/libGL.so.1.2
7f32271ba000-7f32271da000 rwxp 00000000 00:00 0 
7f32271da000-7f32271dd000 ---p 00000000 00:00 0 
7f32271dd000-7f32272db000 rw-p 00000000 00:00 0 
7f32272db000-7f32272de000 ---p 00000000 00:00 0 
7f32272de000-7f32273dc000 rw-p 00000000 00:00 0 
7f32273dc000-7f32273dd000 ---p 00000000 00:00 0 
7f32273dd000-7f3227bdd000 rw-p 00000000 00:00 0 
7f3227bdd000-7f3227bf5000 r-xp 00000000 08:03 24907292                   /lib/x86_64-linux-gnu/libresolv-2.15.so
7f3227bf5000-7f3227df5000 ---p 00018000 08:03 24907292                   /lib/x86_64-linux-gnu/libresolv-2.15.so
7f3227df5000-7f3227df6000 r--p 00018000 08:03 24907292                   /lib/x86_64-linux-gnu/libresolv-2.15.so
7f3227df6000-7f3227df7000 rw-p 00019000 08:03 24907292                   /lib/x86_64-linux-gnu/libresolv-2.15.so
7f3227df7000-7f3227df9000 rw-p 00000000 00:00 0 
7f3227df9000-7f3227dff000 r-xp 00000000 08:03 25041852                   /usr/lib/x86_64-linux-gnu/libogg.so.0.7.1
7f3227dff000-7f3227ffe000 ---p 00006000 08:03 25041852                   /usr/lib/x86_64-linux-gnu/libogg.so.0.7.1
7f3227ffe000-7f3227fff000 r--p 00005000 08:03 25041852                   /usr/lib/x86_64-linux-gnu/libogg.so.0.7.1
7f3227fff000-7f3228000000 rw-p 00006000 08:03 25041852                   /usr/lib/x86_64-linux-gnu/libogg.so.0.7.1
7f3228000000-7f3228021000 rw-p 00000000 00:00 0 
7f3228021000-7f322c000000 ---p 00000000 00:00 0 
7f322c00d000-7f322c010000 ---p 00000000 00:00 0 
7f322c010000-7f322c10e000 rw-p 00000000 00:00 0 
7f322c10e000-7f322c139000 r-xp 00000000 08:03 25042037                   /usr/lib/x86_64-linux-gnu/libvorbis.so.0.4.5
7f322c139000-7f322c338000 ---p 0002b000 08:03 25042037                   /usr/lib/x86_64-linux-gnu/libvorbis.so.0.4.5
7f322c338000-7f322c339000 r--p 0002a000 08:03 25042037                   /usr/lib/x86_64-linux-gnu/libvorbis.so.0.4.5
7f322c339000-7f322c33a000 rw-p 0002b000 08:03 25042037                   /usr/lib/x86_64-linux-gnu/libvorbis.so.0.4.5
7f322c33a000-7f322c5ed000 r-xp 00000000 08:03 25042039                   /usr/lib/x86_64-linux-gnu/libvorbisenc.so.2.0.8
7f322c5ed000-7f322c7ec000 ---p 002b3000 08:03 25042039                   /usr/lib/x86_64-linux-gnu/libvorbisenc.so.2.0.8
7f322c7ec000-7f322c808000 r--p 002b2000 08:03 25042039                   /usr/lib/x86_64-linux-gnu/libvorbisenc.so.2.0.8
7f322c808000-7f322c809000 rw-p 002ce000 08:03 25042039                   /usr/lib/x86_64-linux-gnu/libvorbisenc.so.2.0.8
7f322c809000-7f322c851000 r-xp 00000000 08:03 25041320                   /usr/lib/x86_64-linux-gnu/libFLAC.so.8.2.0
7f322c851000-7f322ca51000 ---p 00048000 08:03 25041320                   /usr/lib/x86_64-linux-gnu/libFLAC.so.8.2.0
7f322ca51000-7f322ca52000 r--p 00048000 08:03 25041320                   /usr/lib/x86_64-linux-gnu/libFLAC.so.8.2.0
7f322ca52000-7f322ca53000 rw-p 00049000 08:03 25041320                   /usr/lib/x86_64-linux-gnu/libFLAC.so.8.2.0
7f322ca53000-7f322ca58000 r-xp 00000000 08:03 25041452                   /usr/lib/x86_64-linux-gnu/libasyncns.so.0.3.1
7f322ca58000-7f322cc57000 ---p 00005000 08:03 25041452                   /usr/lib/x86_64-linux-gnu/libasyncns.so.0.3.1
7f322cc57000-7f322cc58000 r--p 00004000 08:03 25041452                   /usr/lib/x86_64-linux-gnu/libasyncns.so.0.3.1
7f322cc58000-7f322cc59000 rw-p 00005000 08:03 25041452                   /usr/lib/x86_64-linux-gnu/libasyncns.so.0.3.1
7f322cc59000-7f322ccb9000 r-xp 00000000 08:03 25041951                   /usr/lib/x86_64-linux-gnu/libsndfile.so.1.0.25
7f322ccb9000-7f322ceb9000 ---p 00060000 08:03 25041951                   /usr/lib/x86_64-linux-gnu/libsndfile.so.1.0.25
7f322ceb9000-7f322cebb000 r--p 00060000 08:03 25041951                   /usr/lib/x86_64-linux-gnu/libsndfile.so.1.0.25
7f322cebb000-7f322cebc000 rw-p 00062000 08:03 25041951                   /usr/lib/x86_64-linux-gnu/libsndfile.so.1.0.25
7f322cebc000-7f322cec0000 rw-p 00000000 00:00 0 
7f322cec0000-7f322cec8000 r-xp 00000000 08:03 24907360                   /lib/x86_64-linux-gnu/libwrap.so.0.7.6
7f322cec8000-7f322d0c7000 ---p 00008000 08:03 24907360                   /lib/x86_64-linux-gnu/libwrap.so.0.7.6
7f322d0c7000-7f322d0c8000 r--p 00007000 08:03 24907360                   /lib/x86_64-linux-gnu/libwrap.so.0.7.6
7f322d0c8000-7f322d0c9000 rw-p 00008000 08:03 24907360                   /lib/x86_64-linux-gnu/libwrap.so.0.7.6
7f322d0c9000-7f322d10b000 r-xp 00000000 08:03 24907263                   /lib/x86_64-linux-gnu/libdbus-1.so.3.5.8
7f322d10b000-7f322d30b000 ---p 00042000 08:03 24907263                   /lib/x86_64-linux-gnu/libdbus-1.so.3.5.8
7f322d30b000-7f322d30c000 r--p 00042000 08:03 24907263                   /lib/x86_64-linux-gnu/libdbus-1.so.3.5.8
7f322d30c000-7f322d30d000 rw-p 00043000 08:03 24907263                   /lib/x86_64-linux-gnu/libdbus-1.so.3.5.8
7f322d30d000-7f322d369000 r-xp 00000000 08:03 25038372                   /usr/lib/x86_64-linux-gnu/libpulsecommon-1.1.so
7f322d369000-7f322d569000 ---p 0005c000 08:03 25038372                   /usr/lib/x86_64-linux-gnu/libpulsecommon-1.1.so
7f322d569000-7f322d56a000 r--p 0005c000 08:03 25038372                   /usr/lib/x86_64-linux-gnu/libpulsecommon-1.1.so
7f322d56a000-7f322d56b000 rw-p 0005d000 08:03 25038372                   /usr/lib/x86_64-linux-gnu/libpulsecommon-1.1.so
7f322d56b000-7f322d572000 r-xp 00000000 08:03 25041782                   /usr/lib/x86_64-linux-gnu/libjson.so.0.0.1
7f322d572000-7f322d771000 ---p 00007000 08:03 25041782                   /usr/lib/x86_64-linux-gnu/libjson.so.0.0.1
7f322d771000-7f322d772000 r--p 00006000 08:03 25041782                   /usr/lib/x86_64-linux-gnu/libjson.so.0.0.1
7f322d772000-7f322d773000 rw-p 00007000 08:03 25041782                   /usr/lib/x86_64-linux-gnu/libjson.so.0.0.1
7f322d773000-7f322d7b9000 r-xp 00000000 08:03 25044722                   /usr/lib/x86_64-linux-gnu/libpulse.so.0.13.5
7f322d7b9000-7f322d9b9000 ---p 00046000 08:03 25044722                   /usr/lib/x86_64-linux-gnu/libpulse.so.0.13.5
7f322d9b9000-7f322d9ba000 r--p 00046000 08:03 25044722                   /usr/lib/x86_64-linux-gnu/libpulse.so.0.13.5
7f322d9ba000-7f322d9bb000 rw-p 00047000 08:03 25044722                   /usr/lib/x86_64-linux-gnu/libpulse.so.0.13.5
7f322dc10000-7f322dc14000 r-xp 00000000 08:03 25041432                   /usr/lib/x86_64-linux-gnu/libXxf86vm.so.1.0.0
7f322dc14000-7f322de13000 ---p 00004000 08:03 25041432                   /usr/lib/x86_64-linux-gnu/libXxf86vm.so.1.0.0
7f322de13000-7f322de14000 r--p 00003000 08:03 25041432                   /usr/lib/x86_64-linux-gnu/libXxf86vm.so.1.0.0
7f322de14000-7f322de15000 rw-p 00004000 08:03 25041432                   /usr/lib/x86_64-linux-gnu/libXxf86vm.so.1.0.0
7f322de15000-7f322de1c000 r-xp 00000000 08:03 25044731                   /usr/lib/x86_64-linux-gnu/libXrandr.so.2.2.0
7f322de1c000-7f322e01b000 ---p 00007000 08:03 25044731                   /usr/lib/x86_64-linux-gnu/libXrandr.so.2.2.0
7f322e01b000-7f322e01c000 r--p 00006000 08:03 25044731                   /usr/lib/x86_64-linux-gnu/libXrandr.so.2.2.0
7f322e01c000-7f322e01d000 rw-p 00007000 08:03 25044731                   /usr/lib/x86_64-linux-gnu/libXrandr.so.2.2.0
7f322e01d000-7f322e087000 r-xp 00000000 08:03 2098710                    /tmp/libgdxkostja/2789134151/liblwjgl64.so
7f322e087000-7f322e287000 ---p 0006a000 08:03 2098710                    /tmp/libgdxkostja/2789134151/liblwjgl64.so
7f322e287000-7f322e289000 r--p 0006a000 08:03 2098710                    /tmp/libgdxkostja/2789134151/liblwjgl64.so
7f322e289000-7f322e28a000 rw-p 0006c000 08:03 2098710                    /tmp/libgdxkostja/2789134151/liblwjgl64.so
7f322e28a000-7f322e28b000 r-xp 00000000 08:03 25171783                   /usr/lib/jvm/java-6-openjdk-amd64/jre/lib/amd64/libjawt.so
7f322e28b000-7f322e48a000 ---p 00001000 08:03 25171783                   /usr/lib/jvm/java-6-openjdk-amd64/jre/lib/amd64/libjawt.so
7f322e48a000-7f322e48b000 r--p 00000000 08:03 25171783                   /usr/lib/jvm/java-6-openjdk-amd64/jre/lib/amd64/libjawt.so
7f322e48b000-7f322e48c000 rw-p 00001000 08:03 25171783                   /usr/lib/jvm/java-6-openjdk-amd64/jre/lib/amd64/libjawt.so
7f322e48c000-7f322e48f000 ---p 00000000 00:00 0 
7f322e48f000-7f322e58d000 rw-p 00000000 00:00 0 
7f322e58d000-7f322e592000 r-xp 00000000 08:03 25041404                   /usr/lib/x86_64-linux-gnu/libXfixes.so.3.1.0
7f322e592000-7f322e791000 ---p 00005000 08:03 25041404                   /usr/lib/x86_64-linux-gnu/libXfixes.so.3.1.0
7f322e791000-7f322e792000 r--p 00004000 08:03 25041404                   /usr/lib/x86_64-linux-gnu/libXfixes.so.3.1.0
7f322e792000-7f322e793000 rw-p 00005000 08:03 25041404                   /usr/lib/x86_64-linux-gnu/libXfixes.so.3.1.0
7f322e793000-7f322e79c000 r-xp 00000000 08:03 25041394                   /usr/lib/x86_64-linux-gnu/libXcursor.so.1.0.2
7f322e79c000-7f322e99b000 ---p 00009000 08:03 25041394                   /usr/lib/x86_64-linux-gnu/libXcursor.so.1.0.2
7f322e99b000-7f322e99c000 r--p 00008000 08:03 25041394                   /usr/lib/x86_64-linux-gnu/libXcursor.so.1.0.2
7f322e99c000-7f322e99d000 rw-p 00009000 08:03 25041394                   /usr/lib/x86_64-linux-gnu/libXcursor.so.1.0.2
7f322e99d000-7f322ea33000 r-xp 00000000 08:03 25041683                   /usr/lib/x86_64-linux-gnu/libfreetype.so.6.8.0
7f322ea33000-7f322ec32000 ---p 00096000 08:03 25041683                   /usr/lib/x86_64-linux-gnu/libfreetype.so.6.8.0
7f322ec32000-7f322ec38000 r--p 00095000 08:03 25041683                   /usr/lib/x86_64-linux-gnu/libfreetype.so.6.8.0
7f322ec38000-7f322ec39000 rw-p 0009b000 08:03 25041683                   /usr/lib/x86_64-linux-gnu/libfreetype.so.6.8.0
7f322ec39000-7f322ec73000 r-xp 00000000 08:03 25171238                   /usr/lib/jvm/java-6-openjdk-amd64/jre/lib/amd64/libfontmanager.so
7f322ec73000-7f322ee72000 ---p 0003a000 08:03 25171238                   /usr/lib/jvm/java-6-openjdk-amd64/jre/lib/amd64/libfontmanager.so
7f322ee72000-7f322ee74000 r--p 00039000 08:03 25171238                   /usr/lib/jvm/java-6-openjdk-amd64/jre/lib/amd64/libfontmanager.so
7f322ee74000-7f322ee75000 rw-p 0003b000 08:03 25171238                   /usr/lib/jvm/java-6-openjdk-amd64/jre/lib/amd64/libfontmanager.so
7f322ee75000-7f322ee7a000 r-xp 00000000 08:03 25041400                   /usr/lib/x86_64-linux-gnu/libXdmcp.so.6.0.0
7f322ee7a000-7f322f079000 ---p 00005000 08:03 25041400                   /usr/lib/x86_64-linux-gnu/libXdmcp.so.6.0.0
7f322f079000-7f322f07a000 r--p 00004000 08:03 25041400                   /usr/lib/x86_64-linux-gnu/libXdmcp.so.6.0.0
7f322f07a000-7f322f07b000 rw-p 00005000 08:03 25041400                   /usr/lib/x86_64-linux-gnu/libXdmcp.so.6.0.0
7f322f07b000-7f322f07d000 r-xp 00000000 08:03 25041387                   /usr/lib/x86_64-linux-gnu/libXau.so.6.0.0
7f322f07d000-7f322f27c000 ---p 00002000 08:03 25041387                   /usr/lib/x86_64-linux-gnu/libXau.so.6.0.0
7f322f27c000-7f322f27d000 r--p 00001000 08:03 25041387                   /usr/lib/x86_64-linux-gnu/libXau.so.6.0.0
7f322f27d000-7f322f27e000 rw-p 00002000 08:03 25041387                   /usr/lib/x86_64-linux-gnu/libXau.so.6.0.0
7f322f27e000-7f322f29b000 r-xp 00000000 08:03 25039823                   /usr/lib/x86_64-linux-gnu/libxcb.so.1.1.0
7f322f29b000-7f322f49a000 ---p 0001d000 08:03 25039823                   /usr/lib/x86_64-linux-gnu/libxcb.so.1.1.0
7f322f49a000-7f322f49b000 r--p 0001c000 08:03 25039823                   /usr/lib/x86_64-linux-gnu/libxcb.so.1.1.0
7f322f49b000-7f322f49c000 rw-p 0001d000 08:03 25039823                   /usr/lib/x86_64-linux-gnu/libxcb.so.1.1.0
7f322f49c000-7f322f4aa000 r-xp 00000000 08:03 25041408                   /usr/lib/x86_64-linux-gnu/libXi.so.6.1.0
7f322f4aa000-7f322f6a9000 ---p 0000e000 08:03 25041408                   /usr/lib/x86_64-linux-gnu/libXi.so.6.1.0
7f322f6a9000-7f322f6aa000 r--p 0000d000 08:03 25041408                   /usr/lib/x86_64-linux-gnu/libXi.so.6.1.0
7f322f6aa000-7f322f6ab000 rw-p 0000e000 08:03 25041408                   /usr/lib/x86_64-linux-gnu/libXi.so.6.1.0
7f322f6ab000-7f322f6b0000 r-xp 00000000 08:03 25041428                   /usr/lib/x86_64-linux-gnu/libXtst.so.6.1.0
7f322f6b0000-7f322f8af000 ---p 00005000 08:03 25041428                   /usr/lib/x86_64-linux-gnu/libXtst.so.6.1.0
7f322f8af000-7f322f8b0000 r--p 00004000 08:03 25041428                   /usr/lib/x86_64-linux-gnu/libXtst.so.6.1.0
7f322f8b0000-7f322f8b1000 rw-p 00005000 08:03 25041428                   /usr/lib/x86_64-linux-gnu/libXtst.so.6.1.0
7f322f8b1000-7f322f8ba000 r-xp 00000000 08:03 25041422                   /usr/lib/x86_64-linux-gnu/libXrender.so.1.3.0
7f322f8ba000-7f322fab9000 ---p 00009000 08:03 25041422                   /usr/lib/x86_64-linux-gnu/libXrender.so.1.3.0
7f322fab9000-7f322faba000 r--p 00008000 08:03 25041422                   /usr/lib/x86_64-linux-gnu/libXrender.so.1.3.0
7f322faba000-7f322fabb000 rw-p 00009000 08:03 25041422                   /usr/lib/x86_64-linux-gnu/libXrender.so.1.3.0
7f322fabb000-7f322fbea000 r-xp 00000000 08:03 25041383                   /usr/lib/x86_64-linux-gnu/libX11.so.6.3.0
7f322fbea000-7f322fdea000 ---p 0012f000 08:03 25041383                   /usr/lib/x86_64-linux-gnu/libX11.so.6.3.0
7f322fdea000-7f322fdeb000 r--p 0012f000 08:03 25041383                   /usr/lib/x86_64-linux-gnu/libX11.so.6.3.0
7f322fdeb000-7f322fdef000 rw-p 00130000 08:03 25041383                   /usr/lib/x86_64-linux-gnu/libX11.so.6.3.0
7f322fdef000-7f322fdff000 r-xp 00000000 08:03 25041402                   /usr/lib/x86_64-linux-gnu/libXext.so.6.4.0
7f322fdff000-7f322fffe000 ---p 00010000 08:03 25041402                   /usr/lib/x86_64-linux-gnu/libXext.so.6.4.0
7f322fffe000-7f322ffff000 r--p 0000f000 08:03 25041402                   /usr/lib/x86_64-linux-gnu/libXext.so.6.4.0
7f322ffff000-7f3230000000 rw-p 00010000 08:03 25041402                   /usr/lib/x86_64-linux-gnu/libXext.so.6.4.0
7f3230000000-7f3230021000 rw-p 00000000 00:00 0 
7f3230021000-7f3234000000 ---p 00000000 00:00 0 
7f3234026000-7f3234027000 rw-s 00005000 00:05 7667                       /dev/ati/card0
7f3234027000-7f3234067000 rw-s c0000000 00:05 7667                       /dev/ati/card0
7f3234067000-7f3234068000 r--s 00000000 08:03 1182521                    /var/cache/fontconfig/c05880de57d1f5e948fdfacc138775d9-le64.cache-3
7f3234068000-7f3234071000 r--s 00000000 08:03 1182270                    /var/cache/fontconfig/945677eb7aeaf62f1d50efc3fb3ec7d8-le64.cache-3
7f3234071000-7f3234073000 r--s 00000000 08:03 1182519                    /var/cache/fontconfig/99e8ed0e538f840c565b6ed5dad60d56-le64.cache-3
7f3234073000-7f323407b000 r--s 00000000 08:03 1182518                    /var/cache/fontconfig/a6d8cf8e4ec09cdbc8633c31745a07dd-le64.cache-3
7f323407b000-7f323407f000 r--s 00000000 08:03 1182517                    /var/cache/fontconfig/2cd17615ca594fa2959ae173292e504c-le64.cache-3
7f323407f000-7f3234080000 r--s 00000000 08:03 1182516                    /var/cache/fontconfig/e7071f4a29fa870f4323321c154eba04-le64.cache-3
7f3234080000-7f3234081000 r--s 00000000 08:03 1182515                    /var/cache/fontconfig/0d8c3b2ac0904cb8a57a757ad11a4a08-le64.cache-3
7f3234081000-7f3234087000 r--s 00000000 08:03 1182514                    /var/cache/fontconfig/a755afe4a08bf5b97852ceb7400b47bc-le64.cache-3
7f3234087000-7f3234090000 r--s 00000000 08:03 1182513                    /var/cache/fontconfig/6d41288fd70b0be22e8c3a91e032eec0-le64.cache-3
7f3234090000-7f32340a0000 r--s 00000000 08:03 1182512                    /var/cache/fontconfig/04aabc0a78ac019cf9454389977116d2-le64.cache-3
7f32340a0000-7f32340a3000 r--s 00000000 08:03 1182511                    /var/cache/fontconfig/385c0604a188198f04d133e54aba7fe7-le64.cache-3
7f32340a3000-7f32340a4000 r--s 00000000 08:03 1182283                    /var/cache/fontconfig/4794a0821666d79190d59a36cb4f44b5-le64.cache-3
7f32340a4000-7f32340a7000 r--s 00000000 08:03 1182504                    /var/cache/fontconfig/8801497958630a81b71ace7c5f9b32a8-le64.cache-3
7f32340a7000-7f32340d5000 r--s 00000000 08:03 1182502                    /var/cache/fontconfig/365b55f210c0a22e9a19e35191240f32-le64.cache-3
7f32340d5000-7f32340da000 r--s 00000000 08:03 1182501                    /var/cache/fontconfig/3047814df9a2f067bd2d96a2b9c36e5a-le64.cache-3
7f32340da000-7f32340db000 r--s 00000000 08:03 1182500                    /var/cache/fontconfig/56cf4f4769d0f4abc89a4895d7bd3ae1-le64.cache-3
7f32340db000-7f32340dc000 r--s 00000000 08:03 1182499                    /var/cache/fontconfig/b9d506c9ac06c20b433354fa67a72993-le64.cache-3
7f32340dc000-7f32340e1000 r--s 00000000 08:03 1182498                    /var/cache/fontconfig/b47c4e1ecd0709278f4910c18777a504-le64.cache-3
7f32340e1000-7f32340e9000 r--s 00000000 08:03 1182497                    /var/cache/fontconfig/52f7bdb7ce746bfd7eaa1985bd9cfa93-le64.cache-3
7f32340e9000-7f32340f9000 r--s 00000000 08:03 1182494                    /var/cache/fontconfig/d52a8644073d54c13679302ca1180695-le64.cache-3
7f32340f9000-7f32340ff000 r--s 00000000 08:03 1182492                    /var/cache/fontconfig/3f7329c5293ffd510edef78f73874cfd-le64.cache-3
7f32340ff000-7f3234112000 r--s 00000000 08:03 1182537                    /var/cache/fontconfig/e13b20fdb08344e0e664864cc2ede53d-le64.cache-3
7f3234112000-7f3234116000 r--s 00000000 08:03 1182246                    /var/cache/fontconfig/7ef2298fde41cc6eeb7af42e48b7d293-le64.cache-3
7f3234116000-7f3234117000 r--s 00000000 08:03 18367183                   /home/kostja/.fontconfig/593ca46410035f7230c6819f4390f21e-le64.cache-3
7f3234117000-7f3234118000 r--s 00000000 08:03 1182521                    /var/cache/fontconfig/c05880de57d1f5e948fdfacc138775d9-le64.cache-3
7f3234118000-7f3234121000 r--s 00000000 08:03 1182270                    /var/cache/fontconfig/945677eb7aeaf62f1d50efc3fb3ec7d8-le64.cache-3
7f3234121000-7f3234123000 r--s 00000000 08:03 1182519                    /var/cache/fontconfig/99e8ed0e538f840c565b6ed5dad60d56-le64.cache-3
7f3234123000-7f323412b000 r--s 00000000 08:03 1182518                    /var/cache/fontconfig/a6d8cf8e4ec09cdbc8633c31745a07dd-le64.cache-3
7f323412b000-7f323412f000 r--s 00000000 08:03 1182517                    /var/cache/fontconfig/2cd17615ca594fa2959ae173292e504c-le64.cache-3
7f323412f000-7f3234130000 r--s 00000000 08:03 1182516                    /var/cache/fontconfig/e7071f4a29fa870f4323321c154eba04-le64.cache-3
7f3234130000-7f3234131000 r--s 00000000 08:03 1182515                    /var/cache/fontconfig/0d8c3b2ac0904cb8a57a757ad11a4a08-le64.cache-3
7f3234131000-7f3234137000 r--s 00000000 08:03 1182514                    /var/cache/fontconfig/a755afe4a08bf5b97852ceb7400b47bc-le64.cache-3
7f3234137000-7f3234140000 r--s 00000000 08:03 1182513                    /var/cache/fontconfig/6d41288fd70b0be22e8c3a91e032eec0-le64.cache-3
7f3234140000-7f3234150000 r--s 00000000 08:03 1182512                    /var/cache/fontconfig/04aabc0a78ac019cf9454389977116d2-le64.cache-3
7f3234150000-7f3234153000 r--s 00000000 08:03 1182511                    /var/cache/fontconfig/385c0604a188198f04d133e54aba7fe7-le64.cache-3
7f3234153000-7f3234154000 r--s 00000000 08:03 1182283                    /var/cache/fontconfig/4794a0821666d79190d59a36cb4f44b5-le64.cache-3
7f3234154000-7f3234157000 r--s 00000000 08:03 1182504                    /var/cache/fontconfig/8801497958630a81b71ace7c5f9b32a8-le64.cache-3
7f3234157000-7f3234185000 r--s 00000000 08:03 1182502                    /var/cache/fontconfig/365b55f210c0a22e9a19e35191240f32-le64.cache-3
7f3234185000-7f32341d0000 r-xp 00000000 08:03 25170499                   /usr/lib/jvm/java-6-openjdk-amd64/jre/lib/amd64/xawt/libmawt.so
7f32341d0000-7f32343d0000 ---p 0004b000 08:03 25170499                   /usr/lib/jvm/java-6-openjdk-amd64/jre/lib/amd64/xawt/libmawt.so
7f32343d0000-7f32343d1000 r--p 0004b000 08:03 25170499                   /usr/lib/jvm/java-6-openjdk-amd64/jre/lib/amd64/xawt/libmawt.so
7f32343d1000-7f32343d4000 rw-p 0004c000 08:03 25170499                   /usr/lib/jvm/java-6-openjdk-amd64/jre/lib/amd64/xawt/libmawt.so
7f32343d4000-7f32343d5000 rw-p 00000000 00:00 0 
7f32343d5000-7f3234481000 r-xp 00000000 08:03 25171740                   /usr/lib/jvm/java-6-openjdk-amd64/jre/lib/amd64/libawt.so
7f3234481000-7f3234681000 ---p 000ac000 08:03 25171740                   /usr/lib/jvm/java-6-openjdk-amd64/jre/lib/amd64/libawt.so
7f3234681000-7f3234682000 r--p 000ac000 08:03 25171740                   /usr/lib/jvm/java-6-openjdk-amd64/jre/lib/amd64/libawt.so
7f3234682000-7f323468d000 rw-p 000ad000 08:03 25171740                   /usr/lib/jvm/java-6-openjdk-amd64/jre/lib/amd64/libawt.so
7f323468d000-7f32346b2000 rw-p 00000000 00:00 0 
7f32346b2000-7f323471a000 r-xp 00000000 08:03 2098709                    /tmp/libgdxkostja/1506174322/libgdx64.so
7f323471a000-7f3234919000 ---p 00068000 08:03 2098709                    /tmp/libgdxkostja/1506174322/libgdx64.so
7f3234919000-7f323491b000 r--p 00067000 08:03 2098709                    /tmp/libgdxkostja/1506174322/libgdx64.so
7f323491b000-7f323491c000 rw-p 00069000 08:03 2098709                    /tmp/libgdxkostja/1506174322/libgdx64.so
7f323491c000-7f323491d000 rw-p 00000000 00:00 0 
7f323491d000-7f3235000000 r--p 00000000 08:03 25169431                   /usr/lib/locale/locale-archive
7f3235000000-7f3235270000 rwxp 00000000 00:00 0 
7f3235270000-7f323830b000 rw-p 00000000 00:00 0 
7f323830b000-7f323c000000 ---p 00000000 00:00 0 
7f323c010000-7f323c012000 rw-s 00002000 00:05 7667                       /dev/ati/card0
7f323c012000-7f323c019000 r--s 00000000 08:03 25585393                   /usr/lib/x86_64-linux-gnu/gconv/gconv-modules.cache
7f323c019000-7f323c01e000 r--s 00000000 08:03 1182501                    /var/cache/fontconfig/3047814df9a2f067bd2d96a2b9c36e5a-le64.cache-3
7f323c01e000-7f323c01f000 r--s 00000000 08:03 1182500                    /var/cache/fontconfig/56cf4f4769d0f4abc89a4895d7bd3ae1-le64.cache-3
7f323c01f000-7f323c020000 r--s 00000000 08:03 1182499                    /var/cache/fontconfig/b9d506c9ac06c20b433354fa67a72993-le64.cache-3
7f323c020000-7f323c025000 r--s 00000000 08:03 1182498                    /var/cache/fontconfig/b47c4e1ecd0709278f4910c18777a504-le64.cache-3
7f323c025000-7f323c02d000 r--s 00000000 08:03 1182497                    /var/cache/fontconfig/52f7bdb7ce746bfd7eaa1985bd9cfa93-le64.cache-3
7f323c02d000-7f323c03d000 r--s 00000000 08:03 1182494                    /var/cache/fontconfig/d52a8644073d54c13679302ca1180695-le64.cache-3
7f323c03d000-7f323c043000 r--s 00000000 08:03 1182492                    /var/cache/fontconfig/3f7329c5293ffd510edef78f73874cfd-le64.cache-3
7f323c043000-7f323c056000 r--s 00000000 08:03 1182537                    /var/cache/fontconfig/e13b20fdb08344e0e664864cc2ede53d-le64.cache-3
7f323c056000-7f323c059000 ---p 00000000 00:00 0 
7f323c059000-7f323c157000 rw-p 00000000 00:00 0 
7f323c157000-7f323c15d000 r--s 000fc000 08:03 25170619                   /usr/lib/jvm/java-6-openjdk-common/jre/lib/resources.jar
7f323c15d000-7f323c171000 r--s 0014d000 08:03 22446598                   /home/kostja/Code/Java/Workspaces/libgdx/gdxinit-desktop/libs/gdx-backend-lwjgl.jar
7f323c171000-7f323c172000 ---p 00000000 00:00 0 
7f323c172000-7f323c272000 rw-p 00000000 00:00 0 
7f323c272000-7f323c275000 ---p 00000000 00:00 0 
7f323c275000-7f323c373000 rw-p 00000000 00:00 0 
7f323c373000-7f323c376000 ---p 00000000 00:00 0 
7f323c376000-7f323c474000 rw-p 00000000 00:00 0 
7f323c474000-7f323c477000 ---p 00000000 00:00 0 
7f323c477000-7f323c575000 rw-p 00000000 00:00 0 
7f323c575000-7f323c578000 ---p 00000000 00:00 0 
7f323c578000-7f323c676000 rw-p 00000000 00:00 0 
7f323c676000-7f323c679000 ---p 00000000 00:00 0 
7f323c679000-7f323c777000 rw-p 00000000 00:00 0 
7f323c777000-7f323c77a000 ---p 00000000 00:00 0 
7f323c77a000-7f323c878000 rw-p 00000000 00:00 0 
7f323c878000-7f323c879000 ---p 00000000 00:00 0 
7f323c879000-7f323d2b5000 rw-p 00000000 00:00 0 
7f323d2b5000-7f323d447000 r--s 037d5000 08:03 25169355                   /usr/lib/jvm/java-6-openjdk-amd64/jre/lib/rt.jar
7f323d447000-7f323d46f000 rw-p 00000000 00:00 0 
7f323d46f000-7f323d470000 ---p 00000000 00:00 0 
7f323d470000-7f323d570000 rw-p 00000000 00:00 0 
7f323d570000-7f323d571000 ---p 00000000 00:00 0 
7f323d571000-7f323d671000 rw-p 00000000 00:00 0 
7f323d671000-7f323d672000 ---p 00000000 00:00 0 
7f323d672000-7f323d772000 rw-p 00000000 00:00 0 
7f323d772000-7f323d773000 ---p 00000000 00:00 0 
7f323d773000-7f323d873000 rw-p 00000000 00:00 0 
7f323d873000-7f323d874000 ---p 00000000 00:00 0 
7f323d874000-7f323d974000 rw-p 00000000 00:00 0 
7f323d974000-7f323d975000 ---p 00000000 00:00 0 
7f323d975000-7f323da75000 rw-p 00000000 00:00 0 
7f323da75000-7f323da76000 ---p 00000000 00:00 0 
7f323da76000-7f323db76000 rw-p 00000000 00:00 0 
7f323db76000-7f323db77000 ---p 00000000 00:00 0 
7f323db77000-7f323dc82000 rw-p 00000000 00:00 0 
7f323dc82000-7f323dcca000 rw-p 00000000 00:00 0 
7f323dcca000-7f323dcf4000 rw-p 00000000 00:00 0 
7f323dcf4000-7f323df5c000 rw-p 00000000 00:00 0 
7f323df5c000-7f323df67000 rw-p 00000000 00:00 0 
7f323df67000-7f323dfaf000 rw-p 00000000 00:00 0 
7f323dfaf000-7f323dfd9000 rw-p 00000000 00:00 0 
7f323dfd9000-7f323e241000 rw-p 00000000 00:00 0 
7f323e241000-7f323e256000 rw-p 00000000 00:00 0 
7f323e256000-7f323e38a000 rw-p 00000000 00:00 0 
7f323e38a000-7f323e38b000 rw-p 00000000 00:00 0 
7f323e38b000-7f323e392000 r-xp 00000000 08:03 25171785                   /usr/lib/jvm/java-6-openjdk-amd64/jre/lib/amd64/libzip.so
7f323e392000-7f323e591000 ---p 00007000 08:03 25171785                   /usr/lib/jvm/java-6-openjdk-amd64/jre/lib/amd64/libzip.so
7f323e591000-7f323e592000 r--p 00006000 08:03 25171785                   /usr/lib/jvm/java-6-openjdk-amd64/jre/lib/amd64/libzip.so
7f323e592000-7f323e593000 rw-p 00007000 08:03 25171785                   /usr/lib/jvm/java-6-openjdk-amd64/jre/lib/amd64/libzip.so
7f323e593000-7f323e59f000 r-xp 00000000 08:03 24907364                   /lib/x86_64-linux-gnu/libnss_files-2.15.so
7f323e59f000-7f323e79e000 ---p 0000c000 08:03 24907364                   /lib/x86_64-linux-gnu/libnss_files-2.15.so
7f323e79e000-7f323e79f000 r--p 0000b000 08:03 24907364                   /lib/x86_64-linux-gnu/libnss_files-2.15.so
7f323e79f000-7f323e7a0000 rw-p 0000c000 08:03 24907364                   /lib/x86_64-linux-gnu/libnss_files-2.15.so
7f323e7a0000-7f323e7aa000 r-xp 00000000 08:03 24907293                   /lib/x86_64-linux-gnu/libnss_nis-2.15.so
7f323e7aa000-7f323e9aa000 ---p 0000a000 08:03 24907293                   /lib/x86_64-linux-gnu/libnss_nis-2.15.so
7f323e9aa000-7f323e9ab000 r--p 0000a000 08:03 24907293                   /lib/x86_64-linux-gnu/libnss_nis-2.15.so
7f323e9ab000-7f323e9ac000 rw-p 0000b000 08:03 24907293                   /lib/x86_64-linux-gnu/libnss_nis-2.15.so
7f323e9ac000-7f323e9c3000 r-xp 00000000 08:03 24907373                   /lib/x86_64-linux-gnu/libnsl-2.15.so
7f323e9c3000-7f323ebc2000 ---p 00017000 08:03 24907373                   /lib/x86_64-linux-gnu/libnsl-2.15.so
7f323ebc2000-7f323ebc3000 r--p 00016000 08:03 24907373                   /lib/x86_64-linux-gnu/libnsl-2.15.so
7f323ebc3000-7f323ebc4000 rw-p 00017000 08:03 24907373                   /lib/x86_64-linux-gnu/libnsl-2.15.so
7f323ebc4000-7f323ebc6000 rw-p 00000000 00:00 0 
7f323ebc6000-7f323ebce000 r-xp 00000000 08:03 24907365                   /lib/x86_64-linux-gnu/libnss_compat-2.15.so
7f323ebce000-7f323edcd000 ---p 00008000 08:03 24907365                   /lib/x86_64-linux-gnu/libnss_compat-2.15.so
7f323edcd000-7f323edce000 r--p 00007000 08:03 24907365                   /lib/x86_64-linux-gnu/libnss_compat-2.15.so
7f323edce000-7f323edcf000 rw-p 00008000 08:03 24907365                   /lib/x86_64-linux-gnu/libnss_compat-2.15.so
7f323edcf000-7f323edfb000 r-xp 00000000 08:03 25171243                   /usr/lib/jvm/java-6-openjdk-amd64/jre/lib/amd64/libjava.so
7f323edfb000-7f323effa000 ---p 0002c000 08:03 25171243                   /usr/lib/jvm/java-6-openjdk-amd64/jre/lib/amd64/libjava.so
7f323effa000-7f323effb000 r--p 0002b000 08:03 25171243                   /usr/lib/jvm/java-6-openjdk-amd64/jre/lib/amd64/libjava.so
7f323effb000-7f323effe000 rw-p 0002c000 08:03 25171243                   /usr/lib/jvm/java-6-openjdk-amd64/jre/lib/amd64/libjava.so
7f323effe000-7f323f00c000 r-xp 00000000 08:03 25171240                   /usr/lib/jvm/java-6-openjdk-amd64/jre/lib/amd64/libverify.so
7f323f00c000-7f323f20b000 ---p 0000e000 08:03 25171240                   /usr/lib/jvm/java-6-openjdk-amd64/jre/lib/amd64/libverify.so
7f323f20b000-7f323f20d000 r--p 0000d000 08:03 25171240                   /usr/lib/jvm/java-6-openjdk-amd64/jre/lib/amd64/libverify.so
7f323f20d000-7f323f20e000 rw-p 0000f000 08:03 25171240                   /usr/lib/jvm/java-6-openjdk-amd64/jre/lib/amd64/libverify.so
7f323f20e000-7f323f215000 r-xp 00000000 08:03 24907255                   /lib/x86_64-linux-gnu/librt-2.15.so
7f323f215000-7f323f414000 ---p 00007000 08:03 24907255                   /lib/x86_64-linux-gnu/librt-2.15.so
7f323f414000-7f323f415000 r--p 00006000 08:03 24907255                   /lib/x86_64-linux-gnu/librt-2.15.so
7f323f415000-7f323f416000 rw-p 00007000 08:03 24907255                   /lib/x86_64-linux-gnu/librt-2.15.so
7f323f416000-7f323f42b000 r-xp 00000000 08:03 24907272                   /lib/x86_64-linux-gnu/libgcc_s.so.1
7f323f42b000-7f323f62a000 ---p 00015000 08:03 24907272                   /lib/x86_64-linux-gnu/libgcc_s.so.1
7f323f62a000-7f323f62b000 r--p 00014000 08:03 24907272                   /lib/x86_64-linux-gnu/libgcc_s.so.1
7f323f62b000-7f323f62c000 rw-p 00015000 08:03 24907272                   /lib/x86_64-linux-gnu/libgcc_s.so.1
7f323f62c000-7f323f727000 r-xp 00000000 08:03 24907295                   /lib/x86_64-linux-gnu/libm-2.15.so
7f323f727000-7f323f926000 ---p 000fb000 08:03 24907295                   /lib/x86_64-linux-gnu/libm-2.15.so
7f323f926000-7f323f927000 r--p 000fa000 08:03 24907295                   /lib/x86_64-linux-gnu/libm-2.15.so
7f323f927000-7f323f928000 rw-p 000fb000 08:03 24907295                   /lib/x86_64-linux-gnu/libm-2.15.so
7f323f928000-7f323fa0a000 r-xp 00000000 08:03 25041973                   /usr/lib/x86_64-linux-gnu/libstdc++.so.6.0.16
7f323fa0a000-7f323fc09000 ---p 000e2000 08:03 25041973                   /usr/lib/x86_64-linux-gnu/libstdc++.so.6.0.16
7f323fc09000-7f323fc11000 r--p 000e1000 08:03 25041973                   /usr/lib/x86_64-linux-gnu/libstdc++.so.6.0.16
7f323fc11000-7f323fc13000 rw-p 000e9000 08:03 25041973                   /usr/lib/x86_64-linux-gnu/libstdc++.so.6.0.16
7f323fc13000-7f323fc28000 rw-p 00000000 00:00 0 
7f323fc28000-7f324052d000 r-xp 00000000 08:03 25171748                   /usr/lib/jvm/java-6-openjdk-amd64/jre/lib/amd64/server/libjvm.so
7f324052d000-7f324072d000 ---p 00905000 08:03 25171748                   /usr/lib/jvm/java-6-openjdk-amd64/jre/lib/amd64/server/libjvm.so
7f324072d000-7f32407ad000 r--p 00905000 08:03 25171748                   /usr/lib/jvm/java-6-openjdk-amd64/jre/lib/amd64/server/libjvm.so
7f32407ad000-7f32407c8000 rw-p 00985000 08:03 25171748                   /usr/lib/jvm/java-6-openjdk-amd64/jre/lib/amd64/server/libjvm.so
7f32407c8000-7f32407f1000 rw-p 00000000 00:00 0 
7f32407f1000-7f3240807000 r-xp 00000000 08:03 24907362                   /lib/x86_64-linux-gnu/libz.so.1.2.3.4
7f3240807000-7f3240a06000 ---p 00016000 08:03 24907362                   /lib/x86_64-linux-gnu/libz.so.1.2.3.4
7f3240a06000-7f3240a07000 r--p 00015000 08:03 24907362                   /lib/x86_64-linux-gnu/libz.so.1.2.3.4
7f3240a07000-7f3240a08000 rw-p 00016000 08:03 24907362                   /lib/x86_64-linux-gnu/libz.so.1.2.3.4
7f3240a08000-7f3240bbd000 r-xp 00000000 08:03 24903751                   /lib/x86_64-linux-gnu/libc-2.15.so
7f3240bbd000-7f3240dbc000 ---p 001b5000 08:03 24903751                   /lib/x86_64-linux-gnu/libc-2.15.so
7f3240dbc000-7f3240dc0000 r--p 001b4000 08:03 24903751                   /lib/x86_64-linux-gnu/libc-2.15.so
7f3240dc0000-7f3240dc2000 rw-p 001b8000 08:03 24903751                   /lib/x86_64-linux-gnu/libc-2.15.so
7f3240dc2000-7f3240dc7000 rw-p 00000000 00:00 0 
7f3240dc7000-7f3240dc9000 r-xp 00000000 08:03 24903722                   /lib/x86_64-linux-gnu/libdl-2.15.so
7f3240dc9000-7f3240fc9000 ---p 00002000 08:03 24903722                   /lib/x86_64-linux-gnu/libdl-2.15.so
7f3240fc9000-7f3240fca000 r--p 00002000 08:03 24903722                   /lib/x86_64-linux-gnu/libdl-2.15.so
7f3240fca000-7f3240fcb000 rw-p 00003000 08:03 24903722                   /lib/x86_64-linux-gnu/libdl-2.15.so
7f3240fcb000-7f3240fcf000 r-xp 00000000 08:03 25170627                   /usr/lib/jvm/java-6-openjdk-amd64/jre/lib/amd64/jli/libjli.so
7f3240fcf000-7f32411ce000 ---p 00004000 08:03 25170627                   /usr/lib/jvm/java-6-openjdk-amd64/jre/lib/amd64/jli/libjli.so
7f32411ce000-7f32411cf000 r--p 00003000 08:03 25170627                   /usr/lib/jvm/java-6-openjdk-amd64/jre/lib/amd64/jli/libjli.so
7f32411cf000-7f32411d0000 rw-p 00004000 08:03 25170627                   /usr/lib/jvm/java-6-openjdk-amd64/jre/lib/amd64/jli/libjli.so
7f32411d0000-7f32411e8000 r-xp 00000000 08:03 24904581                   /lib/x86_64-linux-gnu/libpthread-2.15.so
7f32411e8000-7f32413e7000 ---p 00018000 08:03 24904581                   /lib/x86_64-linux-gnu/libpthread-2.15.so
7f32413e7000-7f32413e8000 r--p 00017000 08:03 24904581                   /lib/x86_64-linux-gnu/libpthread-2.15.so
7f32413e8000-7f32413e9000 rw-p 00018000 08:03 24904581                   /lib/x86_64-linux-gnu/libpthread-2.15.so
7f32413e9000-7f32413ed000 rw-p 00000000 00:00 0 
7f32413ed000-7f324140f000 r-xp 00000000 08:03 24907368                   /lib/x86_64-linux-gnu/ld-2.15.so
7f3241412000-7f3241424000 r--s 0010a000 08:03 22446590                   /home/kostja/Code/Java/Workspaces/libgdx/gdxinit/libs/gdx.jar
7f3241424000-7f324142e000 rw-p 00000000 00:00 0 
7f324142e000-7f32414e4000 rw-p 00000000 00:00 0 
7f32414e4000-7f32414e7000 ---p 00000000 00:00 0 
7f32414e7000-7f32415ea000 rw-p 00000000 00:00 0 
7f32415ea000-7f32415ee000 r--s 00000000 08:03 1182246                    /var/cache/fontconfig/7ef2298fde41cc6eeb7af42e48b7d293-le64.cache-3
7f32415ee000-7f32415ef000 r--s 00000000 08:03 18367183                   /home/kostja/.fontconfig/593ca46410035f7230c6819f4390f21e-le64.cache-3
7f32415ef000-7f32415f0000 r--s 0011b000 08:03 22446595                   /home/kostja/Code/Java/Workspaces/libgdx/gdxinit-desktop/libs/gdx-natives.jar
7f32415f0000-7f32415f1000 r--s 00162000 08:03 22446597                   /home/kostja/Code/Java/Workspaces/libgdx/gdxinit-desktop/libs/gdx-backend-lwjgl-natives.jar
7f32415f1000-7f32415f4000 r--s 0007f000 08:03 25170558                   /usr/lib/jvm/java-6-openjdk-common/jre/lib/jsse.jar
7f32415f4000-7f32415f8000 r--s 00039000 08:03 25170614                   /usr/lib/jvm/java-6-openjdk-common/jre/lib/ext/sunpkcs11.jar
7f32415f8000-7f32415fa000 r--s 00001000 08:03 25170616                   /usr/lib/jvm/java-6-openjdk-common/jre/lib/ext/dnsns.jar
7f32415fa000-7f32415fb000 r--s 00007000 08:03 25562636                   /usr/share/java/java-atk-wrapper.jar
7f32415fb000-7f32415fd000 r--s 0000f000 08:03 25170611                   /usr/lib/jvm/java-6-openjdk-common/jre/lib/ext/pulse-java.jar
7f32415fd000-7f3241600000 r--s 00031000 08:03 25170608                   /usr/lib/jvm/java-6-openjdk-common/jre/lib/ext/sunjce_provider.jar
7f3241600000-7f3241603000 r--s 00077000 08:03 25170618                   /usr/lib/jvm/java-6-openjdk-common/jre/lib/ext/localedata.jar
7f3241603000-7f324160b000 rw-s 00000000 08:03 2097184                    /tmp/hsperfdata_kostja/15211 (deleted)
7f324160b000-7f324160c000 rw-p 00000000 00:00 0 
7f324160c000-7f324160d000 ---p 00000000 00:00 0 
7f324160d000-7f324160f000 rw-p 00000000 00:00 0 
7f324160f000-7f3241610000 r--p 00022000 08:03 24907368                   /lib/x86_64-linux-gnu/ld-2.15.so
7f3241610000-7f3241612000 rw-p 00023000 08:03 24907368                   /lib/x86_64-linux-gnu/ld-2.15.so
7fffff948000-7fffff969000 rw-p 00000000 00:00 0                          [stack]
7fffff9ff000-7fffffa00000 r-xp 00000000 00:00 0                          [vdso]
ffffffffff600000-ffffffffff601000 r-xp 00000000 00:00 0                  [vsyscall]

VM Arguments:
jvm_args: -Dfile.encoding=UTF-8 
java_command: info.silin.gdxinit.Main
Launcher Type: SUN_STANDARD

Environment Variables:
JAVA_HOME=/usr/lib/jvm/java-6-openjdk
PATH=/home/kostja/Code/android/android-sdk-linux/tools:/home/kostja/Code/android/android-sdk-linux/platform-tools:/home/kostja/Code/Java/Tools/apache-maven-3.0.3/bin:/home/kostja/bin:/usr/local/sbin:/usr/local/bin:/usr/sbin:/usr/bin:/sbin:/bin:/usr/games
USERNAME=kostja
LD_LIBRARY_PATH=/usr/lib/jvm/java-6-openjdk-amd64/jre/lib/amd64/server:/usr/lib/jvm/java-6-openjdk-amd64/jre/lib/amd64:/usr/lib/jvm/java-6-openjdk-amd64/jre/../lib/amd64
SHELL=/bin/bash
DISPLAY=:0.0

Signal Handlers:
SIGSEGV: [libjvm.so+0x785360], sa_mask[0]=0x7ffbfeff, sa_flags=0x10000004
SIGBUS: [libjvm.so+0x785360], sa_mask[0]=0x7ffbfeff, sa_flags=0x10000004
SIGFPE: [libjvm.so+0x648dc0], sa_mask[0]=0x7ffbfeff, sa_flags=0x10000004
SIGPIPE: [libjvm.so+0x648dc0], sa_mask[0]=0x7ffbfeff, sa_flags=0x10000004
SIGXFSZ: [libjvm.so+0x648dc0], sa_mask[0]=0x7ffbfeff, sa_flags=0x10000004
SIGILL: [libjvm.so+0x648dc0], sa_mask[0]=0x7ffbfeff, sa_flags=0x10000004
SIGUSR1: SIG_DFL, sa_mask[0]=0x00000000, sa_flags=0x00000000
SIGUSR2: [libjvm.so+0x648f70], sa_mask[0]=0x00000004, sa_flags=0x10000004
SIGHUP: [libjvm.so+0x64ba90], sa_mask[0]=0x7ffbfeff, sa_flags=0x10000004
SIGINT: [libjvm.so+0x64ba90], sa_mask[0]=0x7ffbfeff, sa_flags=0x10000004
SIGTERM: [libjvm.so+0x64ba90], sa_mask[0]=0x7ffbfeff, sa_flags=0x10000004
SIGQUIT: [libjvm.so+0x64ba90], sa_mask[0]=0x7ffbfeff, sa_flags=0x10000004


---------------  S Y S T E M  ---------------

OS:LinuxMint 13 (maya)
uname:Linux 3.2.0-23-generic #36-Ubuntu SMP Tue Apr 10 20:39:51 UTC 2012 x86_64
libc:glibc 2.15 NPTL 2.15 
rlimit: STACK 8192k, CORE 0k, NPROC 62975, NOFILE 4096, AS infinity
load average:1.10 1.04 1.10

/proc/meminfo:
MemTotal:        8078412 kB
MemFree:          584720 kB
Buffers:         1057660 kB
Cached:          2318020 kB
SwapCached:          952 kB
Active:          3439248 kB
Inactive:        2120236 kB
Active(anon):    1810440 kB
Inactive(anon):   416444 kB
Active(file):    1628808 kB
Inactive(file):  1703792 kB
Unevictable:           0 kB
Mlocked:               0 kB
SwapTotal:       4312060 kB
SwapFree:        4307724 kB
Dirty:              1756 kB
Writeback:             0 kB
AnonPages:       2183360 kB
Mapped:          1321732 kB
Shmem:             42788 kB
Slab:             498656 kB
SReclaimable:     447048 kB
SUnreclaim:        51608 kB
KernelStack:        4504 kB
PageTables:        32368 kB
NFS_Unstable:          0 kB
Bounce:                0 kB
WritebackTmp:          0 kB
CommitLimit:     8351264 kB
Committed_AS:    5159096 kB
VmallocTotal:   34359738367 kB
VmallocUsed:      591488 kB
VmallocChunk:   34359144284 kB
HardwareCorrupted:     0 kB
AnonHugePages:         0 kB
HugePages_Total:       0
HugePages_Free:        0
HugePages_Rsvd:        0
HugePages_Surp:        0
Hugepagesize:       2048 kB
DirectMap4k:      157696 kB
DirectMap2M:     8138752 kB


CPU:total 8 (4 cores per cpu, 2 threads per core) family 6 model 58 stepping 9, cmov, cx8, fxsr, mmx, sse, sse2, sse3, ssse3, sse4.1, sse4.2, popcnt, ht

Memory: 4k page, physical 8078412k(584720k free), swap 4312060k(4307724k free)

vm_info: OpenJDK 64-Bit Server VM (20.0-b12) for linux-amd64 JRE (1.6.0_27-b27), built on Mar  5 2013 00:27:30 by "buildd" with gcc 4.6.3

time: Mon Apr 29 10:46:19 2013
elapsed time: 0 seconds

